#
# There is insufficient memory for the Java Runtime Environment to continue.
# Native memory allocation (mmap) failed to map 5242880 bytes for G1 virtual space
# Possible reasons:
#   The system is out of physical RAM or swap space
#   The process is running with CompressedOops enabled, and the Java Heap may be blocking the growth of the native heap
# Possible solutions:
#   Reduce memory load on the system
#   Increase physical memory or swap space
#   Check if swap backing store is full
#   Decrease Java heap size (-Xmx/-Xms)
#   Decrease number of Java threads
#   Decrease Java thread stack sizes (-Xss)
#   Set larger code cache with -XX:ReservedCodeCacheSize=
#   JVM is running with Unscaled Compressed Oops mode in which the Java heap is
#     placed in the first 4GB address space. The Java Heap base address is the
#     maximum limit for the native heap growth. Please use -XX:HeapBaseMinAddress
#     to set the Java Heap base and to place the Java Heap above 4GB virtual address.
# This output file may be truncated or incomplete.
#
#  Out of Memory Error (os_windows.cpp:3603), pid=19332, tid=16452
#
# JRE version: Java(TM) SE Runtime Environment (21.0.6+8) (build 21.0.6+8-LTS-188)
# Java VM: Java HotSpot(TM) 64-Bit Server VM (21.0.6+8-LTS-188, mixed mode, emulated-client, sharing, tiered, compressed oops, compressed class ptrs, g1 gc, windows-amd64)
# No core dump will be written. Minidumps are not enabled by default on client versions of Windows
#

---------------  S U M M A R Y ------------

Command Line: -XX:TieredStopAtLevel=1 -Dspring.output.ansi.enabled=always -Dcom.sun.management.jmxremote -Dspring.jmx.enabled=true -Dspring.liveBeansView.mbeanDomain -Dspring.application.admin.enabled=true -Dmanagement.endpoints.jmx.exposure.include=* -javaagent:C:\Program Files\JetBrains\IntelliJ IDEA 2024.3.2.2\lib\idea_rt.jar=14744:C:\Program Files\JetBrains\IntelliJ IDEA 2024.3.2.2\bin -Dfile.encoding=UTF-8 -Dsun.stdout.encoding=UTF-8 -Dsun.stderr.encoding=UTF-8 za.ac.cput.Main

Host: Intel(R) Celeron(R) N4020 CPU @ 1.10GHz, 2 cores, 3G,  Windows 11 , 64 bit Build 26100 (10.0.26100.4768)
Time: Sun Oct 19 19:23:31 2025 South Africa Standard Time elapsed time: 112.045345 seconds (0d 0h 1m 52s)

---------------  T H R E A D  ---------------

Current thread (0x0000023ab530c600):  VMThread "VM Thread"          [id=16452, stack(0x0000005175800000,0x0000005175900000) (1024K)]

Stack: [0x0000005175800000,0x0000005175900000]
Native frames: (J=compiled Java code, j=interpreted, Vv=VM code, C=native code)
V  [jvm.dll+0x6ca6d9]
V  [jvm.dll+0x854f51]
V  [jvm.dll+0x85747e]
V  [jvm.dll+0x857b53]
V  [jvm.dll+0x27dcc6]
V  [jvm.dll+0x6c6e55]
V  [jvm.dll+0x6bb9da]
V  [jvm.dll+0x35393a]
V  [jvm.dll+0x35b596]
V  [jvm.dll+0x3adefe]
V  [jvm.dll+0x3ae1a8]
V  [jvm.dll+0x327cbc]
V  [jvm.dll+0x32a516]
V  [jvm.dll+0x3344c8]
V  [jvm.dll+0x36a795]
V  [jvm.dll+0x85d920]
V  [jvm.dll+0x85eca4]
V  [jvm.dll+0x85f1e0]
V  [jvm.dll+0x85f483]
V  [jvm.dll+0x7ff2fb]
V  [jvm.dll+0x6c8dbd]
C  [ucrtbase.dll+0x37b0]
C  [KERNEL32.DLL+0x2e8d7]
C  [ntdll.dll+0x3c34c]

VM_Operation (0x00000051753ff7e0): G1PauseRemark, mode: safepoint, requested by thread 0x0000023ab529a3f0


---------------  P R O C E S S  ---------------

Threads class SMR info:
_java_thread_list=0x0000023b0d378ae0, length=35, elements={
0x0000023ac57e5b10, 0x0000023ac57e70d0, 0x0000023ac57e91c0, 0x0000023ac57ec620,
0x0000023ac57ed420, 0x0000023ac57f4570, 0x0000023ac57fa0c0, 0x0000023ac59fd0b0,
0x0000023b0b0d5530, 0x0000023b0b0e3fb0, 0x0000023b0b259130, 0x0000023b0b266610,
0x0000023b0b2c1780, 0x0000023b0b2c1de0, 0x0000023b0c4887f0, 0x0000023b0c486720,
0x0000023b0c486090, 0x0000023b0c486db0, 0x0000023b0c487440, 0x0000023b0c488e80,
0x0000023b0c487ad0, 0x0000023b0c489510, 0x0000023b0b661ad0, 0x0000023b0b660db0,
0x0000023b0b661440, 0x0000023b0b662160, 0x0000023b0b6627f0, 0x0000023b0b662e80,
0x0000023b0b663510, 0x0000023b0b663ba0, 0x0000023b0b660720, 0x0000023b0e1617f0,
0x0000023b0e160440, 0x0000023b0e160ad0, 0x0000023b0e161160
}

Java Threads: ( => current thread )
  0x0000023ac57e5b10 JavaThread "Reference Handler"          daemon [_thread_blocked, id=18536, stack(0x0000005175900000,0x0000005175a00000) (1024K)]
  0x0000023ac57e70d0 JavaThread "Finalizer"                  daemon [_thread_blocked, id=18544, stack(0x0000005175a00000,0x0000005175b00000) (1024K)]
  0x0000023ac57e91c0 JavaThread "Signal Dispatcher"          daemon [_thread_blocked, id=16936, stack(0x0000005175b00000,0x0000005175c00000) (1024K)]
  0x0000023ac57ec620 JavaThread "Attach Listener"            daemon [_thread_blocked, id=3940, stack(0x0000005175c00000,0x0000005175d00000) (1024K)]
  0x0000023ac57ed420 JavaThread "Service Thread"             daemon [_thread_blocked, id=18860, stack(0x0000005175d00000,0x0000005175e00000) (1024K)]
  0x0000023ac57f4570 JavaThread "Monitor Deflation Thread"   daemon [_thread_blocked, id=19232, stack(0x0000005175e00000,0x0000005175f00000) (1024K)]
  0x0000023ac57fa0c0 JavaThread "C1 CompilerThread0"         daemon [_thread_blocked, id=2556, stack(0x0000005175f00000,0x0000005176000000) (1024K)]
  0x0000023ac59fd0b0 JavaThread "Common-Cleaner"             daemon [_thread_blocked, id=1804, stack(0x0000005176000000,0x0000005176100000) (1024K)]
  0x0000023b0b0d5530 JavaThread "Monitor Ctrl-Break"         daemon [_thread_in_native, id=17956, stack(0x0000005176400000,0x0000005176500000) (1024K)]
  0x0000023b0b0e3fb0 JavaThread "Notification Thread"        daemon [_thread_blocked, id=10692, stack(0x0000005176500000,0x0000005176600000) (1024K)]
  0x0000023b0b259130 JavaThread "RMI TCP Accept-0"           daemon [_thread_in_native, id=15024, stack(0x0000005176300000,0x0000005176400000) (1024K)]
  0x0000023b0b266610 JavaThread "RMI TCP Connection(idle)"   daemon [_thread_blocked, id=18592, stack(0x0000005176600000,0x0000005176700000) (1024K)]
  0x0000023b0b2c1780 JavaThread "RMI Scheduler(0)"           daemon [_thread_blocked, id=19124, stack(0x0000005176700000,0x0000005176800000) (1024K)]
  0x0000023b0b2c1de0 JavaThread "JMX server connection timeout 25" daemon [_thread_blocked, id=4408, stack(0x0000005176800000,0x0000005176900000) (1024K)]
  0x0000023b0c4887f0 JavaThread "RMI TCP Connection(idle)"   daemon [_thread_blocked, id=13536, stack(0x0000005176900000,0x0000005176a00000) (1024K)]
  0x0000023b0c486720 JavaThread "Catalina-utility-1"                [_thread_blocked, id=14968, stack(0x0000005176a00000,0x0000005176b00000) (1024K)]
  0x0000023b0c486090 JavaThread "Catalina-utility-2"                [_thread_blocked, id=19116, stack(0x0000005176b00000,0x0000005176c00000) (1024K)]
  0x0000023b0c486db0 JavaThread "container-0"                       [_thread_blocked, id=10716, stack(0x0000005176c00000,0x0000005176d00000) (1024K)]
  0x0000023b0c487440 JavaThread "mysql-cj-abandoned-connection-cleanup" daemon [_thread_blocked, id=14328, stack(0x0000005176d00000,0x0000005176e00000) (1024K)]
  0x0000023b0c488e80 JavaThread "HikariPool-1 housekeeper"   daemon [_thread_blocked, id=13092, stack(0x0000005176e00000,0x0000005176f00000) (1024K)]
  0x0000023b0c487ad0 JavaThread "http-nio-8080-exec-1"       daemon [_thread_blocked, id=16348, stack(0x0000005176f00000,0x0000005177000000) (1024K)]
  0x0000023b0c489510 JavaThread "http-nio-8080-exec-2"       daemon [_thread_blocked, id=11680, stack(0x0000005177000000,0x0000005177100000) (1024K)]
  0x0000023b0b661ad0 JavaThread "http-nio-8080-exec-3"       daemon [_thread_blocked, id=15684, stack(0x0000005177100000,0x0000005177200000) (1024K)]
  0x0000023b0b660db0 JavaThread "http-nio-8080-exec-4"       daemon [_thread_blocked, id=14444, stack(0x0000005177200000,0x0000005177300000) (1024K)]
  0x0000023b0b661440 JavaThread "http-nio-8080-exec-5"       daemon [_thread_blocked, id=20180, stack(0x0000005177500000,0x0000005177600000) (1024K)]
  0x0000023b0b662160 JavaThread "http-nio-8080-exec-6"       daemon [_thread_blocked, id=19408, stack(0x0000005177600000,0x0000005177700000) (1024K)]
  0x0000023b0b6627f0 JavaThread "http-nio-8080-exec-7"       daemon [_thread_blocked, id=1028, stack(0x0000005177700000,0x0000005177800000) (1024K)]
  0x0000023b0b662e80 JavaThread "http-nio-8080-exec-8"       daemon [_thread_blocked, id=16224, stack(0x0000005177800000,0x0000005177900000) (1024K)]
  0x0000023b0b663510 JavaThread "http-nio-8080-exec-9"       daemon [_thread_blocked, id=12764, stack(0x0000005177900000,0x0000005177a00000) (1024K)]
  0x0000023b0b663ba0 JavaThread "http-nio-8080-exec-10"      daemon [_thread_blocked, id=19724, stack(0x0000005177a00000,0x0000005177b00000) (1024K)]
  0x0000023b0b660720 JavaThread "http-nio-8080-Poller"       daemon [_thread_in_native, id=3392, stack(0x0000005177b00000,0x0000005177c00000) (1024K)]
  0x0000023b0e1617f0 JavaThread "http-nio-8080-Acceptor"     daemon [_thread_in_native, id=9400, stack(0x0000005177c00000,0x0000005177d00000) (1024K)]
  0x0000023b0e160440 JavaThread "DestroyJavaVM"                     [_thread_blocked, id=19948, stack(0x0000005175100000,0x0000005175200000) (1024K)]
  0x0000023b0e160ad0 JavaThread "RMI TCP Connection(idle)"   daemon [_thread_blocked, id=18920, stack(0x0000005177d00000,0x0000005177e00000) (1024K)]
  0x0000023b0e161160 JavaThread "RMI TCP Connection(4)-10.103.205.142" daemon [_thread_blocked, id=18480, stack(0x0000005177f00000,0x0000005178000000) (1024K)]
Total: 35

Other Threads:
=>0x0000023ab530c600 VMThread "VM Thread"                           [id=16452, stack(0x0000005175800000,0x0000005175900000) (1024K)]
  0x0000023ab52fa750 WatcherThread "VM Periodic Task Thread"        [id=1928, stack(0x0000005175700000,0x0000005175800000) (1024K)]
  0x0000023ab5291a80 WorkerThread "GC Thread#0"                     [id=16624, stack(0x0000005175200000,0x0000005175300000) (1024K)]
  0x0000023ac5d7f7a0 WorkerThread "GC Thread#1"                     [id=3796, stack(0x0000005176200000,0x0000005176300000) (1024K)]
  0x0000023ab529a3f0 ConcurrentGCThread "G1 Main Marker"            [id=6692, stack(0x0000005175300000,0x0000005175400000) (1024K)]
  0x0000023ab529bc80 WorkerThread "G1 Conc#0"                       [id=7108, stack(0x0000005175400000,0x0000005175500000) (1024K)]
  0x0000023ab52e5390 ConcurrentGCThread "G1 Refine#0"               [id=18668, stack(0x0000005175500000,0x0000005175600000) (1024K)]
  0x0000023ab52e6c90 ConcurrentGCThread "G1 Service"                [id=17432, stack(0x0000005175600000,0x0000005175700000) (1024K)]
Total: 8

Threads with active compile tasks:
Total: 0

VM state: at safepoint (normal execution)

VM Mutex/Monitor currently owned by a thread:  ([mutex/lock_event])
[0x00007ff8d12dde98] Threads_lock - owner thread: 0x0000023ab530c600
[0x00007ff8d12ddf98] Heap_lock - owner thread: 0x0000023ab529a3f0

Heap address: 0x00000000c2c00000, size: 980 MB, Compressed Oops mode: 32-bit

CDS archive(s) mapped at: [0x0000023ac6000000-0x0000023ac6c90000-0x0000023ac6c90000), size 13172736, SharedBaseAddress: 0x0000023ac6000000, ArchiveRelocationMode: 1.
Compressed class space mapped at: 0x0000023ac7000000-0x0000023b07000000, reserved size: 1073741824
Narrow klass base: 0x0000023ac6000000, Narrow klass shift: 0, Narrow klass range: 0x100000000

GC Precious Log:
 CardTable entry size: 512
 Card Set container configuration: InlinePtr #cards 5 size 8 Array Of Cards #cards 12 size 40 Howl #buckets 4 coarsen threshold 1843 Howl Bitmap #cards 512 size 80 coarsen threshold 460 Card regions per heap region 1 cards per card region 2048
 CPUs: 2 total, 2 available
 Memory: 3918M
 Large Page Support: Disabled
 NUMA Support: Disabled
 Compressed Oops: Enabled (32-bit)
 Heap Region Size: 1M
 Heap Min Capacity: 8M
 Heap Initial Capacity: 62M
 Heap Max Capacity: 980M
 Pre-touch: Disabled
 Parallel Workers: 2
 Concurrent Workers: 1
 Concurrent Refinement Workers: 2
 Periodic GC: Disabled

Heap:
 garbage-first heap   total 68608K, used 42557K [0x00000000c2c00000, 0x0000000100000000)
  region size 1024K, 4 young (4096K), 3 survivors (3072K)
 Metaspace       used 76359K, committed 77504K, reserved 1179648K
  class space    used 10714K, committed 11200K, reserved 1048576K

Heap Regions: E=young(eden), S=young(survivor), O=old, HS=humongous(starts), HC=humongous(continues), CS=collection set, F=free, TAMS=top-at-mark-start, PB=parsable bottom
|   0|0x00000000c2c00000, 0x00000000c2d00000, 0x00000000c2d00000|100%|HS|  |TAMS 0x00000000c2d00000| PB 0x00000000c2c00000| Complete 
|   1|0x00000000c2d00000, 0x00000000c2e00000, 0x00000000c2e00000|100%| O|  |TAMS 0x00000000c2e00000| PB 0x00000000c2e00000| Untracked 
|   2|0x00000000c2e00000, 0x00000000c2f00000, 0x00000000c2f00000|100%| O|  |TAMS 0x00000000c2f00000| PB 0x00000000c2f00000| Untracked 
|   3|0x00000000c2f00000, 0x00000000c3000000, 0x00000000c3000000|100%| O|  |TAMS 0x00000000c3000000| PB 0x00000000c3000000| Untracked 
|   4|0x00000000c3000000, 0x00000000c3100000, 0x00000000c3100000|100%| O|  |TAMS 0x00000000c3100000| PB 0x00000000c3100000| Untracked 
|   5|0x00000000c3100000, 0x00000000c3200000, 0x00000000c3200000|100%| O|  |TAMS 0x00000000c3200000| PB 0x00000000c3200000| Updating 
|   6|0x00000000c3200000, 0x00000000c3300000, 0x00000000c3300000|100%| O|  |TAMS 0x00000000c3300000| PB 0x00000000c3300000| Untracked 
|   7|0x00000000c3300000, 0x00000000c3400000, 0x00000000c3400000|100%| O|  |TAMS 0x00000000c3400000| PB 0x00000000c3400000| Updating 
|   8|0x00000000c3400000, 0x00000000c3500000, 0x00000000c3500000|100%| O|  |TAMS 0x00000000c3500000| PB 0x00000000c3500000| Updating 
|   9|0x00000000c3500000, 0x00000000c3600000, 0x00000000c3600000|100%| O|  |TAMS 0x00000000c3600000| PB 0x00000000c3600000| Untracked 
|  10|0x00000000c3600000, 0x00000000c3700000, 0x00000000c3700000|100%| O|  |TAMS 0x00000000c3700000| PB 0x00000000c3700000| Updating 
|  11|0x00000000c3700000, 0x00000000c3800000, 0x00000000c3800000|100%| O|  |TAMS 0x00000000c3800000| PB 0x00000000c3800000| Updating 
|  12|0x00000000c3800000, 0x00000000c3900000, 0x00000000c3900000|100%| O|  |TAMS 0x00000000c3900000| PB 0x00000000c3900000| Updating 
|  13|0x00000000c3900000, 0x00000000c3900000, 0x00000000c3a00000|  0%| F|  |TAMS 0x00000000c3900000| PB 0x00000000c3900000| Untracked 
|  14|0x00000000c3a00000, 0x00000000c3b00000, 0x00000000c3b00000|100%| O|  |TAMS 0x00000000c3b00000| PB 0x00000000c3b00000| Untracked 
|  15|0x00000000c3b00000, 0x00000000c3c00000, 0x00000000c3c00000|100%| O|  |TAMS 0x00000000c3c00000| PB 0x00000000c3c00000| Updating 
|  16|0x00000000c3c00000, 0x00000000c3d00000, 0x00000000c3d00000|100%| O|  |TAMS 0x00000000c3d00000| PB 0x00000000c3d00000| Updating 
|  17|0x00000000c3d00000, 0x00000000c3e00000, 0x00000000c3e00000|100%| O|  |TAMS 0x00000000c3e00000| PB 0x00000000c3e00000| Updating 
|  18|0x00000000c3e00000, 0x00000000c3f00000, 0x00000000c3f00000|100%| O|  |TAMS 0x00000000c3f00000| PB 0x00000000c3f00000| Updating 
|  19|0x00000000c3f00000, 0x00000000c4000000, 0x00000000c4000000|100%| O|  |TAMS 0x00000000c4000000| PB 0x00000000c4000000| Updating 
|  20|0x00000000c4000000, 0x00000000c4100000, 0x00000000c4100000|100%| O|  |TAMS 0x00000000c4100000| PB 0x00000000c4100000| Untracked 
|  21|0x00000000c4100000, 0x00000000c4200000, 0x00000000c4200000|100%| O|  |TAMS 0x00000000c4200000| PB 0x00000000c4200000| Updating 
|  22|0x00000000c4200000, 0x00000000c4300000, 0x00000000c4300000|100%| O|  |TAMS 0x00000000c4300000| PB 0x00000000c4300000| Updating 
|  23|0x00000000c4300000, 0x00000000c4400000, 0x00000000c4400000|100%| O|  |TAMS 0x00000000c4400000| PB 0x00000000c4400000| Updating 
|  24|0x00000000c4400000, 0x00000000c4500000, 0x00000000c4500000|100%| O|  |TAMS 0x00000000c4500000| PB 0x00000000c4500000| Untracked 
|  25|0x00000000c4500000, 0x00000000c4600000, 0x00000000c4600000|100%| O|  |TAMS 0x00000000c4600000| PB 0x00000000c4600000| Untracked 
|  26|0x00000000c4600000, 0x00000000c4600000, 0x00000000c4700000|  0%| F|  |TAMS 0x00000000c4600000| PB 0x00000000c4600000| Untracked 
|  27|0x00000000c4700000, 0x00000000c4800000, 0x00000000c4800000|100%| O|  |TAMS 0x00000000c4800000| PB 0x00000000c4800000| Updating 
|  28|0x00000000c4800000, 0x00000000c4900000, 0x00000000c4900000|100%| O|  |TAMS 0x00000000c4900000| PB 0x00000000c4900000| Untracked 
|  29|0x00000000c4900000, 0x00000000c4a00000, 0x00000000c4a00000|100%| O|  |TAMS 0x00000000c4a00000| PB 0x00000000c4a00000| Untracked 
|  30|0x00000000c4a00000, 0x00000000c4b00000, 0x00000000c4b00000|100%| O|  |TAMS 0x00000000c4b00000| PB 0x00000000c4b00000| Updating 
|  31|0x00000000c4b00000, 0x00000000c4c00000, 0x00000000c4c00000|100%| O|  |TAMS 0x00000000c4c00000| PB 0x00000000c4c00000| Untracked 
|  32|0x00000000c4c00000, 0x00000000c4d00000, 0x00000000c4d00000|100%| O|  |TAMS 0x00000000c4d00000| PB 0x00000000c4d00000| Updating 
|  33|0x00000000c4d00000, 0x00000000c4e00000, 0x00000000c4e00000|100%| O|  |TAMS 0x00000000c4e00000| PB 0x00000000c4e00000| Updating 
|  34|0x00000000c4e00000, 0x00000000c4f00000, 0x00000000c4f00000|100%| O|  |TAMS 0x00000000c4f00000| PB 0x00000000c4f00000| Updating 
|  35|0x00000000c4f00000, 0x00000000c5000000, 0x00000000c5000000|100%| O|  |TAMS 0x00000000c5000000| PB 0x00000000c5000000| Updating 
|  36|0x00000000c5000000, 0x00000000c5100000, 0x00000000c5100000|100%| O|  |TAMS 0x00000000c5100000| PB 0x00000000c5100000| Updating 
|  37|0x00000000c5100000, 0x00000000c5200000, 0x00000000c5200000|100%| O|  |TAMS 0x00000000c5200000| PB 0x00000000c5200000| Untracked 
|  38|0x00000000c5200000, 0x00000000c5300000, 0x00000000c5300000|100%| O|  |TAMS 0x00000000c5300000| PB 0x00000000c5300000| Updating 
|  39|0x00000000c5300000, 0x00000000c5400000, 0x00000000c5400000|100%| O|  |TAMS 0x00000000c5400000| PB 0x00000000c5400000| Updating 
|  40|0x00000000c5400000, 0x00000000c5500000, 0x00000000c5500000|100%| O|  |TAMS 0x00000000c5500000| PB 0x00000000c5500000| Updating 
|  41|0x00000000c5500000, 0x00000000c5500000, 0x00000000c5600000|  0%| F|  |TAMS 0x00000000c5500000| PB 0x00000000c5500000| Untracked 
|  42|0x00000000c5600000, 0x00000000c5600000, 0x00000000c5700000|  0%| F|  |TAMS 0x00000000c5600000| PB 0x00000000c5600000| Untracked 
|  43|0x00000000c5700000, 0x00000000c5700000, 0x00000000c5800000|  0%| F|  |TAMS 0x00000000c5700000| PB 0x00000000c5700000| Untracked 
|  44|0x00000000c5800000, 0x00000000c588f5a0, 0x00000000c5900000| 55%| S|CS|TAMS 0x00000000c5800000| PB 0x00000000c5800000| Complete 
|  45|0x00000000c5900000, 0x00000000c5a00000, 0x00000000c5a00000|100%| S|CS|TAMS 0x00000000c5900000| PB 0x00000000c5900000| Complete 
|  46|0x00000000c5a00000, 0x00000000c5b00000, 0x00000000c5b00000|100%| S|CS|TAMS 0x00000000c5a00000| PB 0x00000000c5a00000| Complete 
|  47|0x00000000c5b00000, 0x00000000c5b00000, 0x00000000c5c00000|  0%| F|  |TAMS 0x00000000c5b00000| PB 0x00000000c5b00000| Untracked 
|  48|0x00000000c5c00000, 0x00000000c5c00000, 0x00000000c5d00000|  0%| F|  |TAMS 0x00000000c5c00000| PB 0x00000000c5c00000| Untracked 
|  49|0x00000000c5d00000, 0x00000000c5d00000, 0x00000000c5e00000|  0%| F|  |TAMS 0x00000000c5d00000| PB 0x00000000c5d00000| Untracked 
|  50|0x00000000c5e00000, 0x00000000c5e00000, 0x00000000c5f00000|  0%| F|  |TAMS 0x00000000c5e00000| PB 0x00000000c5e00000| Untracked 
|  51|0x00000000c5f00000, 0x00000000c5f00000, 0x00000000c6000000|  0%| F|  |TAMS 0x00000000c5f00000| PB 0x00000000c5f00000| Untracked 
|  52|0x00000000c6000000, 0x00000000c6000000, 0x00000000c6100000|  0%| F|  |TAMS 0x00000000c6000000| PB 0x00000000c6000000| Untracked 
|  53|0x00000000c6100000, 0x00000000c6100000, 0x00000000c6200000|  0%| F|  |TAMS 0x00000000c6100000| PB 0x00000000c6100000| Untracked 
|  54|0x00000000c6200000, 0x00000000c6200000, 0x00000000c6300000|  0%| F|  |TAMS 0x00000000c6200000| PB 0x00000000c6200000| Untracked 
|  55|0x00000000c6300000, 0x00000000c6300000, 0x00000000c6400000|  0%| F|  |TAMS 0x00000000c6300000| PB 0x00000000c6300000| Untracked 
|  56|0x00000000c6400000, 0x00000000c6400000, 0x00000000c6500000|  0%| F|  |TAMS 0x00000000c6400000| PB 0x00000000c6400000| Untracked 
|  57|0x00000000c6500000, 0x00000000c6500000, 0x00000000c6600000|  0%| F|  |TAMS 0x00000000c6500000| PB 0x00000000c6500000| Untracked 
|  58|0x00000000c6600000, 0x00000000c6600000, 0x00000000c6700000|  0%| F|  |TAMS 0x00000000c6600000| PB 0x00000000c6600000| Untracked 
|  59|0x00000000c6700000, 0x00000000c6700000, 0x00000000c6800000|  0%| F|  |TAMS 0x00000000c6700000| PB 0x00000000c6700000| Untracked 
|  60|0x00000000c6800000, 0x00000000c6800000, 0x00000000c6900000|  0%| F|  |TAMS 0x00000000c6800000| PB 0x00000000c6800000| Untracked 
|  61|0x00000000c6900000, 0x00000000c6900000, 0x00000000c6a00000|  0%| F|  |TAMS 0x00000000c6900000| PB 0x00000000c6900000| Untracked 
|  62|0x00000000c6a00000, 0x00000000c6a00000, 0x00000000c6b00000|  0%| F|  |TAMS 0x00000000c6a00000| PB 0x00000000c6a00000| Untracked 
|  63|0x00000000c6b00000, 0x00000000c6b00000, 0x00000000c6c00000|  0%| F|  |TAMS 0x00000000c6b00000| PB 0x00000000c6b00000| Untracked 
|  64|0x00000000c6c00000, 0x00000000c6c00000, 0x00000000c6d00000|  0%| F|  |TAMS 0x00000000c6c00000| PB 0x00000000c6c00000| Untracked 
|  65|0x00000000c6d00000, 0x00000000c6d00000, 0x00000000c6e00000|  0%| F|  |TAMS 0x00000000c6d00000| PB 0x00000000c6d00000| Untracked 
|  66|0x00000000c6e00000, 0x00000000c6e225c0, 0x00000000c6f00000| 13%| E|  |TAMS 0x00000000c6e00000| PB 0x00000000c6e00000| Complete 

Card table byte_map: [0x0000023ac2320000,0x0000023ac2510000] _byte_map_base: 0x0000023ac1d0a000

Marking Bits: (CMBitMap*) 0x0000023ab5292090
 Bits: [0x0000023ac2510000, 0x0000023ac3460000)

Polling page: 0x0000023ab5100000

Metaspace:

Usage:
  Non-class:     64.11 MB used.
      Class:     10.46 MB used.
       Both:     74.57 MB used.

Virtual space:
  Non-class space:      128.00 MB reserved,      64.75 MB ( 51%) committed,  2 nodes.
      Class space:        1.00 GB reserved,      10.94 MB (  1%) committed,  1 nodes.
             Both:        1.12 GB reserved,      75.69 MB (  7%) committed. 

Chunk freelists:
   Non-Class:  15.16 MB
       Class:  5.23 MB
        Both:  20.39 MB

MaxMetaspaceSize: unlimited
CompressedClassSpaceSize: 1.00 GB
Initial GC threshold: 21.00 MB
Current GC threshold: 115.12 MB
CDS: on
 - commit_granule_bytes: 65536.
 - commit_granule_words: 8192.
 - virtual_space_node_default_size: 8388608.
 - enlarge_chunks_in_place: 1.
 - use_allocation_guard: 0.


Internal statistics:

num_allocs_failed_limit: 9.
num_arena_births: 1496.
num_arena_deaths: 504.
num_vsnodes_births: 3.
num_vsnodes_deaths: 0.
num_space_committed: 1211.
num_space_uncommitted: 0.
num_chunks_returned_to_freelist: 595.
num_chunks_taken_from_freelist: 4405.
num_chunk_merges: 147.
num_chunk_splits: 2994.
num_chunks_enlarged: 2216.
num_inconsistent_stats: 0.

CodeCache: size=49152Kb used=12286Kb max_used=14970Kb free=36865Kb
 bounds [0x0000023abeeb0000, 0x0000023abfd50000, 0x0000023ac1eb0000]
 total_blobs=7257 nmethods=6495 adapters=683
 compilation: enabled
              stopped_count=0, restarted_count=0
 full_count=0

Compilation events (20 events):
Event: 110.852 Thread 0x0000023ac57fa0c0 8959       1       com.sun.crypto.provider.GaloisCounterMode$GCMDecrypt::checkDataLength (53 bytes)
Event: 110.853 Thread 0x0000023ac57fa0c0 nmethod 8959 0x0000023abfd08490 code [0x0000023abfd08660, 0x0000023abfd088d8]
Event: 110.853 Thread 0x0000023ac57fa0c0 8958       1       com.sun.crypto.provider.GaloisCounterMode$DecryptOp::doFinal (33 bytes)
Event: 110.853 Thread 0x0000023ac57fa0c0 nmethod 8958 0x0000023abfd08010 code [0x0000023abfd081e0, 0x0000023abfd083a0]
Event: 110.890 Thread 0x0000023ac57fa0c0 8960       1       org.hibernate.sql.ast.tree.expression.ColumnReference::<init> (41 bytes)
Event: 110.891 Thread 0x0000023ac57fa0c0 nmethod 8960 0x0000023abfd07a10 code [0x0000023abfd07c20, 0x0000023abfd07e78]
Event: 110.891 Thread 0x0000023ac57fa0c0 8961       1       org.hibernate.engine.spi.LoadQueryInfluencers::hasEnabledFetchProfiles (23 bytes)
Event: 110.892 Thread 0x0000023ac57fa0c0 nmethod 8961 0x0000023abfd07690 code [0x0000023abfd07820, 0x0000023abfd07930]
Event: 110.894 Thread 0x0000023ac57fa0c0 8962       1       org.hibernate.internal.SessionFactoryImpl::getTypeConfiguration (15 bytes)
Event: 110.895 Thread 0x0000023ac57fa0c0 nmethod 8962 0x0000023abfd07190 code [0x0000023abfd07340, 0x0000023abfd074d0]
Event: 110.898 Thread 0x0000023ac57fa0c0 8963       1       org.hibernate.sql.ast.tree.from.ColumnReferenceQualifier::resolveTableReference (67 bytes)
Event: 110.899 Thread 0x0000023ac57fa0c0 nmethod 8963 0x0000023abfd06510 code [0x0000023abfd06740, 0x0000023abfd06e38]
Event: 110.899 Thread 0x0000023ac57fa0c0 8964       1       org.hibernate.sql.ast.tree.from.ColumnReferenceQualifier::getTableReference (11 bytes)
Event: 110.899 Thread 0x0000023ac57fa0c0 nmethod 8964 0x0000023abfd06190 code [0x0000023abfd06340, 0x0000023abfd06438]
Event: 110.900 Thread 0x0000023ac57fa0c0 8965       1       org.hibernate.sql.results.graph.FetchParent::generateFetchableFetch (16 bytes)
Event: 110.900 Thread 0x0000023ac57fa0c0 nmethod 8965 0x0000023abfd05e10 code [0x0000023abfd05fc0, 0x0000023abfd060c0]
Event: 110.921 Thread 0x0000023ac57fa0c0 8966       1       org.jboss.logging.DelegatingBasicLogger::isDebugEnabled (8 bytes)
Event: 110.922 Thread 0x0000023ac57fa0c0 nmethod 8966 0x0000023abfd05a90 code [0x0000023abfd05c40, 0x0000023abfd05d40]
Event: 110.923 Thread 0x0000023ac57fa0c0 8967       1       org.jboss.logging.DelegatingBasicLogger::tracef (17 bytes)
Event: 110.924 Thread 0x0000023ac57fa0c0 nmethod 8967 0x0000023abfd05410 code [0x0000023abfd055e0, 0x0000023abfd058d8]

GC Heap History (20 events):
Event: 17.098 GC heap before
{Heap before GC invocations=17 (full 0):
 garbage-first heap   total 66560K, used 43662K [0x00000000c2c00000, 0x0000000100000000)
  region size 1024K, 17 young (17408K), 2 survivors (2048K)
 Metaspace       used 59469K, committed 60096K, reserved 1114112K
  class space    used 8200K, committed 8512K, reserved 1048576K
}
Event: 17.104 GC heap after
{Heap after GC invocations=18 (full 0):
 garbage-first heap   total 66560K, used 29462K [0x00000000c2c00000, 0x0000000100000000)
  region size 1024K, 2 young (2048K), 2 survivors (2048K)
 Metaspace       used 59469K, committed 60096K, reserved 1114112K
  class space    used 8200K, committed 8512K, reserved 1048576K
}
Event: 19.229 GC heap before
{Heap before GC invocations=19 (full 0):
 garbage-first heap   total 66560K, used 59158K [0x00000000c2c00000, 0x0000000100000000)
  region size 1024K, 31 young (31744K), 2 survivors (2048K)
 Metaspace       used 63551K, committed 64320K, reserved 1114112K
  class space    used 8834K, committed 9152K, reserved 1048576K
}
Event: 19.240 GC heap after
{Heap after GC invocations=20 (full 0):
 garbage-first heap   total 66560K, used 31519K [0x00000000c2c00000, 0x0000000100000000)
  region size 1024K, 4 young (4096K), 4 survivors (4096K)
 Metaspace       used 63551K, committed 64320K, reserved 1114112K
  class space    used 8834K, committed 9152K, reserved 1048576K
}
Event: 21.859 GC heap before
{Heap before GC invocations=20 (full 0):
 garbage-first heap   total 66560K, used 57119K [0x00000000c2c00000, 0x0000000100000000)
  region size 1024K, 29 young (29696K), 4 survivors (4096K)
 Metaspace       used 66659K, committed 67392K, reserved 1114112K
  class space    used 9270K, committed 9600K, reserved 1048576K
}
Event: 21.879 GC heap after
{Heap after GC invocations=21 (full 0):
 garbage-first heap   total 66560K, used 33240K [0x00000000c2c00000, 0x0000000100000000)
  region size 1024K, 3 young (3072K), 3 survivors (3072K)
 Metaspace       used 66659K, committed 67392K, reserved 1114112K
  class space    used 9270K, committed 9600K, reserved 1048576K
}
Event: 26.158 GC heap before
{Heap before GC invocations=21 (full 0):
 garbage-first heap   total 66560K, used 57816K [0x00000000c2c00000, 0x0000000100000000)
  region size 1024K, 27 young (27648K), 3 survivors (3072K)
 Metaspace       used 67162K, committed 67968K, reserved 1114112K
  class space    used 9324K, committed 9664K, reserved 1048576K
}
Event: 26.170 GC heap after
{Heap after GC invocations=22 (full 0):
 garbage-first heap   total 66560K, used 35000K [0x00000000c2c00000, 0x0000000100000000)
  region size 1024K, 4 young (4096K), 4 survivors (4096K)
 Metaspace       used 67162K, committed 67968K, reserved 1114112K
  class space    used 9324K, committed 9664K, reserved 1048576K
}
Event: 27.658 GC heap before
{Heap before GC invocations=23 (full 0):
 garbage-first heap   total 66560K, used 57528K [0x00000000c2c00000, 0x0000000100000000)
  region size 1024K, 26 young (26624K), 4 survivors (4096K)
 Metaspace       used 67970K, committed 68800K, reserved 1114112K
  class space    used 9460K, committed 9792K, reserved 1048576K
}
Event: 27.673 GC heap after
{Heap after GC invocations=24 (full 0):
 garbage-first heap   total 66560K, used 37013K [0x00000000c2c00000, 0x0000000100000000)
  region size 1024K, 4 young (4096K), 4 survivors (4096K)
 Metaspace       used 67970K, committed 68800K, reserved 1114112K
  class space    used 9460K, committed 9792K, reserved 1048576K
}
Event: 40.887 GC heap before
{Heap before GC invocations=24 (full 0):
 garbage-first heap   total 66560K, used 57493K [0x00000000c2c00000, 0x0000000100000000)
  region size 1024K, 24 young (24576K), 4 survivors (4096K)
 Metaspace       used 69019K, committed 69888K, reserved 1114112K
  class space    used 9614K, committed 9984K, reserved 1048576K
}
Event: 40.914 GC heap after
{Heap after GC invocations=25 (full 0):
 garbage-first heap   total 66560K, used 38261K [0x00000000c2c00000, 0x0000000100000000)
  region size 1024K, 2 young (2048K), 2 survivors (2048K)
 Metaspace       used 69019K, committed 69888K, reserved 1114112K
  class space    used 9614K, committed 9984K, reserved 1048576K
}
Event: 43.660 GC heap before
{Heap before GC invocations=25 (full 0):
 garbage-first heap   total 66560K, used 59765K [0x00000000c2c00000, 0x0000000100000000)
  region size 1024K, 23 young (23552K), 2 survivors (2048K)
 Metaspace       used 69903K, committed 70720K, reserved 1114112K
  class space    used 9769K, committed 10112K, reserved 1048576K
}
Event: 43.674 GC heap after
{Heap after GC invocations=26 (full 0):
 garbage-first heap   total 66560K, used 39316K [0x00000000c2c00000, 0x0000000100000000)
  region size 1024K, 3 young (3072K), 3 survivors (3072K)
 Metaspace       used 69903K, committed 70720K, reserved 1114112K
  class space    used 9769K, committed 10112K, reserved 1048576K
}
Event: 46.545 GC heap before
{Heap before GC invocations=27 (full 0):
 garbage-first heap   total 68608K, used 58772K [0x00000000c2c00000, 0x0000000100000000)
  region size 1024K, 22 young (22528K), 3 survivors (3072K)
 Metaspace       used 70284K, committed 70976K, reserved 1114112K
  class space    used 9814K, committed 10112K, reserved 1048576K
}
Event: 46.560 GC heap after
{Heap after GC invocations=28 (full 0):
 garbage-first heap   total 68608K, used 40934K [0x00000000c2c00000, 0x0000000100000000)
  region size 1024K, 3 young (3072K), 3 survivors (3072K)
 Metaspace       used 70284K, committed 70976K, reserved 1114112K
  class space    used 9814K, committed 10112K, reserved 1048576K
}
Event: 48.475 GC heap before
{Heap before GC invocations=28 (full 0):
 garbage-first heap   total 68608K, used 60390K [0x00000000c2c00000, 0x0000000100000000)
  region size 1024K, 23 young (23552K), 3 survivors (3072K)
 Metaspace       used 73482K, committed 74240K, reserved 1114112K
  class space    used 10308K, committed 10624K, reserved 1048576K
}
Event: 48.492 GC heap after
{Heap after GC invocations=29 (full 0):
 garbage-first heap   total 68608K, used 41303K [0x00000000c2c00000, 0x0000000100000000)
  region size 1024K, 2 young (2048K), 2 survivors (2048K)
 Metaspace       used 73482K, committed 74240K, reserved 1114112K
  class space    used 10308K, committed 10624K, reserved 1048576K
}
Event: 110.965 GC heap before
{Heap before GC invocations=29 (full 0):
 garbage-first heap   total 68608K, used 60759K [0x00000000c2c00000, 0x0000000100000000)
  region size 1024K, 22 young (22528K), 2 survivors (2048K)
 Metaspace       used 76610K, committed 77504K, reserved 1179648K
  class space    used 10773K, committed 11200K, reserved 1048576K
}
Event: 111.064 GC heap after
{Heap after GC invocations=30 (full 0):
 garbage-first heap   total 68608K, used 42557K [0x00000000c2c00000, 0x0000000100000000)
  region size 1024K, 3 young (3072K), 3 survivors (3072K)
 Metaspace       used 76610K, committed 77504K, reserved 1179648K
  class space    used 10773K, committed 11200K, reserved 1048576K
}

Dll operation events (13 events):
Event: 0.025 Loaded shared library C:\Program Files\Java\jdk-21\bin\java.dll
Event: 0.348 Loaded shared library C:\Program Files\Java\jdk-21\bin\zip.dll
Event: 0.356 Loaded shared library C:\Program Files\Java\jdk-21\bin\instrument.dll
Event: 0.385 Loaded shared library C:\Program Files\Java\jdk-21\bin\net.dll
Event: 0.393 Loaded shared library C:\Program Files\Java\jdk-21\bin\nio.dll
Event: 0.401 Loaded shared library C:\Program Files\Java\jdk-21\bin\zip.dll
Event: 0.437 Loaded shared library C:\Program Files\Java\jdk-21\bin\jimage.dll
Event: 0.705 Loaded shared library C:\Program Files\JetBrains\IntelliJ IDEA 2024.3.2.2\bin\breakgen64.dll
Event: 0.733 Loaded shared library C:\Program Files\Java\jdk-21\bin\extnet.dll
Event: 0.744 Loaded shared library C:\Program Files\Java\jdk-21\bin\management.dll
Event: 0.768 Loaded shared library C:\Program Files\Java\jdk-21\bin\management_ext.dll
Event: 3.979 Loaded shared library C:\Program Files\Java\jdk-21\bin\sunmscapi.dll
Event: 12.692 Loaded shared library C:\Program Files\Java\jdk-21\bin\verify.dll

Deoptimization events (10 events):
Event: 8.418 Thread 0x0000023ab514f9d0 DEOPT PACKING pc=0x0000023abf5dba0c sp=0x00000051751fd370
Event: 8.418 Thread 0x0000023ab514f9d0 DEOPT UNPACKING pc=0x0000023abef04e23 sp=0x00000051751fc828 mode 0
Event: 9.020 Thread 0x0000023ab514f9d0 DEOPT PACKING pc=0x0000023abf70c609 sp=0x00000051751fdeb0
Event: 9.020 Thread 0x0000023ab514f9d0 DEOPT UNPACKING pc=0x0000023abef04e23 sp=0x00000051751fd448 mode 0
Event: 19.510 Thread 0x0000023ab514f9d0 DEOPT PACKING pc=0x0000023abf40b29c sp=0x00000051751fc630
Event: 19.510 Thread 0x0000023ab514f9d0 DEOPT UNPACKING pc=0x0000023abef04e23 sp=0x00000051751fbb88 mode 0
Event: 27.568 Thread 0x0000023ab514f9d0 DEOPT PACKING pc=0x0000023abf3e5a59 sp=0x00000051751fe0e0
Event: 27.568 Thread 0x0000023ab514f9d0 DEOPT UNPACKING pc=0x0000023abef04e23 sp=0x00000051751fd5e8 mode 3
Event: 27.569 Thread 0x0000023ab514f9d0 DEOPT PACKING pc=0x0000023abf3df61a sp=0x00000051751fe0a0
Event: 27.569 Thread 0x0000023ab514f9d0 DEOPT UNPACKING pc=0x0000023abef04e23 sp=0x00000051751fd5e8 mode 3

Classes loaded (20 events):
Event: 108.523 Loading class sun/nio/cs/ThreadLocalCoders
Event: 108.524 Loading class sun/nio/cs/ThreadLocalCoders done
Event: 108.524 Loading class sun/nio/cs/ThreadLocalCoders$1
Event: 108.526 Loading class sun/nio/cs/ThreadLocalCoders$Cache
Event: 108.526 Loading class sun/nio/cs/ThreadLocalCoders$Cache done
Event: 108.526 Loading class sun/nio/cs/ThreadLocalCoders$1 done
Event: 108.526 Loading class sun/nio/cs/ThreadLocalCoders$2
Event: 108.526 Loading class sun/nio/cs/ThreadLocalCoders$2 done
Event: 108.939 Loading class java/util/concurrent/ArrayBlockingQueue
Event: 108.941 Loading class java/util/concurrent/ArrayBlockingQueue done
Event: 108.944 Loading class java/util/concurrent/ArrayBlockingQueue$Itr
Event: 108.945 Loading class java/util/concurrent/ArrayBlockingQueue$Itr done
Event: 109.279 Loading class java/util/ArrayList$SubList$2
Event: 109.280 Loading class java/util/ArrayList$SubList$2 done
Event: 109.297 Loading class java/util/concurrent/locks/ReentrantReadWriteLock$Sync$HoldCounter
Event: 109.302 Loading class java/util/concurrent/locks/ReentrantReadWriteLock$Sync$HoldCounter done
Event: 110.509 Loading class java/time/format/DateTimeFormatterBuilder$ZoneTextPrinterParser
Event: 110.510 Loading class java/time/format/DateTimeFormatterBuilder$ZoneTextPrinterParser done
Event: 110.514 Loading class java/time/format/DateTimeFormatterBuilder$ReducedPrinterParser
Event: 110.515 Loading class java/time/format/DateTimeFormatterBuilder$ReducedPrinterParser done

Classes unloaded (20 events):
Event: 111.521 Thread 0x0000023ab530c600 Unloading class 0x0000023ac70c9400 'jdk/internal/reflect/GeneratedSerializationConstructorAccessor5'
Event: 111.521 Thread 0x0000023ab530c600 Unloading class 0x0000023ac70c9000 'jdk/internal/reflect/GeneratedSerializationConstructorAccessor4'
Event: 111.521 Thread 0x0000023ab530c600 Unloading class 0x0000023ac70c8400 'java/lang/invoke/LambdaForm$MH+0x0000023ac70c8400'
Event: 111.521 Thread 0x0000023ab530c600 Unloading class 0x0000023ac70c7400 'java/lang/invoke/LambdaForm$MH+0x0000023ac70c7400'
Event: 111.521 Thread 0x0000023ab530c600 Unloading class 0x0000023ac70c7000 'java/lang/invoke/LambdaForm$MH+0x0000023ac70c7000'
Event: 111.522 Thread 0x0000023ab530c600 Unloading class 0x0000023ac70c6800 'java/lang/invoke/LambdaForm$MH+0x0000023ac70c6800'
Event: 111.522 Thread 0x0000023ab530c600 Unloading class 0x0000023ac70c6000 'java/lang/invoke/LambdaForm$MH+0x0000023ac70c6000'
Event: 111.522 Thread 0x0000023ab530c600 Unloading class 0x0000023ac70c2800 'java/lang/invoke/LambdaForm$MH+0x0000023ac70c2800'
Event: 111.522 Thread 0x0000023ab530c600 Unloading class 0x0000023ac70c1c00 'jdk/internal/reflect/GeneratedSerializationConstructorAccessor2'
Event: 111.523 Thread 0x0000023ab530c600 Unloading class 0x0000023ac70c1800 'jdk/internal/reflect/GeneratedSerializationConstructorAccessor1'
Event: 111.523 Thread 0x0000023ab530c600 Unloading class 0x0000023ac700b800 'java/lang/invoke/LambdaForm$MH+0x0000023ac700b800'
Event: 111.523 Thread 0x0000023ab530c600 Unloading class 0x0000023ac700a800 'java/lang/invoke/LambdaForm$MH+0x0000023ac700a800'
Event: 111.523 Thread 0x0000023ab530c600 Unloading class 0x0000023ac700a400 'java/lang/invoke/LambdaForm$MH+0x0000023ac700a400'
Event: 111.523 Thread 0x0000023ab530c600 Unloading class 0x0000023ac7009c00 'java/lang/invoke/LambdaForm$MH+0x0000023ac7009c00'
Event: 111.523 Thread 0x0000023ab530c600 Unloading class 0x0000023ac7009000 'java/lang/invoke/LambdaForm$MH+0x0000023ac7009000'
Event: 111.523 Thread 0x0000023ab530c600 Unloading class 0x0000023ac7007000 'java/lang/invoke/LambdaForm$MH+0x0000023ac7007000'
Event: 111.523 Thread 0x0000023ab530c600 Unloading class 0x0000023ac7006800 'java/lang/invoke/LambdaForm$MH+0x0000023ac7006800'
Event: 111.523 Thread 0x0000023ab530c600 Unloading class 0x0000023ac7006000 'java/lang/invoke/LambdaForm$MH+0x0000023ac7006000'
Event: 111.523 Thread 0x0000023ab530c600 Unloading class 0x0000023ac7005800 'java/lang/invoke/LambdaForm$MH+0x0000023ac7005800'
Event: 111.523 Thread 0x0000023ab530c600 Unloading class 0x0000023ac7005000 'java/lang/invoke/LambdaForm$MH+0x0000023ac7005000'

Classes redefined (0 events):
No events

Internal exceptions (20 events):
Event: 47.296 Thread 0x0000023ab514f9d0 Exception <a 'java/lang/NoSuchMethodError'{0x00000000c675c8d0}: 'double java.lang.invoke.DirectMethodHandle$Holder.invokeStatic(java.lang.Object, java.lang.Object, java.lang.Object)'> (0x00000000c675c8d0) 
thrown [s\open\src\hotspot\share\interpreter\linkResolver.cpp, line 773]
Event: 47.379 Thread 0x0000023ab514f9d0 Exception <a 'java/lang/IncompatibleClassChangeError'{0x00000000c6669748}: Found class java.lang.Object, but interface was expected> (0x00000000c6669748) 
thrown [s\open\src\hotspot\share\interpreter\linkResolver.cpp, line 840]
Event: 47.389 Thread 0x0000023ab514f9d0 Exception <a 'java/lang/NoSuchMethodError'{0x00000000c66853f0}: 'java.lang.Object java.lang.invoke.DirectMethodHandle$Holder.newInvokeSpecial(java.lang.Object, java.lang.Object, int, java.lang.Object, java.lang.Object)'> (0x00000000c66853f0) 
thrown [s\open\src\hotspot\share\interpreter\linkResolver.cpp, line 773]
Event: 47.390 Thread 0x0000023ab514f9d0 Exception <a 'java/lang/NoSuchMethodError'{0x00000000c668fef0}: 'java.lang.Object java.lang.invoke.DirectMethodHandle$Holder.invokeSpecial(java.lang.Object, java.lang.Object, int, java.lang.Object, int, java.lang.Object)'> (0x00000000c668fef0) 
thrown [s\open\src\hotspot\share\interpreter\linkResolver.cpp, line 773]
Event: 47.391 Thread 0x0000023ab514f9d0 Exception <a 'java/lang/NoSuchMethodError'{0x00000000c6697030}: 'java.lang.Object java.lang.invoke.DirectMethodHandle$Holder.newInvokeSpecial(java.lang.Object, java.lang.Object, int, java.lang.Object, int)'> (0x00000000c6697030) 
thrown [s\open\src\hotspot\share\interpreter\linkResolver.cpp, line 773]
Event: 47.391 Thread 0x0000023ab514f9d0 Exception <a 'java/lang/NoSuchMethodError'{0x00000000c669aeb0}: 'java.lang.Object java.lang.invoke.DirectMethodHandle$Holder.invokeSpecial(java.lang.Object, java.lang.Object, java.lang.Object, int, java.lang.Object, int)'> (0x00000000c669aeb0) 
thrown [s\open\src\hotspot\share\interpreter\linkResolver.cpp, line 773]
Event: 48.213 Thread 0x0000023ab514f9d0 Exception <a 'java/lang/NoSuchMethodError'{0x00000000c5e3b1f0}: 'java.lang.Object java.lang.invoke.DirectMethodHandle$Holder.invokeInterface(java.lang.Object, java.lang.Object, java.lang.Object, java.lang.Object)'> (0x00000000c5e3b1f0) 
thrown [s\open\src\hotspot\share\interpreter\linkResolver.cpp, line 773]
Event: 48.537 Thread 0x0000023ab514f9d0 Exception <a 'java/lang/IncompatibleClassChangeError'{0x00000000c6e7f770}: Found class java.lang.Object, but interface was expected> (0x00000000c6e7f770) 
thrown [s\open\src\hotspot\share\interpreter\linkResolver.cpp, line 840]
Event: 48.543 Thread 0x0000023ab514f9d0 Exception <a 'java/lang/NoSuchMethodError'{0x00000000c6eaaa48}: 'java.lang.Object java.lang.invoke.DirectMethodHandle$Holder.newInvokeSpecial(java.lang.Object, java.lang.Object, java.lang.Object, long)'> (0x00000000c6eaaa48) 
thrown [s\open\src\hotspot\share\interpreter\linkResolver.cpp, line 773]
Event: 48.543 Thread 0x0000023ab514f9d0 Exception <a 'java/lang/NoSuchMethodError'{0x00000000c6eaed78}: 'java.lang.Object java.lang.invoke.DirectMethodHandle$Holder.invokeSpecial(java.lang.Object, java.lang.Object, java.lang.Object, java.lang.Object, long)'> (0x00000000c6eaed78) 
thrown [s\open\src\hotspot\share\interpreter\linkResolver.cpp, line 773]
Event: 48.544 Thread 0x0000023ab514f9d0 Exception <a 'java/lang/NoSuchMethodError'{0x00000000c6eb2988}: 'java.lang.Object java.lang.invoke.Invokers$Holder.linkToTargetMethod(java.lang.Object, java.lang.Object, long, java.lang.Object)'> (0x00000000c6eb2988) 
thrown [s\open\src\hotspot\share\interpreter\linkResolver.cpp, line 773]
Event: 48.628 Thread 0x0000023ab514f9d0 Exception <a 'java/lang/NoSuchMethodError'{0x00000000c6db3318}: 'void java.lang.invoke.DirectMethodHandle$Holder.invokeSpecialIFC(java.lang.Object, java.lang.Object, int, java.lang.Object, java.lang.Object, java.lang.Object, java.lang.Object)'> (0x00000000c6db3318) 
thrown [s\open\src\hotspot\share\interpreter\linkResolver.cpp, line 773]
Event: 48.967 Thread 0x0000023b0b266610 Exception <a 'java/lang/NoSuchMethodError'{0x00000000c6b0af58}: 'java.lang.Object java.lang.invoke.DirectMethodHandle$Holder.invokeInterface(java.lang.Object, java.lang.Object, java.lang.Object, java.lang.Object, java.lang.Object, java.lang.Object, java.lang.Object)'> (0x00000000c6b0af58) 
thrown [s\open\src\hotspot\share\interpreter\linkResolver.cpp, line 773]
Event: 51.204 Thread 0x0000023b0b266610 Exception <a 'java/lang/NoSuchMethodError'{0x00000000c67e67a0}: 'java.lang.Object java.lang.invoke.DirectMethodHandle$Holder.newInvokeSpecial(java.lang.Object, java.lang.Object, java.lang.Object, java.lang.Object, int)'> (0x00000000c67e67a0) 
thrown [s\open\src\hotspot\share\interpreter\linkResolver.cpp, line 773]
Event: 51.205 Thread 0x0000023b0b266610 Exception <a 'java/lang/NoSuchMethodError'{0x00000000c67ea800}: 'java.lang.Object java.lang.invoke.DirectMethodHandle$Holder.invokeSpecial(java.lang.Object, java.lang.Object, java.lang.Object, java.lang.Object, java.lang.Object, int)'> (0x00000000c67ea800) 
thrown [s\open\src\hotspot\share\interpreter\linkResolver.cpp, line 773]
Event: 51.205 Thread 0x0000023b0b266610 Exception <a 'java/lang/NoSuchMethodError'{0x00000000c67ee118}: 'java.lang.Object java.lang.invoke.Invokers$Holder.linkToTargetMethod(java.lang.Object, java.lang.Object, java.lang.Object, int, java.lang.Object)'> (0x00000000c67ee118) 
thrown [s\open\src\hotspot\share\interpreter\linkResolver.cpp, line 773]
Event: 51.588 Thread 0x0000023b0e160ad0 Exception <a 'java/lang/NoSuchMethodError'{0x00000000c6252e40}: 'int java.lang.invoke.DirectMethodHandle$Holder.invokeInterface(java.lang.Object, java.lang.Object, int)'> (0x00000000c6252e40) 
thrown [s\open\src\hotspot\share\interpreter\linkResolver.cpp, line 773]
Event: 108.485 Thread 0x0000023b0c489510 Exception <a 'java/lang/NoSuchMethodError'{0x00000000c5f92fa8}: 'java.lang.Object java.lang.invoke.DirectMethodHandle$Holder.invokeSpecial(java.lang.Object, java.lang.Object, java.lang.Object, java.lang.Object, java.lang.Object, long)'> (0x00000000c5f92fa8) 
thrown [s\open\src\hotspot\share\interpreter\linkResolver.cpp, line 773]
Event: 108.486 Thread 0x0000023b0c489510 Exception <a 'java/lang/NoSuchMethodError'{0x00000000c5f96778}: 'java.lang.Object java.lang.invoke.Invokers$Holder.linkToTargetMethod(java.lang.Object, java.lang.Object, java.lang.Object, long, java.lang.Object)'> (0x00000000c5f96778) 
thrown [s\open\src\hotspot\share\interpreter\linkResolver.cpp, line 773]
Event: 109.274 Thread 0x0000023b0c489510 Exception <a 'java/lang/NoSuchMethodError'{0x00000000c5c15c60}: 'java.lang.Object java.lang.invoke.DirectMethodHandle$Holder.invokeStatic(java.lang.Object, int, int)'> (0x00000000c5c15c60) 
thrown [s\open\src\hotspot\share\interpreter\linkResolver.cpp, line 773]

ZGC Phase Switch (0 events):
No events

VM Operations (20 events):
Event: 74.095 Executing VM operation: Cleanup done
Event: 83.170 Executing VM operation: Cleanup
Event: 83.170 Executing VM operation: Cleanup done
Event: 84.187 Executing VM operation: Cleanup
Event: 84.187 Executing VM operation: Cleanup done
Event: 94.287 Executing VM operation: Cleanup
Event: 94.287 Executing VM operation: Cleanup done
Event: 108.396 Executing VM operation: Cleanup
Event: 108.396 Executing VM operation: Cleanup done
Event: 109.399 Executing VM operation: Cleanup
Event: 109.419 Executing VM operation: Cleanup done
Event: 110.427 Executing VM operation: Cleanup
Event: 110.427 Executing VM operation: Cleanup done
Event: 110.592 Executing VM operation: HandshakeAllThreads (Deoptimize)
Event: 110.593 Executing VM operation: HandshakeAllThreads (Deoptimize) done
Event: 110.764 Executing VM operation: HandshakeAllThreads (Deoptimize)
Event: 110.764 Executing VM operation: HandshakeAllThreads (Deoptimize) done
Event: 110.963 Executing VM operation: G1CollectForAllocation (G1 Evacuation Pause)
Event: 111.075 Executing VM operation: G1CollectForAllocation (G1 Evacuation Pause) done
Event: 111.499 Executing VM operation: G1PauseRemark

Events (20 events):
Event: 111.975 Thread 0x0000023ab530c600 flushing nmethod 0x0000023abfa5f690
Event: 111.975 Thread 0x0000023ab530c600 flushing nmethod 0x0000023abfa5fd10
Event: 111.975 Thread 0x0000023ab530c600 flushing nmethod 0x0000023abfa60010
Event: 111.975 Thread 0x0000023ab530c600 flushing nmethod 0x0000023abfa60390
Event: 111.975 Thread 0x0000023ab530c600 flushing nmethod 0x0000023abfa60690
Event: 111.975 Thread 0x0000023ab530c600 flushing nmethod 0x0000023abfa60c10
Event: 111.975 Thread 0x0000023ab530c600 flushing nmethod 0x0000023abfa61510
Event: 111.975 Thread 0x0000023ab530c600 flushing nmethod 0x0000023abfa61e90
Event: 111.975 Thread 0x0000023ab530c600 flushing nmethod 0x0000023abfa62390
Event: 111.975 Thread 0x0000023ab530c600 flushing nmethod 0x0000023abfa64310
Event: 111.975 Thread 0x0000023ab530c600 flushing nmethod 0x0000023abfa64e90
Event: 111.975 Thread 0x0000023ab530c600 flushing nmethod 0x0000023abfa65290
Event: 111.975 Thread 0x0000023ab530c600 flushing nmethod 0x0000023abfa65c10
Event: 111.975 Thread 0x0000023ab530c600 flushing nmethod 0x0000023abfa65f10
Event: 111.975 Thread 0x0000023ab530c600 flushing nmethod 0x0000023abfa66210
Event: 111.975 Thread 0x0000023ab530c600 flushing nmethod 0x0000023abfa66790
Event: 111.975 Thread 0x0000023ab530c600 flushing nmethod 0x0000023abfa67610
Event: 111.975 Thread 0x0000023ab530c600 flushing nmethod 0x0000023abfb65c90
Event: 111.975 Thread 0x0000023ab530c600 flushing nmethod 0x0000023abfb66190
Event: 111.975 Thread 0x0000023ab530c600 flushing nmethod 0x0000023abfd17d90


Dynamic libraries:
0x00007ff7f84f0000 - 0x00007ff7f8500000 	C:\Program Files\Java\jdk-21\bin\java.exe
0x00007ff952ce0000 - 0x00007ff952f47000 	C:\WINDOWS\SYSTEM32\ntdll.dll
0x00007ff951df0000 - 0x00007ff951eb9000 	C:\WINDOWS\System32\KERNEL32.DLL
0x00007ff950430000 - 0x00007ff950820000 	C:\WINDOWS\System32\KERNELBASE.dll
0x00007ff950180000 - 0x00007ff9502cb000 	C:\WINDOWS\System32\ucrtbase.dll
0x00007ff938540000 - 0x00007ff93855b000 	C:\Program Files\Java\jdk-21\bin\VCRUNTIME140.dll
0x00007ff940990000 - 0x00007ff9409a9000 	C:\Program Files\Java\jdk-21\bin\jli.dll
0x00007ff950fe0000 - 0x00007ff951094000 	C:\WINDOWS\System32\ADVAPI32.dll
0x00007ff952180000 - 0x00007ff952229000 	C:\WINDOWS\System32\msvcrt.dll
0x00007ff952390000 - 0x00007ff952436000 	C:\WINDOWS\System32\sechost.dll
0x00007ff951f30000 - 0x00007ff952048000 	C:\WINDOWS\System32\RPCRT4.dll
0x00007ff950d00000 - 0x00007ff950ec5000 	C:\WINDOWS\System32\USER32.dll
0x00007ff9502d0000 - 0x00007ff9502f7000 	C:\WINDOWS\System32\win32u.dll
0x00007ff952140000 - 0x00007ff95216b000 	C:\WINDOWS\System32\GDI32.dll
0x00007ff94fec0000 - 0x00007ff94fff8000 	C:\WINDOWS\System32\gdi32full.dll
0x00007ff94fe10000 - 0x00007ff94feb3000 	C:\WINDOWS\System32\msvcp_win.dll
0x00007ff935c80000 - 0x00007ff935f1a000 	C:\WINDOWS\WinSxS\amd64_microsoft.windows.common-controls_6595b64144ccf1df_6.0.26100.4768_none_3e0c112ce331287c\COMCTL32.dll
0x00007ff941fa0000 - 0x00007ff941fab000 	C:\WINDOWS\SYSTEM32\VERSION.dll
0x00007ff9522d0000 - 0x00007ff9522ff000 	C:\WINDOWS\System32\IMM32.DLL
0x00007ff941130000 - 0x00007ff94113c000 	C:\Program Files\Java\jdk-21\bin\vcruntime140_1.dll
0x00007ff8f9620000 - 0x00007ff8f96ae000 	C:\Program Files\Java\jdk-21\bin\msvcp140.dll
0x00007ff8d06a0000 - 0x00007ff8d13ba000 	C:\Program Files\Java\jdk-21\bin\server\jvm.dll
0x00007ff952250000 - 0x00007ff9522c4000 	C:\WINDOWS\System32\WS2_32.dll
0x00007ff94fc70000 - 0x00007ff94fcce000 	C:\WINDOWS\SYSTEM32\POWRPROF.dll
0x00007ff9384c0000 - 0x00007ff9384f5000 	C:\WINDOWS\SYSTEM32\WINMM.dll
0x00007ff94fc50000 - 0x00007ff94fc64000 	C:\WINDOWS\SYSTEM32\UMPDC.dll
0x00007ff94ea90000 - 0x00007ff94eaab000 	C:\WINDOWS\SYSTEM32\kernel.appcore.dll
0x00007ff938530000 - 0x00007ff93853a000 	C:\Program Files\Java\jdk-21\bin\jimage.dll
0x00007ff94d4e0000 - 0x00007ff94d721000 	C:\WINDOWS\SYSTEM32\DBGHELP.DLL
0x00007ff9510a0000 - 0x00007ff951425000 	C:\WINDOWS\System32\combase.dll
0x00007ff952050000 - 0x00007ff952130000 	C:\WINDOWS\System32\OLEAUT32.dll
0x00007ff93d6f0000 - 0x00007ff93d733000 	C:\WINDOWS\SYSTEM32\dbgcore.DLL
0x00007ff950300000 - 0x00007ff950399000 	C:\WINDOWS\System32\bcryptPrimitives.dll
0x00007ff94c990000 - 0x00007ff94c99f000 	C:\Program Files\Java\jdk-21\bin\instrument.dll
0x00007ff9252c0000 - 0x00007ff9252df000 	C:\Program Files\Java\jdk-21\bin\java.dll
0x00007ff9524c0000 - 0x00007ff952c0d000 	C:\WINDOWS\System32\SHELL32.dll
0x00007ff950000000 - 0x00007ff950173000 	C:\WINDOWS\System32\wintypes.dll
0x00007ff94da30000 - 0x00007ff94e290000 	C:\WINDOWS\SYSTEM32\windows.storage.dll
0x00007ff951b80000 - 0x00007ff951c75000 	C:\WINDOWS\System32\SHCORE.dll
0x00007ff951ec0000 - 0x00007ff951f2a000 	C:\WINDOWS\System32\shlwapi.dll
0x00007ff94fd30000 - 0x00007ff94fd59000 	C:\WINDOWS\SYSTEM32\profapi.dll
0x00007ff920730000 - 0x00007ff920748000 	C:\Program Files\Java\jdk-21\bin\zip.dll
0x00007ff92c830000 - 0x00007ff92c840000 	C:\Program Files\Java\jdk-21\bin\net.dll
0x00007ff943050000 - 0x00007ff94316e000 	C:\WINDOWS\SYSTEM32\WINHTTP.dll
0x00007ff94f120000 - 0x00007ff94f18b000 	C:\WINDOWS\system32\mswsock.dll
0x00007ff920710000 - 0x00007ff920726000 	C:\Program Files\Java\jdk-21\bin\nio.dll
0x00007ff93ddd0000 - 0x00007ff93ddea000 	C:\Program Files\JetBrains\IntelliJ IDEA 2024.3.2.2\bin\breakgen64.dll
0x00007ff94e690000 - 0x00007ff94e7b6000 	C:\WINDOWS\SYSTEM32\DNSAPI.dll
0x00007ff94e650000 - 0x00007ff94e683000 	C:\WINDOWS\SYSTEM32\IPHLPAPI.DLL
0x00007ff9514e0000 - 0x00007ff9514ea000 	C:\WINDOWS\System32\NSI.dll
0x0000000071420000 - 0x0000000071455000 	C:\Program Files\Bonjour\mdnsNSP.dll
0x00007ff93ee10000 - 0x00007ff93ee1b000 	C:\Windows\System32\rasadhlp.dll
0x00007ff942780000 - 0x00007ff942806000 	C:\WINDOWS\System32\fwpuclnt.dll
0x00007ff91e1b0000 - 0x00007ff91e1b9000 	C:\Program Files\Java\jdk-21\bin\extnet.dll
0x00007ff94c960000 - 0x00007ff94c96a000 	C:\Program Files\Java\jdk-21\bin\management.dll
0x00007ff94a8e0000 - 0x00007ff94a8eb000 	C:\Program Files\Java\jdk-21\bin\management_ext.dll
0x00007ff952170000 - 0x00007ff952178000 	C:\WINDOWS\System32\PSAPI.DLL
0x00007ff94f3f0000 - 0x00007ff94f40b000 	C:\WINDOWS\SYSTEM32\CRYPTSP.dll
0x00007ff94eb10000 - 0x00007ff94eb4b000 	C:\WINDOWS\system32\rsaenh.dll
0x00007ff94f1c0000 - 0x00007ff94f1eb000 	C:\WINDOWS\SYSTEM32\USERENV.dll
0x00007ff94fd00000 - 0x00007ff94fd26000 	C:\WINDOWS\SYSTEM32\bcrypt.dll
0x00007ff94f3e0000 - 0x00007ff94f3ec000 	C:\WINDOWS\SYSTEM32\CRYPTBASE.dll
0x00007ff91eff0000 - 0x00007ff91f008000 	C:\WINDOWS\system32\napinsp.dll
0x00007ff91efd0000 - 0x00007ff91efe2000 	C:\WINDOWS\System32\winrnr.dll
0x00007ff91ef90000 - 0x00007ff91efc0000 	C:\WINDOWS\system32\nlansp_c.dll
0x00007ff91ef60000 - 0x00007ff91ef80000 	C:\WINDOWS\system32\wshbth.dll
0x00007ff92dcc0000 - 0x00007ff92dd0e000 	C:\WINDOWS\SYSTEM32\pdh.dll
0x00007ff8d5b30000 - 0x00007ff8d5b42000 	C:\WINDOWS\System32\perfproc.dll
0x00007ff91dcd0000 - 0x00007ff91dce1000 	C:\WINDOWS\System32\perfos.dll
0x00007ff94cd10000 - 0x00007ff94cd22000 	C:\WINDOWS\SYSTEM32\pfclient.dll
0x00007ff944c80000 - 0x00007ff944c8e000 	C:\Program Files\Java\jdk-21\bin\sunmscapi.dll
0x00007ff9508f0000 - 0x00007ff950a67000 	C:\WINDOWS\System32\CRYPT32.dll
0x00007ff94f600000 - 0x00007ff94f630000 	C:\WINDOWS\SYSTEM32\ncrypt.dll
0x00007ff94f5b0000 - 0x00007ff94f5ef000 	C:\WINDOWS\SYSTEM32\NTASN1.dll
0x00007ff94c970000 - 0x00007ff94c980000 	C:\Program Files\Java\jdk-21\bin\verify.dll
0x00007ff8e7370000 - 0x00007ff8e7378000 	C:\WINDOWS\system32\wshunix.dll

dbghelp: loaded successfully - version: 4.0.5 - missing functions: none
symbol engine: initialized successfully - sym options: 0x614 - pdb path: .;C:\Program Files\Java\jdk-21\bin;C:\WINDOWS\SYSTEM32;C:\WINDOWS\WinSxS\amd64_microsoft.windows.common-controls_6595b64144ccf1df_6.0.26100.4768_none_3e0c112ce331287c;C:\Program Files\Java\jdk-21\bin\server;C:\Program Files\JetBrains\IntelliJ IDEA 2024.3.2.2\bin;C:\Program Files\Bonjour

VM Arguments:
jvm_args: -XX:TieredStopAtLevel=1 -Dspring.output.ansi.enabled=always -Dcom.sun.management.jmxremote -Dspring.jmx.enabled=true -Dspring.liveBeansView.mbeanDomain -Dspring.application.admin.enabled=true -Dmanagement.endpoints.jmx.exposure.include=* -javaagent:C:\Program Files\JetBrains\IntelliJ IDEA 2024.3.2.2\lib\idea_rt.jar=14744:C:\Program Files\JetBrains\IntelliJ IDEA 2024.3.2.2\bin -Dfile.encoding=UTF-8 -Dsun.stdout.encoding=UTF-8 -Dsun.stderr.encoding=UTF-8 
java_command: za.ac.cput.Main
java_class_path (initial): C:\Users\27820\IdeaProjects\ADP3_Capstone_Project\target\classes;C:\Users\27820\.m2\repository\org\springframework\boot\spring-boot-starter-web\3.2.5\spring-boot-starter-web-3.2.5.jar;C:\Users\27820\.m2\repository\org\springframework\boot\spring-boot-starter\3.2.5\spring-boot-starter-3.2.5.jar;C:\Users\27820\.m2\repository\org\springframework\boot\spring-boot\3.2.5\spring-boot-3.2.5.jar;C:\Users\27820\.m2\repository\org\springframework\boot\spring-boot-autoconfigure\3.2.5\spring-boot-autoconfigure-3.2.5.jar;C:\Users\27820\.m2\repository\org\springframework\boot\spring-boot-starter-logging\3.2.5\spring-boot-starter-logging-3.2.5.jar;C:\Users\27820\.m2\repository\ch\qos\logback\logback-classic\1.4.14\logback-classic-1.4.14.jar;C:\Users\27820\.m2\repository\ch\qos\logback\logback-core\1.4.14\logback-core-1.4.14.jar;C:\Users\27820\.m2\repository\org\apache\logging\log4j\log4j-to-slf4j\2.21.1\log4j-to-slf4j-2.21.1.jar;C:\Users\27820\.m2\repository\org\apache\logging\log4j\log4j-api\2.21.1\log4j-api-2.21.1.jar;C:\Users\27820\.m2\repository\org\slf4j\jul-to-slf4j\2.0.13\jul-to-slf4j-2.0.13.jar;C:\Users\27820\.m2\repository\jakarta\annotation\jakarta.annotation-api\2.1.1\jakarta.annotation-api-2.1.1.jar;C:\Users\27820\.m2\repository\org\yaml\snakeyaml\2.2\snakeyaml-2.2.jar;C:\Users\27820\.m2\repository\org\springframework\boot\spring-boot-starter-json\3.2.5\spring-boot-starter-json-3.2.5.jar;C:\Users\27820\.m2\repository\com\fasterxml\jackson\core\jackson-databind\2.15.4\jackson-databind-2.15.4.jar;C:\Users\27820\.m2\repository\com\fasterxml\jackson\core\jackson-annotations\2.15.4\jackson-annotations-2.15.4.jar;C:\Users\27820\.m2\repository\com\fasterxml\jackson\core\jackson-core\2.15.4\jackson-core-2.15.4.jar;C:\Users\27820\.m2\repository\com\fasterxml\jackson\datatype\jackson-datatype-jdk8\2.15.4\jackson-datatype-jdk8-2.15.4.jar;C:\Users\27820\.m2\repository\com\fasterxml\jackson\datatype\jackson-datatype-jsr310\2.15.4\jackson-datatype-jsr310-2.15.4.jar;C:\Users\27820\.m2\repository\com\fasterxml\jackson\module\jackson-module-parameter-names\2.15.4\jackson-module-parameter-names-2.15.4.jar;C:\Users\27820\.m2\repository\org\springframework\boot\spring-boot-starter-tomcat\3.2.5\spring-boot-starter-tomcat-3.2.5.jar;C:\Users\27820\.m2\repository\org\apache\tomcat\embed\tomcat-embed-core\10.1.20\tomcat-embed-core-10.1.20.jar;C:\Users\27820\.m2\repository\org\apache\tomcat\embed\tomcat-embed-el\10.1.20\tomcat-embed-el-10.1.20.jar;C:\Users\27820\.m2\repository\org\apache\tomcat\embed\tomcat-embed-websocket\10.1.20\tomcat-embed-websocket-10.1.20.jar;C:\Users\27820\.m2\repository\org\springframework\spring-web\6.1.6\spring-web-6.1.6.jar;C:\Users\27820\.m2\repository\org\springframework\spring-beans\6.1.6\spring-beans-6.1.6.jar;C:\Users\27820\.m2\repository\org\springframework\spring-webmvc\6.1.6\spring-webmvc-6.1.6.jar;C:\Users\27820\.m2\repository\org\springframework\spring-aop\6.1.6\spring-aop-6.1.6.jar;C:\Users\27820\.m2\repository\org\springframework\spring-context\6.1.6\spring-context-6.1.6.jar;C:\Users\27820\.m2\repository\org\springframework\spring-expression\6.1.6\spring-expression-6.1.6.jar;C:\Users\27820\.m2\repository\org\springframework\boot\spring-boot-starter-data-jpa\3.2.5\spring-boot-starter-data-jpa-3.2.5.jar;C:\Users\27820\.m2\repository\org\springframework\boot\spring-boot-starter-aop\3.2.5\spring-boot-starter-aop-3.2.5.jar;C:\Users\27820\.m2\repository\org\aspectj\aspectjweaver\1.9.22\aspectjweaver-1.9.22.jar;C:\Users\27820\.m2\repository\org\springframework\boot\spring-boot-starter-jdbc\3.2.5\spring-boot-starter-jdbc-3.2.5.jar;C:\Users\27820\.m2\repository\com\zaxxer\HikariCP\5.0.1\HikariCP-5.0.1.jar;C:\Users\27820\.m2\repository\org\springframework\spring-jdbc\6.1.6\spring-jdbc-6.1.6.jar;C:\Users\27820\.m2\repository\org\hibernate\orm\hibernate-core\6.4.4.Final\hibernate-core-6.4.4.Final.jar;C:\Users\27820\.m2\repository\jakarta\persistence\jakarta.persistence-api\3.1.0\jakarta.persistence-api-3.1.0.jar;C:\Users\27820\.m2\repository\jakarta\transaction\jakarta.transaction-api\2.0.1\jakarta.transaction-api-2.0.1.jar;C:\Users\27820\.m2\repository\org\jboss\logging\jboss-logging\3.5.3.Final\jboss-logging-3.5.3.Final.jar;C:\Users\27820\.m2\repository\org\hibernate\common\hibernate-commons-annotations\6.0.6.Final\hibernate-commons-annotations-6.0.6.Final.jar;C:\Users\27820\.m2\repository\io\smallrye\jandex\3.1.2\jandex-3.1.2.jar;C:\Users\27820\.m2\repository\com\fasterxml\classmate\1.6.0\classmate-1.6.0.jar;C:\Users\27820\.m2\repository\net\bytebuddy\byte-buddy\1.14.13\byte-buddy-1.14.13.jar;C:\Users\27820\.m2\repository\org\glassfish\jaxb\jaxb-runtime\4.0.5\jaxb-runtime-4.0.5.jar;C:\Users\27820\.m2\repository\org\glassfish\jaxb\jaxb-core\4.0.5\jaxb-core-4.0.5.jar;C:\Users\27820\.m2\repository\org\eclipse\angus\angus-activation\2.0.2\angus-activation-2.0.2.jar;C:\Users\27820\.m2\repository\org\glassfish\jaxb\txw2\4.0.5\txw2-4.0.5.jar;C:\Users\27820\.m2\repository\com\sun\istack\istack-commons-runtime\4.1.2\istack-commons-runtime-4.1.2.jar;C:\Users\27820\.m2\repository\jakarta\inject\jakarta.inject-api\2.0.1\jakarta.inject-api-2.0.1.jar;C:\Users\27820\.m2\repository\org\antlr\antlr4-runtime\4.13.0\antlr4-runtime-4.13.0.jar;C:\Users\27820\.m2\repository\org\springframework\data\spring-data-jpa\3.2.5\spring-data-jpa-3.2.5.jar;C:\Users\27820\.m2\repository\org\springframework\data\spring-data-commons\3.2.5\spring-data-commons-3.2.5.jar;C:\Users\27820\.m2\repository\org\springframework\spring-orm\6.1.6\spring-orm-6.1.6.jar;C:\Users\27820\.m2\repository\org\springframework\spring-tx\6.1.6\spring-tx-6.1.6.jar;C:\Users\27820\.m2\repository\org\slf4j\slf4j-api\2.0.13\slf4j-api-2.0.13.jar;C:\Users\27820\.m2\repository\org\springframework\spring-aspects\6.1.6\spring-aspects-6.1.6.jar;C:\Users\27820\.m2\repository\com\mysql\mysql-connector-j\9.2.0\mysql-connector-j-9.2.0.jar;C:\Users\27820\.m2\repository\commons-validator\commons-validator\1.9.0\commons-validator-1.9.0.jar;C:\Users\27820\.m2\repository\commons-beanutils\commons-beanutils\1.9.4\commons-beanutils-1.9.4.jar;C:\Users\27820\.m2\repository\commons-digester\commons-digester\2.1\commons-digester-2.1.jar;C:\Users\27820\.m2\repository\commons-logging\commons-logging\1.3.2\commons-logging-1.3.2.jar;C:\Users\27820\.m2\repository\commons-collections\commons-collections\3.2.2\commons-collections-3.2.2.jar;C:\Users\27820\.m2\repository\org\springframework\boot\spring-boot-starter-actuator\3.2.5\spring-boot-starter-actuator-3.2.5.jar;C:\Users\27820\.m2\repository\org\springframework\boot\spring-boot-actuator-autoconfigure\3.2.5\spring-boot-actuator-autoconfigure-3.2.5.jar;C:\Users\27820\.m2\repository\org\springframework\boot\spring-boot-actuator\3.2.5\spring-boot-actuator-3.2.5.jar;C:\Users\27820\.m2\repository\io\micrometer\micrometer-observation\1.12.5\micrometer-observation-1.12.5.jar;C:\Users\27820\.m2\repository\io\micrometer\micrometer-commons\1.12.5\micrometer-commons-1.12.5.jar;C:\Users\27820\.m2\repository\io\micrometer\micrometer-jakarta9\1.12.5\micrometer-jakarta9-1.12.5.jar;C:\Users\27820\.m2\repository\io\micrometer\micrometer-core\1.12.5\micrometer-core-1.12.5.jar;C:\Users\27820\.m2\repository\org\hdrhistogram\HdrHistogram\2.1.12\HdrHistogram-2.1.12.jar;C:\Users\27820\.m2\repository\org\latencyutils\LatencyUtils\2.0.3\LatencyUtils-2.0.3.jar;C:\Users\27820\.m2\repository\jakarta\xml\bind\jakarta.xml.bind-api\4.0.2\jakarta.xml.bind-api-4.0.2.jar;C:\Users\27820\.m2\repository\jakarta\activation\jakarta.activation-api\2.1.3\jakarta.activation-api-2.1.3.jar;C:\Users\27820\.m2\repository\org\springframework\spring-core\6.1.6\spring-core-6.1.6.jar;C:\Users\27820\.m2\repository\org\springframework\spring-jcl\6.1.6\spring-jcl-6.1.6.jar
Launcher Type: SUN_STANDARD

[Global flags]
     intx CICompilerCount                          = 2                                         {product} {ergonomic}
     uint ConcGCThreads                            = 1                                         {product} {ergonomic}
     uint G1ConcRefinementThreads                  = 2                                         {product} {ergonomic}
   size_t G1HeapRegionSize                         = 1048576                                   {product} {ergonomic}
    uintx GCDrainStackTargetSize                   = 64                                        {product} {ergonomic}
   size_t InitialHeapSize                          = 65011712                                  {product} {ergonomic}
     bool ManagementServer                         = true                                      {product} {command line}
   size_t MarkStackSize                            = 4194304                                   {product} {ergonomic}
   size_t MaxHeapSize                              = 1027604480                                {product} {ergonomic}
   size_t MaxNewSize                               = 616562688                                 {product} {ergonomic}
   size_t MinHeapDeltaBytes                        = 1048576                                   {product} {ergonomic}
   size_t MinHeapSize                              = 8388608                                   {product} {ergonomic}
    uintx NonNMethodCodeHeapSize                   = 4096                                   {pd product} {ergonomic}
    uintx NonProfiledCodeHeapSize                  = 0                                      {pd product} {ergonomic}
     bool ProfileInterpreter                       = false                                  {pd product} {command line}
    uintx ProfiledCodeHeapSize                     = 0                                      {pd product} {ergonomic}
   size_t SoftMaxHeapSize                          = 1027604480                             {manageable} {ergonomic}
     intx TieredStopAtLevel                        = 1                                         {product} {command line}
     bool UseCompressedOops                        = true                           {product lp64_product} {ergonomic}
     bool UseG1GC                                  = true                                      {product} {ergonomic}
     bool UseLargePagesIndividualAllocation        = false                                  {pd product} {ergonomic}

Logging:
Log output configuration:
 #0: stdout all=warning uptime,level,tags foldmultilines=false
 #1: stderr all=off uptime,level,tags foldmultilines=false

Environment Variables:
JAVA_HOME=C:\Program Files\Java\jdk-22
PATH=C:\Program Files\Common Files\Oracle\Java\javapath;C:\WINDOWS\system32;C:\WINDOWS;C:\WINDOWS\System32\Wbem;C:\WINDOWS\System32\WindowsPowerShell\v1.0\;C:\WINDOWS\System32\OpenSSH\;C:\Program Files\Java\jdk-22\bin;C:\Program Files\Git\cmd;C:\ProgramData\chocolatey\bin;C:\Program Files\apache-maven-3.9.8\bin;C:\Program Files\Java\jdk-22\bin;C:\Users\27820\Desktop\sqlite;C:\sqlite3;C:\Program Files\Java\jdk-21\bin;C:\Program Files\Java\jdk-23\bin;C:\Program Files\dotnet;C:\Program Files\dotnet\;C:\Program Files\nodejs\;C:\Users\27820\AppData\Local\Programs\Python\Python310\;C:\Users\27820\AppData\Local\Programs\Python\Python310\Scripts\;C:\Program Files (x86)\dotnet\;C:\Program Files\Microsoft SQL Server\150\Tools\Binn\;C:\Program Files\Microsoft SQL Server\Client SDK\ODBC\170\Tools\Binn\;C:\Users\27820\AppData\Local\Programs\Python\Python313\Scripts\;C:\Users\27820\AppData\Local\Programs\Python\Python313\;C:\Users\27820\AppData\Local\Programs\Python\Launcher\;C:\Users\27820\AppData\Local\Microsoft\WindowsApps;C:\Users\27820\AppData\Local\Programs\Microsoft VS Code\bin;C:\Program Files\JetBrains\IntelliJ IDEA 2024.3.2.2\bin;;C:\Users\27820\.dotnet\tools;C:\Users\27820\AppData\Local\GitHubDesktop\bin;C:\Users\27820\AppData\Roaming\npm
USERNAME=27820
OS=Windows_NT
PROCESSOR_IDENTIFIER=Intel64 Family 6 Model 122 Stepping 8, GenuineIntel
TMP=C:\Users\27820\AppData\Local\Temp
TEMP=C:\Users\27820\AppData\Local\Temp




Periodic native trim disabled

---------------  S Y S T E M  ---------------

OS:
 Windows 11 , 64 bit Build 26100 (10.0.26100.4768)
OS uptime: 0 days 1:04 hours

CPU: total 2 (initial active 2) (2 cores per cpu, 1 threads per core) family 6 model 122 stepping 8 microcode 0x1c, cx8, cmov, fxsr, mmx, 3dnowpref, sse, sse2, sse3, ssse3, sse4.1, sse4.2, popcnt, tsc, tscinvbit, aes, erms, clmul, sha, clflush, clflushopt, rdtscp, rdpid
Processor Information for all 2 processors :
  Max Mhz: 1101, Current Mhz: 1101, Mhz Limit: 1101

Memory: 4k page, system-wide physical 3918M (103M free)
TotalPageFile size 12110M (AvailPageFile size 7M)
current process WorkingSet (physical memory assigned to process): 191M, peak: 220M
current process commit charge ("private bytes"): 271M, peak: 276M

vm_info: Java HotSpot(TM) 64-Bit Server VM (21.0.6+8-LTS-188) for windows-amd64 JRE (21.0.6+8-LTS-188), built on 2024-12-03T10:50:54Z by "mach5one" with MS VC++ 17.6 (VS2022)

END.
