#
# There is insufficient memory for the Java Runtime Environment to continue.
# Native memory allocation (mmap) failed to map 8388608 bytes for G1 virtual space
# Possible reasons:
#   The system is out of physical RAM or swap space
#   The process is running with CompressedOops enabled, and the Java Heap may be blocking the growth of the native heap
# Possible solutions:
#   Reduce memory load on the system
#   Increase physical memory or swap space
#   Check if swap backing store is full
#   Decrease Java heap size (-Xmx/-Xms)
#   Decrease number of Java threads
#   Decrease Java thread stack sizes (-Xss)
#   Set larger code cache with -XX:ReservedCodeCacheSize=
#   JVM is running with Unscaled Compressed Oops mode in which the Java heap is
#     placed in the first 4GB address space. The Java Heap base address is the
#     maximum limit for the native heap growth. Please use -XX:HeapBaseMinAddress
#     to set the Java Heap base and to place the Java Heap above 4GB virtual address.
# This output file may be truncated or incomplete.
#
#  Out of Memory Error (os_windows.cpp:3603), pid=16780, tid=19200
#
# JRE version: Java(TM) SE Runtime Environment (21.0.6+8) (build 21.0.6+8-LTS-188)
# Java VM: Java HotSpot(TM) 64-Bit Server VM (21.0.6+8-LTS-188, mixed mode, emulated-client, sharing, tiered, compressed oops, compressed class ptrs, g1 gc, windows-amd64)
# No core dump will be written. Minidumps are not enabled by default on client versions of Windows
#

---------------  S U M M A R Y ------------

Command Line: -XX:TieredStopAtLevel=1 -Dspring.output.ansi.enabled=always -Dcom.sun.management.jmxremote -Dspring.jmx.enabled=true -Dspring.liveBeansView.mbeanDomain -Dspring.application.admin.enabled=true -Dmanagement.endpoints.jmx.exposure.include=* -javaagent:C:\Program Files\JetBrains\IntelliJ IDEA 2024.3.2.2\lib\idea_rt.jar=30610:C:\Program Files\JetBrains\IntelliJ IDEA 2024.3.2.2\bin -Dfile.encoding=UTF-8 -Dsun.stdout.encoding=UTF-8 -Dsun.stderr.encoding=UTF-8 za.ac.cput.Main

Host: Intel(R) Celeron(R) N4020 CPU @ 1.10GHz, 2 cores, 3G,  Windows 11 , 64 bit Build 26100 (10.0.26100.4768)
Time: Sat Oct 18 23:49:21 2025 South Africa Standard Time elapsed time: 336.909510 seconds (0d 0h 5m 36s)

---------------  T H R E A D  ---------------

Current thread (0x000001fd96c7c730):  VMThread "VM Thread"          [id=19200, stack(0x0000008bd7f00000,0x0000008bd8000000) (1024K)]

Stack: [0x0000008bd7f00000,0x0000008bd8000000]
Native frames: (J=compiled Java code, j=interpreted, Vv=VM code, C=native code)
V  [jvm.dll+0x6ca6d9]
V  [jvm.dll+0x854f51]
V  [jvm.dll+0x85747e]
V  [jvm.dll+0x857b53]
V  [jvm.dll+0x27dcc6]
V  [jvm.dll+0x6c6e55]
V  [jvm.dll+0x6bb9da]
V  [jvm.dll+0x35393a]
V  [jvm.dll+0x35b596]
V  [jvm.dll+0x3adefe]
V  [jvm.dll+0x3ae1a8]
V  [jvm.dll+0x327cbc]
V  [jvm.dll+0x32a516]
V  [jvm.dll+0x3344c8]
V  [jvm.dll+0x36a795]
V  [jvm.dll+0x85d920]
V  [jvm.dll+0x85eca4]
V  [jvm.dll+0x85f1e0]
V  [jvm.dll+0x85f483]
V  [jvm.dll+0x7ff2fb]
V  [jvm.dll+0x6c8dbd]
C  [ucrtbase.dll+0x37b0]
C  [KERNEL32.DLL+0x2e8d7]
C  [ntdll.dll+0x3c34c]

VM_Operation (0x0000008bd7aff750): G1PauseRemark, mode: safepoint, requested by thread 0x000001fd96c04d40


---------------  P R O C E S S  ---------------

Threads class SMR info:
_java_thread_list=0x000001fded9798c0, length=33, elements={
0x000001fda51d3620, 0x000001fda51d6da0, 0x000001fda51d8510, 0x000001fda51daf70,
0x000001fda51db9c0, 0x000001fda51dd420, 0x000001fda51dde70, 0x000001fd96c6aad0,
0x000001fda584ab80, 0x000001fda584d790, 0x000001fda599c000, 0x000001fda5a45010,
0x000001fda5a52310, 0x000001fda5ace6a0, 0x000001fda5acf3c0, 0x000001fda5ace010,
0x000001fdec40b140, 0x000001fdec40be60, 0x000001fdec40b7d0, 0x000001fdec40aab0,
0x000001fdec40c4f0, 0x000001fdec409070, 0x000001fdec40cb80, 0x000001fdec409700,
0x000001fdec40d210, 0x000001fdec409d90, 0x000001fdec40df30, 0x000001fdec40d8a0,
0x000001fdec40e5c0, 0x000001fdec40ec50, 0x000001fdec40f2e0, 0x000001fdec40f970,
0x000001fdec40a420
}

Java Threads: ( => current thread )
  0x000001fda51d3620 JavaThread "Reference Handler"          daemon [_thread_blocked, id=14524, stack(0x0000008bd8000000,0x0000008bd8100000) (1024K)]
  0x000001fda51d6da0 JavaThread "Finalizer"                  daemon [_thread_blocked, id=904, stack(0x0000008bd8100000,0x0000008bd8200000) (1024K)]
  0x000001fda51d8510 JavaThread "Signal Dispatcher"          daemon [_thread_blocked, id=11168, stack(0x0000008bd8200000,0x0000008bd8300000) (1024K)]
  0x000001fda51daf70 JavaThread "Attach Listener"            daemon [_thread_blocked, id=16148, stack(0x0000008bd8300000,0x0000008bd8400000) (1024K)]
  0x000001fda51db9c0 JavaThread "Service Thread"             daemon [_thread_blocked, id=23280, stack(0x0000008bd8400000,0x0000008bd8500000) (1024K)]
  0x000001fda51dd420 JavaThread "Monitor Deflation Thread"   daemon [_thread_blocked, id=11140, stack(0x0000008bd8500000,0x0000008bd8600000) (1024K)]
  0x000001fda51dde70 JavaThread "C1 CompilerThread0"         daemon [_thread_blocked, id=16716, stack(0x0000008bd8600000,0x0000008bd8700000) (1024K)]
  0x000001fd96c6aad0 JavaThread "Common-Cleaner"             daemon [_thread_blocked, id=20272, stack(0x0000008bd8700000,0x0000008bd8800000) (1024K)]
  0x000001fda584ab80 JavaThread "Monitor Ctrl-Break"         daemon [_thread_in_native, id=5528, stack(0x0000008bd8a00000,0x0000008bd8b00000) (1024K)]
  0x000001fda584d790 JavaThread "Notification Thread"        daemon [_thread_blocked, id=3728, stack(0x0000008bd8b00000,0x0000008bd8c00000) (1024K)]
  0x000001fda599c000 JavaThread "RMI TCP Accept-0"           daemon [_thread_in_native, id=18680, stack(0x0000008bd8c00000,0x0000008bd8d00000) (1024K)]
  0x000001fda5a45010 JavaThread "RMI Scheduler(0)"           daemon [_thread_blocked, id=26024, stack(0x0000008bd8e00000,0x0000008bd8f00000) (1024K)]
  0x000001fda5a52310 JavaThread "JMX server connection timeout 25" daemon [_thread_blocked, id=9728, stack(0x0000008bd8f00000,0x0000008bd9000000) (1024K)]
  0x000001fda5ace6a0 JavaThread "Catalina-utility-1"                [_thread_blocked, id=3120, stack(0x0000008bd9000000,0x0000008bd9100000) (1024K)]
  0x000001fda5acf3c0 JavaThread "Catalina-utility-2"                [_thread_blocked, id=14764, stack(0x0000008bd9100000,0x0000008bd9200000) (1024K)]
  0x000001fda5ace010 JavaThread "container-0"                       [_thread_blocked, id=7760, stack(0x0000008bd9200000,0x0000008bd9300000) (1024K)]
  0x000001fdec40b140 JavaThread "mysql-cj-abandoned-connection-cleanup" daemon [_thread_blocked, id=10736, stack(0x0000008bd9300000,0x0000008bd9400000) (1024K)]
  0x000001fdec40be60 JavaThread "HikariPool-1 housekeeper"   daemon [_thread_blocked, id=20444, stack(0x0000008bd9400000,0x0000008bd9500000) (1024K)]
  0x000001fdec40b7d0 JavaThread "http-nio-8080-exec-1"       daemon [_thread_blocked, id=17792, stack(0x0000008bd7600000,0x0000008bd7700000) (1024K)]
  0x000001fdec40aab0 JavaThread "http-nio-8080-exec-2"       daemon [_thread_blocked, id=17976, stack(0x0000008bd7700000,0x0000008bd7800000) (1024K)]
  0x000001fdec40c4f0 JavaThread "http-nio-8080-exec-3"       daemon [_thread_blocked, id=12268, stack(0x0000008bd9800000,0x0000008bd9900000) (1024K)]
  0x000001fdec409070 JavaThread "http-nio-8080-exec-4"       daemon [_thread_blocked, id=8020, stack(0x0000008bd9900000,0x0000008bd9a00000) (1024K)]
  0x000001fdec40cb80 JavaThread "http-nio-8080-exec-5"       daemon [_thread_blocked, id=15688, stack(0x0000008bd9a00000,0x0000008bd9b00000) (1024K)]
  0x000001fdec409700 JavaThread "http-nio-8080-exec-6"       daemon [_thread_blocked, id=6260, stack(0x0000008bd9b00000,0x0000008bd9c00000) (1024K)]
  0x000001fdec40d210 JavaThread "http-nio-8080-exec-7"       daemon [_thread_blocked, id=10712, stack(0x0000008bd9c00000,0x0000008bd9d00000) (1024K)]
  0x000001fdec409d90 JavaThread "http-nio-8080-exec-8"       daemon [_thread_blocked, id=26148, stack(0x0000008bd9d00000,0x0000008bd9e00000) (1024K)]
  0x000001fdec40df30 JavaThread "http-nio-8080-exec-9"       daemon [_thread_blocked, id=19336, stack(0x0000008bd9e00000,0x0000008bd9f00000) (1024K)]
  0x000001fdec40d8a0 JavaThread "http-nio-8080-exec-10"      daemon [_thread_blocked, id=6944, stack(0x0000008bd9f00000,0x0000008bda000000) (1024K)]
  0x000001fdec40e5c0 JavaThread "http-nio-8080-Poller"       daemon [_thread_in_native, id=6136, stack(0x0000008bda000000,0x0000008bda100000) (1024K)]
  0x000001fdec40ec50 JavaThread "http-nio-8080-Acceptor"     daemon [_thread_in_native, id=24740, stack(0x0000008bda100000,0x0000008bda200000) (1024K)]
  0x000001fdec40f2e0 JavaThread "DestroyJavaVM"                     [_thread_blocked, id=12944, stack(0x0000008bd7800000,0x0000008bd7900000) (1024K)]
  0x000001fdec40f970 JavaThread "RMI TCP Connection(idle)"   daemon [_thread_blocked, id=1616, stack(0x0000008bd8d00000,0x0000008bd8e00000) (1024K)]
  0x000001fdec40a420 JavaThread "RMI TCP Connection(4)-10.103.205.142" daemon [_thread_in_native, id=7308, stack(0x0000008bd9700000,0x0000008bd9800000) (1024K)]
Total: 33

Other Threads:
=>0x000001fd96c7c730 VMThread "VM Thread"                           [id=19200, stack(0x0000008bd7f00000,0x0000008bd8000000) (1024K)]
  0x000001fda51bc1d0 WatcherThread "VM Periodic Task Thread"        [id=24832, stack(0x0000008bd7e00000,0x0000008bd7f00000) (1024K)]
  0x000001fd96bfc3d0 WorkerThread "GC Thread#0"                     [id=26076, stack(0x0000008bd7900000,0x0000008bd7a00000) (1024K)]
  0x000001fda571d120 WorkerThread "GC Thread#1"                     [id=16868, stack(0x0000008bd8900000,0x0000008bd8a00000) (1024K)]
  0x000001fd96c04d40 ConcurrentGCThread "G1 Main Marker"            [id=22160, stack(0x0000008bd7a00000,0x0000008bd7b00000) (1024K)]
  0x000001fd96c065d0 WorkerThread "G1 Conc#0"                       [id=24028, stack(0x0000008bd7b00000,0x0000008bd7c00000) (1024K)]
  0x000001fd96c54c60 ConcurrentGCThread "G1 Refine#0"               [id=16200, stack(0x0000008bd7c00000,0x0000008bd7d00000) (1024K)]
  0x000001fd96c56560 ConcurrentGCThread "G1 Service"                [id=24088, stack(0x0000008bd7d00000,0x0000008bd7e00000) (1024K)]
Total: 8

Threads with active compile tasks:
Total: 0

VM state: at safepoint (normal execution)

VM Mutex/Monitor currently owned by a thread:  ([mutex/lock_event])
[0x00007ffc517ade98] Threads_lock - owner thread: 0x000001fd96c7c730
[0x00007ffc517adf98] Heap_lock - owner thread: 0x000001fd96c04d40

Heap address: 0x00000000c2c00000, size: 980 MB, Compressed Oops mode: 32-bit

CDS archive(s) mapped at: [0x000001fda6000000-0x000001fda6c90000-0x000001fda6c90000), size 13172736, SharedBaseAddress: 0x000001fda6000000, ArchiveRelocationMode: 1.
Compressed class space mapped at: 0x000001fda7000000-0x000001fde7000000, reserved size: 1073741824
Narrow klass base: 0x000001fda6000000, Narrow klass shift: 0, Narrow klass range: 0x100000000

GC Precious Log:
 CardTable entry size: 512
 Card Set container configuration: InlinePtr #cards 5 size 8 Array Of Cards #cards 12 size 40 Howl #buckets 4 coarsen threshold 1843 Howl Bitmap #cards 512 size 80 coarsen threshold 460 Card regions per heap region 1 cards per card region 2048
 CPUs: 2 total, 2 available
 Memory: 3918M
 Large Page Support: Disabled
 NUMA Support: Disabled
 Compressed Oops: Enabled (32-bit)
 Heap Region Size: 1M
 Heap Min Capacity: 8M
 Heap Initial Capacity: 62M
 Heap Max Capacity: 980M
 Pre-touch: Disabled
 Parallel Workers: 2
 Concurrent Workers: 1
 Concurrent Refinement Workers: 2
 Periodic GC: Disabled

Heap:
 garbage-first heap   total 68608K, used 44649K [0x00000000c2c00000, 0x0000000100000000)
  region size 1024K, 5 young (5120K), 3 survivors (3072K)
 Metaspace       used 76685K, committed 77696K, reserved 1179648K
  class space    used 10738K, committed 11136K, reserved 1048576K

Heap Regions: E=young(eden), S=young(survivor), O=old, HS=humongous(starts), HC=humongous(continues), CS=collection set, F=free, TAMS=top-at-mark-start, PB=parsable bottom
|   0|0x00000000c2c00000, 0x00000000c2d00000, 0x00000000c2d00000|100%|HS|  |TAMS 0x00000000c2d00000| PB 0x00000000c2c00000| Complete 
|   1|0x00000000c2d00000, 0x00000000c2e00000, 0x00000000c2e00000|100%| O|  |TAMS 0x00000000c2e00000| PB 0x00000000c2e00000| Untracked 
|   2|0x00000000c2e00000, 0x00000000c2f00000, 0x00000000c2f00000|100%| O|  |TAMS 0x00000000c2f00000| PB 0x00000000c2f00000| Untracked 
|   3|0x00000000c2f00000, 0x00000000c3000000, 0x00000000c3000000|100%| O|  |TAMS 0x00000000c3000000| PB 0x00000000c3000000| Untracked 
|   4|0x00000000c3000000, 0x00000000c3100000, 0x00000000c3100000|100%| O|  |TAMS 0x00000000c3100000| PB 0x00000000c3100000| Untracked 
|   5|0x00000000c3100000, 0x00000000c3200000, 0x00000000c3200000|100%| O|  |TAMS 0x00000000c3200000| PB 0x00000000c3200000| Updating 
|   6|0x00000000c3200000, 0x00000000c3300000, 0x00000000c3300000|100%| O|  |TAMS 0x00000000c3300000| PB 0x00000000c3300000| Updating 
|   7|0x00000000c3300000, 0x00000000c3400000, 0x00000000c3400000|100%| O|  |TAMS 0x00000000c3400000| PB 0x00000000c3400000| Untracked 
|   8|0x00000000c3400000, 0x00000000c3500000, 0x00000000c3500000|100%| O|  |TAMS 0x00000000c3500000| PB 0x00000000c3500000| Updating 
|   9|0x00000000c3500000, 0x00000000c3600000, 0x00000000c3600000|100%| O|  |TAMS 0x00000000c3600000| PB 0x00000000c3600000| Updating 
|  10|0x00000000c3600000, 0x00000000c3700000, 0x00000000c3700000|100%| O|  |TAMS 0x00000000c3700000| PB 0x00000000c3700000| Updating 
|  11|0x00000000c3700000, 0x00000000c3800000, 0x00000000c3800000|100%| O|  |TAMS 0x00000000c3800000| PB 0x00000000c3800000| Updating 
|  12|0x00000000c3800000, 0x00000000c3900000, 0x00000000c3900000|100%| O|  |TAMS 0x00000000c3900000| PB 0x00000000c3900000| Updating 
|  13|0x00000000c3900000, 0x00000000c399a570, 0x00000000c3a00000| 60%| O|  |TAMS 0x00000000c3900000| PB 0x00000000c3900000| Updating 
|  14|0x00000000c3a00000, 0x00000000c3b00000, 0x00000000c3b00000|100%| O|  |TAMS 0x00000000c3b00000| PB 0x00000000c3b00000| Untracked 
|  15|0x00000000c3b00000, 0x00000000c3c00000, 0x00000000c3c00000|100%| O|  |TAMS 0x00000000c3c00000| PB 0x00000000c3c00000| Updating 
|  16|0x00000000c3c00000, 0x00000000c3d00000, 0x00000000c3d00000|100%| O|  |TAMS 0x00000000c3d00000| PB 0x00000000c3d00000| Updating 
|  17|0x00000000c3d00000, 0x00000000c3e00000, 0x00000000c3e00000|100%| O|  |TAMS 0x00000000c3e00000| PB 0x00000000c3e00000| Updating 
|  18|0x00000000c3e00000, 0x00000000c3f00000, 0x00000000c3f00000|100%| O|  |TAMS 0x00000000c3f00000| PB 0x00000000c3f00000| Updating 
|  19|0x00000000c3f00000, 0x00000000c3f00000, 0x00000000c4000000|  0%| F|  |TAMS 0x00000000c3f00000| PB 0x00000000c3f00000| Untracked 
|  20|0x00000000c4000000, 0x00000000c4100000, 0x00000000c4100000|100%| O|  |TAMS 0x00000000c4100000| PB 0x00000000c4100000| Untracked 
|  21|0x00000000c4100000, 0x00000000c4200000, 0x00000000c4200000|100%| O|  |TAMS 0x00000000c4200000| PB 0x00000000c4200000| Updating 
|  22|0x00000000c4200000, 0x00000000c4300000, 0x00000000c4300000|100%| O|  |TAMS 0x00000000c4300000| PB 0x00000000c4300000| Updating 
|  23|0x00000000c4300000, 0x00000000c4400000, 0x00000000c4400000|100%| O|  |TAMS 0x00000000c4400000| PB 0x00000000c4400000| Updating 
|  24|0x00000000c4400000, 0x00000000c4500000, 0x00000000c4500000|100%| O|  |TAMS 0x00000000c4500000| PB 0x00000000c4500000| Untracked 
|  25|0x00000000c4500000, 0x00000000c4600000, 0x00000000c4600000|100%| O|  |TAMS 0x00000000c4600000| PB 0x00000000c4600000| Untracked 
|  26|0x00000000c4600000, 0x00000000c4700000, 0x00000000c4700000|100%| O|  |TAMS 0x00000000c4700000| PB 0x00000000c4700000| Updating 
|  27|0x00000000c4700000, 0x00000000c4800000, 0x00000000c4800000|100%| O|  |TAMS 0x00000000c4800000| PB 0x00000000c4800000| Updating 
|  28|0x00000000c4800000, 0x00000000c4900000, 0x00000000c4900000|100%| O|  |TAMS 0x00000000c4900000| PB 0x00000000c4900000| Untracked 
|  29|0x00000000c4900000, 0x00000000c4a00000, 0x00000000c4a00000|100%| O|  |TAMS 0x00000000c4a00000| PB 0x00000000c4a00000| Updating 
|  30|0x00000000c4a00000, 0x00000000c4b00000, 0x00000000c4b00000|100%| O|  |TAMS 0x00000000c4b00000| PB 0x00000000c4b00000| Updating 
|  31|0x00000000c4b00000, 0x00000000c4c00000, 0x00000000c4c00000|100%| O|  |TAMS 0x00000000c4c00000| PB 0x00000000c4c00000| Untracked 
|  32|0x00000000c4c00000, 0x00000000c4d00000, 0x00000000c4d00000|100%| O|  |TAMS 0x00000000c4d00000| PB 0x00000000c4d00000| Updating 
|  33|0x00000000c4d00000, 0x00000000c4e00000, 0x00000000c4e00000|100%| O|  |TAMS 0x00000000c4e00000| PB 0x00000000c4e00000| Updating 
|  34|0x00000000c4e00000, 0x00000000c4f00000, 0x00000000c4f00000|100%| O|  |TAMS 0x00000000c4f00000| PB 0x00000000c4f00000| Updating 
|  35|0x00000000c4f00000, 0x00000000c5000000, 0x00000000c5000000|100%| O|  |TAMS 0x00000000c5000000| PB 0x00000000c5000000| Updating 
|  36|0x00000000c5000000, 0x00000000c5100000, 0x00000000c5100000|100%| O|  |TAMS 0x00000000c5100000| PB 0x00000000c5100000| Updating 
|  37|0x00000000c5100000, 0x00000000c5200000, 0x00000000c5200000|100%| O|  |TAMS 0x00000000c5200000| PB 0x00000000c5200000| Untracked 
|  38|0x00000000c5200000, 0x00000000c5300000, 0x00000000c5300000|100%| O|  |TAMS 0x00000000c5300000| PB 0x00000000c5300000| Updating 
|  39|0x00000000c5300000, 0x00000000c5400000, 0x00000000c5400000|100%| O|  |TAMS 0x00000000c5400000| PB 0x00000000c5400000| Updating 
|  40|0x00000000c5400000, 0x00000000c5500000, 0x00000000c5500000|100%| O|  |TAMS 0x00000000c54eb900| PB 0x00000000c54eb900| Updating 
|  41|0x00000000c5500000, 0x00000000c5500000, 0x00000000c5600000|  0%| F|  |TAMS 0x00000000c5500000| PB 0x00000000c5500000| Untracked 
|  42|0x00000000c5600000, 0x00000000c5600000, 0x00000000c5700000|  0%| F|  |TAMS 0x00000000c5600000| PB 0x00000000c5600000| Untracked 
|  43|0x00000000c5700000, 0x00000000c5700000, 0x00000000c5800000|  0%| F|  |TAMS 0x00000000c5700000| PB 0x00000000c5700000| Untracked 
|  44|0x00000000c5800000, 0x00000000c5900000, 0x00000000c5900000|100%| S|CS|TAMS 0x00000000c5800000| PB 0x00000000c5800000| Complete 
|  45|0x00000000c5900000, 0x00000000c5a00000, 0x00000000c5a00000|100%| S|CS|TAMS 0x00000000c5900000| PB 0x00000000c5900000| Complete 
|  46|0x00000000c5a00000, 0x00000000c5b00000, 0x00000000c5b00000|100%| S|CS|TAMS 0x00000000c5a00000| PB 0x00000000c5a00000| Complete 
|  47|0x00000000c5b00000, 0x00000000c5b00000, 0x00000000c5c00000|  0%| F|  |TAMS 0x00000000c5b00000| PB 0x00000000c5b00000| Untracked 
|  48|0x00000000c5c00000, 0x00000000c5c00000, 0x00000000c5d00000|  0%| F|  |TAMS 0x00000000c5c00000| PB 0x00000000c5c00000| Untracked 
|  49|0x00000000c5d00000, 0x00000000c5d00000, 0x00000000c5e00000|  0%| F|  |TAMS 0x00000000c5d00000| PB 0x00000000c5d00000| Untracked 
|  50|0x00000000c5e00000, 0x00000000c5e00000, 0x00000000c5f00000|  0%| F|  |TAMS 0x00000000c5e00000| PB 0x00000000c5e00000| Untracked 
|  51|0x00000000c5f00000, 0x00000000c5f00000, 0x00000000c6000000|  0%| F|  |TAMS 0x00000000c5f00000| PB 0x00000000c5f00000| Untracked 
|  52|0x00000000c6000000, 0x00000000c6000000, 0x00000000c6100000|  0%| F|  |TAMS 0x00000000c6000000| PB 0x00000000c6000000| Untracked 
|  53|0x00000000c6100000, 0x00000000c6100000, 0x00000000c6200000|  0%| F|  |TAMS 0x00000000c6100000| PB 0x00000000c6100000| Untracked 
|  54|0x00000000c6200000, 0x00000000c6200000, 0x00000000c6300000|  0%| F|  |TAMS 0x00000000c6200000| PB 0x00000000c6200000| Untracked 
|  55|0x00000000c6300000, 0x00000000c6300000, 0x00000000c6400000|  0%| F|  |TAMS 0x00000000c6300000| PB 0x00000000c6300000| Untracked 
|  56|0x00000000c6400000, 0x00000000c6400000, 0x00000000c6500000|  0%| F|  |TAMS 0x00000000c6400000| PB 0x00000000c6400000| Untracked 
|  57|0x00000000c6500000, 0x00000000c6500000, 0x00000000c6600000|  0%| F|  |TAMS 0x00000000c6500000| PB 0x00000000c6500000| Untracked 
|  58|0x00000000c6600000, 0x00000000c6600000, 0x00000000c6700000|  0%| F|  |TAMS 0x00000000c6600000| PB 0x00000000c6600000| Untracked 
|  59|0x00000000c6700000, 0x00000000c6700000, 0x00000000c6800000|  0%| F|  |TAMS 0x00000000c6700000| PB 0x00000000c6700000| Untracked 
|  60|0x00000000c6800000, 0x00000000c6800000, 0x00000000c6900000|  0%| F|  |TAMS 0x00000000c6800000| PB 0x00000000c6800000| Untracked 
|  61|0x00000000c6900000, 0x00000000c6900000, 0x00000000c6a00000|  0%| F|  |TAMS 0x00000000c6900000| PB 0x00000000c6900000| Untracked 
|  62|0x00000000c6a00000, 0x00000000c6a00000, 0x00000000c6b00000|  0%| F|  |TAMS 0x00000000c6a00000| PB 0x00000000c6a00000| Untracked 
|  63|0x00000000c6b00000, 0x00000000c6b00000, 0x00000000c6c00000|  0%| F|  |TAMS 0x00000000c6b00000| PB 0x00000000c6b00000| Untracked 
|  64|0x00000000c6c00000, 0x00000000c6c00000, 0x00000000c6d00000|  0%| F|  |TAMS 0x00000000c6c00000| PB 0x00000000c6c00000| Untracked 
|  65|0x00000000c6d00000, 0x00000000c6d0b530, 0x00000000c6e00000|  4%| E|  |TAMS 0x00000000c6d00000| PB 0x00000000c6d00000| Complete 
|  66|0x00000000c6e00000, 0x00000000c6f00000, 0x00000000c6f00000|100%| E|CS|TAMS 0x00000000c6e00000| PB 0x00000000c6e00000| Complete 

Card table byte_map: [0x000001fd967f0000,0x000001fd969e0000] _byte_map_base: 0x000001fd961da000

Marking Bits: (CMBitMap*) 0x000001fd96bfc9e0
 Bits: [0x000001fda2040000, 0x000001fda2f90000)

Polling page: 0x000001fd949b0000

Metaspace:

Usage:
  Non-class:     64.40 MB used.
      Class:     10.49 MB used.
       Both:     74.89 MB used.

Virtual space:
  Non-class space:      128.00 MB reserved,      65.00 MB ( 51%) committed,  2 nodes.
      Class space:        1.00 GB reserved,      10.88 MB (  1%) committed,  1 nodes.
             Both:        1.12 GB reserved,      75.88 MB (  7%) committed. 

Chunk freelists:
   Non-Class:  14.34 MB
       Class:  5.23 MB
        Both:  19.57 MB

MaxMetaspaceSize: unlimited
CompressedClassSpaceSize: 1.00 GB
Initial GC threshold: 21.00 MB
Current GC threshold: 115.31 MB
CDS: on
 - commit_granule_bytes: 65536.
 - commit_granule_words: 8192.
 - virtual_space_node_default_size: 8388608.
 - enlarge_chunks_in_place: 1.
 - use_allocation_guard: 0.


Internal statistics:

num_allocs_failed_limit: 9.
num_arena_births: 1550.
num_arena_deaths: 512.
num_vsnodes_births: 3.
num_vsnodes_deaths: 0.
num_space_committed: 1214.
num_space_uncommitted: 0.
num_chunks_returned_to_freelist: 620.
num_chunks_taken_from_freelist: 4541.
num_chunk_merges: 149.
num_chunk_splits: 3029.
num_chunks_enlarged: 2204.
num_inconsistent_stats: 0.

CodeCache: size=49152Kb used=12243Kb max_used=14876Kb free=36909Kb
 bounds [0x000001fd9f040000, 0x000001fd9ff10000, 0x000001fda2040000]
 total_blobs=7217 nmethods=6436 adapters=705
 compilation: enabled
              stopped_count=0, restarted_count=0
 full_count=0

Compilation events (20 events):
Event: 336.424 Thread 0x000001fda51dde70 8923       1       java.lang.invoke.LambdaFormEditor::getInCache (165 bytes)
Event: 336.424 Thread 0x000001fda51dde70 nmethod 8923 0x000001fd9fdefd90 code [0x000001fd9fdeffa0, 0x000001fd9fdf04a0]
Event: 336.426 Thread 0x000001fda51dde70 8924       1       com.mysql.cj.NativeQueryBindings::getBindValues (5 bytes)
Event: 336.426 Thread 0x000001fda51dde70 nmethod 8924 0x000001fd9fdefa90 code [0x000001fd9fdefc20, 0x000001fd9fdefce8]
Event: 336.429 Thread 0x000001fda51dde70 8925       1       com.mysql.cj.ClientPreparedQuery::setOriginalSql (6 bytes)
Event: 336.429 Thread 0x000001fda51dde70 nmethod 8925 0x000001fd9fdef790 code [0x000001fd9fdef920, 0x000001fd9fdefa30]
Event: 336.429 Thread 0x000001fda51dde70 8926       1       com.mysql.cj.ClientPreparedQuery::setQueryBindings (6 bytes)
Event: 336.429 Thread 0x000001fda51dde70 nmethod 8926 0x000001fd9fdef490 code [0x000001fd9fdef620, 0x000001fd9fdef730]
Event: 336.429 Thread 0x000001fda51dde70 8927       1       com.fasterxml.jackson.core.io.SerializedString::getValue (5 bytes)
Event: 336.430 Thread 0x000001fda51dde70 nmethod 8927 0x000001fd9fdef190 code [0x000001fd9fdef320, 0x000001fd9fdef3e8]
Event: 336.430 Thread 0x000001fda51dde70 8928       1       org.apache.coyote.Response::getWriteListener (5 bytes)
Event: 336.431 Thread 0x000001fda51dde70 nmethod 8928 0x000001fd9fdeee90 code [0x000001fd9fdef020, 0x000001fd9fdef0e8]
Event: 336.437 Thread 0x000001fda51dde70 8929       1       org.apache.tomcat.util.net.SocketWrapperBase::getSocket (5 bytes)
Event: 336.438 Thread 0x000001fda51dde70 nmethod 8929 0x000001fd9fdeeb90 code [0x000001fd9fdeed20, 0x000001fd9fdeede8]
Event: 336.438 Thread 0x000001fda51dde70 8930       1       org.apache.tomcat.util.buf.AbstractChunk::recycle (21 bytes)
Event: 336.438 Thread 0x000001fda51dde70 nmethod 8930 0x000001fd9fdee890 code [0x000001fd9fdeea20, 0x000001fd9fdeeb00]
Event: 336.529 Thread 0x000001fda51dde70 8931       1       org.hibernate.persister.entity.EntityPersister::getEntityMappingType (2 bytes)
Event: 336.529 Thread 0x000001fda51dde70 nmethod 8931 0x000001fd9fdee590 code [0x000001fd9fdee720, 0x000001fd9fdee7e8]
Event: 336.538 Thread 0x000001fda51dde70 8932       1       org.hibernate.resource.transaction.backend.jdbc.internal.JdbcResourceLocalTransactionCoordinatorImpl$TransactionDriverControlImpl::getStatus (23 bytes)
Event: 336.538 Thread 0x000001fda51dde70 nmethod 8932 0x000001fd9fdee190 code [0x000001fd9fdee340, 0x000001fd9fdee488]

GC Heap History (20 events):
Event: 22.075 GC heap before
{Heap before GC invocations=17 (full 0):
 garbage-first heap   total 66560K, used 42630K [0x00000000c2c00000, 0x0000000100000000)
  region size 1024K, 16 young (16384K), 2 survivors (2048K)
 Metaspace       used 59444K, committed 60096K, reserved 1114112K
  class space    used 8186K, committed 8512K, reserved 1048576K
}
Event: 22.080 GC heap after
{Heap after GC invocations=18 (full 0):
 garbage-first heap   total 66560K, used 29268K [0x00000000c2c00000, 0x0000000100000000)
  region size 1024K, 2 young (2048K), 2 survivors (2048K)
 Metaspace       used 59444K, committed 60096K, reserved 1114112K
  class space    used 8186K, committed 8512K, reserved 1048576K
}
Event: 24.448 GC heap before
{Heap before GC invocations=19 (full 0):
 garbage-first heap   total 66560K, used 58964K [0x00000000c2c00000, 0x0000000100000000)
  region size 1024K, 31 young (31744K), 2 survivors (2048K)
 Metaspace       used 63630K, committed 64448K, reserved 1114112K
  class space    used 8842K, committed 9216K, reserved 1048576K
}
Event: 24.460 GC heap after
{Heap after GC invocations=20 (full 0):
 garbage-first heap   total 66560K, used 31506K [0x00000000c2c00000, 0x0000000100000000)
  region size 1024K, 4 young (4096K), 4 survivors (4096K)
 Metaspace       used 63630K, committed 64448K, reserved 1114112K
  class space    used 8842K, committed 9216K, reserved 1048576K
}
Event: 28.623 GC heap before
{Heap before GC invocations=20 (full 0):
 garbage-first heap   total 66560K, used 57106K [0x00000000c2c00000, 0x0000000100000000)
  region size 1024K, 29 young (29696K), 4 survivors (4096K)
 Metaspace       used 66713K, committed 67456K, reserved 1114112K
  class space    used 9273K, committed 9600K, reserved 1048576K
}
Event: 28.641 GC heap after
{Heap after GC invocations=21 (full 0):
 garbage-first heap   total 66560K, used 33232K [0x00000000c2c00000, 0x0000000100000000)
  region size 1024K, 3 young (3072K), 3 survivors (3072K)
 Metaspace       used 66713K, committed 67456K, reserved 1114112K
  class space    used 9273K, committed 9600K, reserved 1048576K
}
Event: 30.868 GC heap before
{Heap before GC invocations=21 (full 0):
 garbage-first heap   total 66560K, used 57808K [0x00000000c2c00000, 0x0000000100000000)
  region size 1024K, 27 young (27648K), 3 survivors (3072K)
 Metaspace       used 67178K, committed 67904K, reserved 1114112K
  class space    used 9315K, committed 9664K, reserved 1048576K
}
Event: 30.893 GC heap after
{Heap after GC invocations=22 (full 0):
 garbage-first heap   total 66560K, used 34868K [0x00000000c2c00000, 0x0000000100000000)
  region size 1024K, 4 young (4096K), 4 survivors (4096K)
 Metaspace       used 67178K, committed 67904K, reserved 1114112K
  class space    used 9315K, committed 9664K, reserved 1048576K
}
Event: 59.411 GC heap before
{Heap before GC invocations=23 (full 0):
 garbage-first heap   total 66560K, used 57396K [0x00000000c2c00000, 0x0000000100000000)
  region size 1024K, 26 young (26624K), 4 survivors (4096K)
 Metaspace       used 67985K, committed 68800K, reserved 1114112K
  class space    used 9453K, committed 9792K, reserved 1048576K
}
Event: 59.429 GC heap after
{Heap after GC invocations=24 (full 0):
 garbage-first heap   total 66560K, used 37010K [0x00000000c2c00000, 0x0000000100000000)
  region size 1024K, 4 young (4096K), 4 survivors (4096K)
 Metaspace       used 67985K, committed 68800K, reserved 1114112K
  class space    used 9453K, committed 9792K, reserved 1048576K
}
Event: 62.548 GC heap before
{Heap before GC invocations=24 (full 0):
 garbage-first heap   total 66560K, used 57490K [0x00000000c2c00000, 0x0000000100000000)
  region size 1024K, 24 young (24576K), 4 survivors (4096K)
 Metaspace       used 69153K, committed 69952K, reserved 1114112K
  class space    used 9624K, committed 9984K, reserved 1048576K
}
Event: 62.568 GC heap after
{Heap after GC invocations=25 (full 0):
 garbage-first heap   total 66560K, used 38263K [0x00000000c2c00000, 0x0000000100000000)
  region size 1024K, 2 young (2048K), 2 survivors (2048K)
 Metaspace       used 69153K, committed 69952K, reserved 1114112K
  class space    used 9624K, committed 9984K, reserved 1048576K
}
Event: 66.676 GC heap before
{Heap before GC invocations=25 (full 0):
 garbage-first heap   total 66560K, used 59767K [0x00000000c2c00000, 0x0000000100000000)
  region size 1024K, 23 young (23552K), 2 survivors (2048K)
 Metaspace       used 70001K, committed 70848K, reserved 1114112K
  class space    used 9782K, committed 10176K, reserved 1048576K
}
Event: 66.688 GC heap after
{Heap after GC invocations=26 (full 0):
 garbage-first heap   total 66560K, used 39550K [0x00000000c2c00000, 0x0000000100000000)
  region size 1024K, 3 young (3072K), 3 survivors (3072K)
 Metaspace       used 70001K, committed 70848K, reserved 1114112K
  class space    used 9782K, committed 10176K, reserved 1048576K
}
Event: 68.467 GC heap before
{Heap before GC invocations=27 (full 0):
 garbage-first heap   total 68608K, used 59006K [0x00000000c2c00000, 0x0000000100000000)
  region size 1024K, 22 young (22528K), 3 survivors (3072K)
 Metaspace       used 70331K, committed 71104K, reserved 1114112K
  class space    used 9807K, committed 10176K, reserved 1048576K
}
Event: 68.491 GC heap after
{Heap after GC invocations=28 (full 0):
 garbage-first heap   total 68608K, used 40955K [0x00000000c2c00000, 0x0000000100000000)
  region size 1024K, 3 young (3072K), 3 survivors (3072K)
 Metaspace       used 70331K, committed 71104K, reserved 1114112K
  class space    used 9807K, committed 10176K, reserved 1048576K
}
Event: 70.253 GC heap before
{Heap before GC invocations=28 (full 0):
 garbage-first heap   total 68608K, used 60411K [0x00000000c2c00000, 0x0000000100000000)
  region size 1024K, 23 young (23552K), 3 survivors (3072K)
 Metaspace       used 73771K, committed 74496K, reserved 1114112K
  class space    used 10357K, committed 10688K, reserved 1048576K
}
Event: 70.272 GC heap after
{Heap after GC invocations=29 (full 0):
 garbage-first heap   total 68608K, used 41424K [0x00000000c2c00000, 0x0000000100000000)
  region size 1024K, 2 young (2048K), 2 survivors (2048K)
 Metaspace       used 73771K, committed 74496K, reserved 1114112K
  class space    used 10357K, committed 10688K, reserved 1048576K
}
Event: 336.272 GC heap before
{Heap before GC invocations=29 (full 0):
 garbage-first heap   total 68608K, used 60880K [0x00000000c2c00000, 0x0000000100000000)
  region size 1024K, 22 young (22528K), 2 survivors (2048K)
 Metaspace       used 76669K, committed 77504K, reserved 1179648K
  class space    used 10764K, committed 11136K, reserved 1048576K
}
Event: 336.314 GC heap after
{Heap after GC invocations=30 (full 0):
 garbage-first heap   total 68608K, used 43625K [0x00000000c2c00000, 0x0000000100000000)
  region size 1024K, 3 young (3072K), 3 survivors (3072K)
 Metaspace       used 76669K, committed 77504K, reserved 1179648K
  class space    used 10764K, committed 11136K, reserved 1048576K
}

Dll operation events (13 events):
Event: 0.063 Loaded shared library C:\Program Files\Java\jdk-21\bin\java.dll
Event: 2.658 Loaded shared library C:\Program Files\Java\jdk-21\bin\zip.dll
Event: 2.687 Loaded shared library C:\Program Files\Java\jdk-21\bin\instrument.dll
Event: 2.688 Loaded shared library C:\Program Files\Java\jdk-21\bin\zip.dll
Event: 2.695 Loaded shared library C:\Program Files\Java\jdk-21\bin\jimage.dll
Event: 2.716 Loaded shared library C:\Program Files\Java\jdk-21\bin\net.dll
Event: 2.730 Loaded shared library C:\Program Files\Java\jdk-21\bin\nio.dll
Event: 3.013 Loaded shared library C:\Program Files\JetBrains\IntelliJ IDEA 2024.3.2.2\bin\breakgen64.dll
Event: 3.040 Loaded shared library C:\Program Files\Java\jdk-21\bin\extnet.dll
Event: 3.043 Loaded shared library C:\Program Files\Java\jdk-21\bin\management.dll
Event: 3.073 Loaded shared library C:\Program Files\Java\jdk-21\bin\management_ext.dll
Event: 7.212 Loaded shared library C:\Program Files\Java\jdk-21\bin\sunmscapi.dll
Event: 17.276 Loaded shared library C:\Program Files\Java\jdk-21\bin\verify.dll

Deoptimization events (10 events):
Event: 11.675 Thread 0x000001fd94a2eac0 DEOPT PACKING pc=0x000001fd9f75f68c sp=0x0000008bd78fd2c0
Event: 11.676 Thread 0x000001fd94a2eac0 DEOPT UNPACKING pc=0x000001fd9f094e23 sp=0x0000008bd78fc778 mode 0
Event: 12.334 Thread 0x000001fd94a2eac0 DEOPT PACKING pc=0x000001fd9f89b489 sp=0x0000008bd78fde00
Event: 12.334 Thread 0x000001fd94a2eac0 DEOPT UNPACKING pc=0x000001fd9f094e23 sp=0x0000008bd78fd398 mode 0
Event: 24.787 Thread 0x000001fd94a2eac0 DEOPT PACKING pc=0x000001fd9f596b9c sp=0x0000008bd78fc580
Event: 24.788 Thread 0x000001fd94a2eac0 DEOPT UNPACKING pc=0x000001fd9f094e23 sp=0x0000008bd78fbad8 mode 0
Event: 47.744 Thread 0x000001fd94a2eac0 DEOPT PACKING pc=0x000001fd9f56e2e1 sp=0x0000008bd78fe030
Event: 47.744 Thread 0x000001fd94a2eac0 DEOPT UNPACKING pc=0x000001fd9f094e23 sp=0x0000008bd78fd538 mode 3
Event: 47.745 Thread 0x000001fd94a2eac0 DEOPT PACKING pc=0x000001fd9f55e2aa sp=0x0000008bd78fdff0
Event: 47.746 Thread 0x000001fd94a2eac0 DEOPT UNPACKING pc=0x000001fd9f094e23 sp=0x0000008bd78fd538 mode 3

Classes loaded (20 events):
Event: 333.538 Loading class java/util/ArrayList$SubList$2
Event: 333.539 Loading class java/util/ArrayList$SubList$2 done
Event: 333.546 Loading class java/util/concurrent/locks/ReentrantReadWriteLock$Sync$HoldCounter
Event: 333.548 Loading class java/util/concurrent/locks/ReentrantReadWriteLock$Sync$HoldCounter done
Event: 335.184 Loading class java/time/format/DateTimeFormatterBuilder$ZoneTextPrinterParser
Event: 335.187 Loading class java/time/format/DateTimeFormatterBuilder$ZoneTextPrinterParser done
Event: 335.189 Loading class java/time/format/DateTimeFormatterBuilder$ReducedPrinterParser
Event: 335.190 Loading class java/time/format/DateTimeFormatterBuilder$ReducedPrinterParser done
Event: 335.355 Loading class java/util/ArrayDeque$DescendingIterator
Event: 335.355 Loading class java/util/ArrayDeque$DescendingIterator done
Event: 335.855 Loading class jdk/internal/reflect/MethodHandleDoubleFieldAccessorImpl
Event: 335.855 Loading class jdk/internal/reflect/MethodHandleDoubleFieldAccessorImpl done
Event: 335.930 Loading class java/util/Base64
Event: 335.931 Loading class java/util/Base64 done
Event: 335.931 Loading class java/util/Base64$Encoder
Event: 335.932 Loading class java/util/Base64$Encoder done
Event: 336.201 Loading class org/w3c/dom/Node
Event: 336.202 Loading class org/w3c/dom/Node done
Event: 336.202 Loading class org/w3c/dom/Document
Event: 336.203 Loading class org/w3c/dom/Document done

Classes unloaded (20 events):
Event: 336.552 Thread 0x000001fd96c7c730 Unloading class 0x000001fda718cc00 'java/lang/invoke/LambdaForm$MH+0x000001fda718cc00'
Event: 336.552 Thread 0x000001fd96c7c730 Unloading class 0x000001fda718c800 'java/lang/invoke/LambdaForm$MH+0x000001fda718c800'
Event: 336.552 Thread 0x000001fd96c7c730 Unloading class 0x000001fda70e2400 'java/lang/invoke/LambdaForm$MH+0x000001fda70e2400'
Event: 336.552 Thread 0x000001fd96c7c730 Unloading class 0x000001fda70d8c00 'jdk/internal/reflect/GeneratedSerializationConstructorAccessor10'
Event: 336.552 Thread 0x000001fd96c7c730 Unloading class 0x000001fda70d8800 'jdk/internal/reflect/GeneratedSerializationConstructorAccessor9'
Event: 336.552 Thread 0x000001fd96c7c730 Unloading class 0x000001fda70ce400 'java/lang/invoke/LambdaForm$MH+0x000001fda70ce400'
Event: 336.552 Thread 0x000001fd96c7c730 Unloading class 0x000001fda70cd400 'java/lang/invoke/LambdaForm$MH+0x000001fda70cd400'
Event: 336.552 Thread 0x000001fd96c7c730 Unloading class 0x000001fda70cd000 'java/lang/invoke/LambdaForm$MH+0x000001fda70cd000'
Event: 336.552 Thread 0x000001fd96c7c730 Unloading class 0x000001fda70cc800 'java/lang/invoke/LambdaForm$MH+0x000001fda70cc800'
Event: 336.552 Thread 0x000001fd96c7c730 Unloading class 0x000001fda70cc000 'java/lang/invoke/LambdaForm$MH+0x000001fda70cc000'
Event: 336.552 Thread 0x000001fd96c7c730 Unloading class 0x000001fda700b800 'java/lang/invoke/LambdaForm$MH+0x000001fda700b800'
Event: 336.552 Thread 0x000001fd96c7c730 Unloading class 0x000001fda700a800 'java/lang/invoke/LambdaForm$MH+0x000001fda700a800'
Event: 336.552 Thread 0x000001fd96c7c730 Unloading class 0x000001fda700a400 'java/lang/invoke/LambdaForm$MH+0x000001fda700a400'
Event: 336.552 Thread 0x000001fd96c7c730 Unloading class 0x000001fda7009c00 'java/lang/invoke/LambdaForm$MH+0x000001fda7009c00'
Event: 336.552 Thread 0x000001fd96c7c730 Unloading class 0x000001fda7009000 'java/lang/invoke/LambdaForm$MH+0x000001fda7009000'
Event: 336.552 Thread 0x000001fd96c7c730 Unloading class 0x000001fda7007000 'java/lang/invoke/LambdaForm$MH+0x000001fda7007000'
Event: 336.552 Thread 0x000001fd96c7c730 Unloading class 0x000001fda7006800 'java/lang/invoke/LambdaForm$MH+0x000001fda7006800'
Event: 336.552 Thread 0x000001fd96c7c730 Unloading class 0x000001fda7006000 'java/lang/invoke/LambdaForm$MH+0x000001fda7006000'
Event: 336.552 Thread 0x000001fd96c7c730 Unloading class 0x000001fda7005800 'java/lang/invoke/LambdaForm$MH+0x000001fda7005800'
Event: 336.552 Thread 0x000001fd96c7c730 Unloading class 0x000001fda7005000 'java/lang/invoke/LambdaForm$MH+0x000001fda7005000'

Classes redefined (0 events):
No events

Internal exceptions (20 events):
Event: 68.810 Thread 0x000001fd94a2eac0 Exception <a 'java/lang/NoSuchMethodError'{0x00000000c6945c70}: 'java.lang.Object java.lang.invoke.DirectMethodHandle$Holder.newInvokeSpecial(java.lang.Object, java.lang.Object, int, java.lang.Object, java.lang.Object)'> (0x00000000c6945c70) 
thrown [s\open\src\hotspot\share\interpreter\linkResolver.cpp, line 773]
Event: 68.811 Thread 0x000001fd94a2eac0 Exception <a 'java/lang/NoSuchMethodError'{0x00000000c6950770}: 'java.lang.Object java.lang.invoke.DirectMethodHandle$Holder.invokeSpecial(java.lang.Object, java.lang.Object, int, java.lang.Object, int, java.lang.Object)'> (0x00000000c6950770) 
thrown [s\open\src\hotspot\share\interpreter\linkResolver.cpp, line 773]
Event: 68.812 Thread 0x000001fd94a2eac0 Exception <a 'java/lang/NoSuchMethodError'{0x00000000c69578b0}: 'java.lang.Object java.lang.invoke.DirectMethodHandle$Holder.newInvokeSpecial(java.lang.Object, java.lang.Object, int, java.lang.Object, int)'> (0x00000000c69578b0) 
thrown [s\open\src\hotspot\share\interpreter\linkResolver.cpp, line 773]
Event: 68.812 Thread 0x000001fd94a2eac0 Exception <a 'java/lang/NoSuchMethodError'{0x00000000c695b730}: 'java.lang.Object java.lang.invoke.DirectMethodHandle$Holder.invokeSpecial(java.lang.Object, java.lang.Object, java.lang.Object, int, java.lang.Object, int)'> (0x00000000c695b730) 
thrown [s\open\src\hotspot\share\interpreter\linkResolver.cpp, line 773]
Event: 69.279 Thread 0x000001fd94a2eac0 Exception <a 'java/lang/NoSuchMethodError'{0x00000000c618c640}: 'java.lang.Object java.lang.invoke.DirectMethodHandle$Holder.invokeInterface(java.lang.Object, java.lang.Object, java.lang.Object, java.lang.Object)'> (0x00000000c618c640) 
thrown [s\open\src\hotspot\share\interpreter\linkResolver.cpp, line 773]
Event: 69.774 Thread 0x000001fd94a2eac0 Exception <a 'java/lang/IncompatibleClassChangeError'{0x00000000c5daa0f0}: Found class java.lang.Object, but interface was expected> (0x00000000c5daa0f0) 
thrown [s\open\src\hotspot\share\interpreter\linkResolver.cpp, line 840]
Event: 69.782 Thread 0x000001fd94a2eac0 Exception <a 'java/lang/NoSuchMethodError'{0x00000000c5dd5300}: 'java.lang.Object java.lang.invoke.DirectMethodHandle$Holder.newInvokeSpecial(java.lang.Object, java.lang.Object, java.lang.Object, long)'> (0x00000000c5dd5300) 
thrown [s\open\src\hotspot\share\interpreter\linkResolver.cpp, line 773]
Event: 69.782 Thread 0x000001fd94a2eac0 Exception <a 'java/lang/NoSuchMethodError'{0x00000000c5dd9630}: 'java.lang.Object java.lang.invoke.DirectMethodHandle$Holder.invokeSpecial(java.lang.Object, java.lang.Object, java.lang.Object, java.lang.Object, long)'> (0x00000000c5dd9630) 
thrown [s\open\src\hotspot\share\interpreter\linkResolver.cpp, line 773]
Event: 69.782 Thread 0x000001fd94a2eac0 Exception <a 'java/lang/NoSuchMethodError'{0x00000000c5ddd240}: 'java.lang.Object java.lang.invoke.Invokers$Holder.linkToTargetMethod(java.lang.Object, java.lang.Object, long, java.lang.Object)'> (0x00000000c5ddd240) 
thrown [s\open\src\hotspot\share\interpreter\linkResolver.cpp, line 773]
Event: 69.875 Thread 0x000001fd94a2eac0 Exception <a 'java/lang/NoSuchMethodError'{0x00000000c5cd2388}: 'void java.lang.invoke.DirectMethodHandle$Holder.invokeSpecialIFC(java.lang.Object, java.lang.Object, int, java.lang.Object, java.lang.Object, java.lang.Object, java.lang.Object)'> (0x00000000c5cd2388) 
thrown [s\open\src\hotspot\share\interpreter\linkResolver.cpp, line 773]
Event: 304.572 Thread 0x000001fdec40a420 Exception <a 'java/lang/NoSuchMethodError'{0x00000000c6ac2330}: static [B.<clinit>()V> (0x00000000c6ac2330) 
thrown [s\open\src\hotspot\share\prims\jni.cpp, line 1111]
Event: 332.351 Thread 0x000001fdec40b7d0 Exception <a 'java/lang/NoSuchMethodError'{0x00000000c68a5408}: 'java.lang.Object java.lang.invoke.DirectMethodHandle$Holder.invokeSpecial(java.lang.Object, java.lang.Object, java.lang.Object, java.lang.Object, java.lang.Object, long)'> (0x00000000c68a5408) 
thrown [s\open\src\hotspot\share\interpreter\linkResolver.cpp, line 773]
Event: 332.355 Thread 0x000001fdec40b7d0 Exception <a 'java/lang/NoSuchMethodError'{0x00000000c68a8c48}: 'java.lang.Object java.lang.invoke.Invokers$Holder.linkToTargetMethod(java.lang.Object, java.lang.Object, java.lang.Object, long, java.lang.Object)'> (0x00000000c68a8c48) 
thrown [s\open\src\hotspot\share\interpreter\linkResolver.cpp, line 773]
Event: 333.535 Thread 0x000001fdec40aab0 Exception <a 'java/lang/NoSuchMethodError'{0x00000000c65596a0}: 'java.lang.Object java.lang.invoke.DirectMethodHandle$Holder.invokeStatic(java.lang.Object, int, int)'> (0x00000000c65596a0) 
thrown [s\open\src\hotspot\share\interpreter\linkResolver.cpp, line 773]
Event: 333.536 Thread 0x000001fdec40b7d0 Exception <a 'java/lang/NoSuchMethodError'{0x00000000c651a7b8}: 'java.lang.Object java.lang.invoke.DirectMethodHandle$Holder.invokeStatic(java.lang.Object, int, int)'> (0x00000000c651a7b8) 
thrown [s\open\src\hotspot\share\interpreter\linkResolver.cpp, line 773]
Event: 335.856 Thread 0x000001fdec40b7d0 Exception <a 'java/lang/NoSuchMethodError'{0x00000000c612d9e0}: 'double java.lang.invoke.DelegatingMethodHandle$Holder.reinvoke_L(java.lang.Object, java.lang.Object)'> (0x00000000c612d9e0) 
thrown [s\open\src\hotspot\share\interpreter\linkResolver.cpp, line 773]
Event: 335.858 Thread 0x000001fdec40b7d0 Exception <a 'java/lang/NoSuchMethodError'{0x00000000c614a130}: 'void java.lang.invoke.DelegatingMethodHandle$Holder.reinvoke_L(java.lang.Object, java.lang.Object, double)'> (0x00000000c614a130) 
thrown [s\open\src\hotspot\share\interpreter\linkResolver.cpp, line 773]
Event: 335.923 Thread 0x000001fdec40c4f0 Exception <a 'java/lang/NoSuchMethodError'{0x00000000c5f66368}: 'void java.lang.invoke.Invokers$Holder.invokeExact_MT(java.lang.Object, java.lang.Object, int, java.lang.Object)'> (0x00000000c5f66368) 
thrown [s\open\src\hotspot\share\interpreter\linkResolver.cpp, line 773]
Event: 336.256 Thread 0x000001fdec40b7d0 Exception <a 'java/lang/NoSuchMethodError'{0x00000000c5be01b0}: 'double java.lang.invoke.DirectMethodHandle$Holder.invokeVirtual(java.lang.Object, java.lang.Object)'> (0x00000000c5be01b0) 
thrown [s\open\src\hotspot\share\interpreter\linkResolver.cpp, line 773]
Event: 336.257 Thread 0x000001fdec40c4f0 Exception <a 'java/lang/NoSuchMethodError'{0x00000000c5bb4268}: 'double java.lang.invoke.DirectMethodHandle$Holder.invokeVirtual(java.lang.Object, java.lang.Object)'> (0x00000000c5bb4268) 
thrown [s\open\src\hotspot\share\interpreter\linkResolver.cpp, line 773]

ZGC Phase Switch (0 events):
No events

VM Operations (20 events):
Event: 335.260 Executing VM operation: HandshakeAllThreads (Deoptimize) done
Event: 335.390 Executing VM operation: HandshakeAllThreads (Deoptimize)
Event: 335.390 Executing VM operation: HandshakeAllThreads (Deoptimize) done
Event: 335.457 Executing VM operation: HandshakeAllThreads (Deoptimize)
Event: 335.458 Executing VM operation: HandshakeAllThreads (Deoptimize) done
Event: 335.567 Executing VM operation: HandshakeAllThreads (Deoptimize)
Event: 335.568 Executing VM operation: HandshakeAllThreads (Deoptimize) done
Event: 335.725 Executing VM operation: HandshakeAllThreads (Deoptimize)
Event: 335.725 Executing VM operation: HandshakeAllThreads (Deoptimize) done
Event: 335.725 Executing VM operation: Cleanup
Event: 335.725 Executing VM operation: Cleanup done
Event: 335.850 Executing VM operation: HandshakeAllThreads (Deoptimize)
Event: 335.850 Executing VM operation: HandshakeAllThreads (Deoptimize) done
Event: 335.935 Executing VM operation: HandshakeAllThreads (Deoptimize)
Event: 335.936 Executing VM operation: HandshakeAllThreads (Deoptimize) done
Event: 336.160 Executing VM operation: HandshakeAllThreads (Deoptimize)
Event: 336.160 Executing VM operation: HandshakeAllThreads (Deoptimize) done
Event: 336.271 Executing VM operation: G1CollectForAllocation (G1 Evacuation Pause)
Event: 336.316 Executing VM operation: G1CollectForAllocation (G1 Evacuation Pause) done
Event: 336.542 Executing VM operation: G1PauseRemark

Events (20 events):
Event: 336.896 Thread 0x000001fd96c7c730 flushing nmethod 0x000001fd9fbebe90
Event: 336.896 Thread 0x000001fd96c7c730 flushing nmethod 0x000001fd9fbec390
Event: 336.896 Thread 0x000001fd96c7c730 flushing nmethod 0x000001fd9fbec690
Event: 336.896 Thread 0x000001fd96c7c730 flushing nmethod 0x000001fd9fbecc90
Event: 336.896 Thread 0x000001fd96c7c730 flushing nmethod 0x000001fd9fbef810
Event: 336.896 Thread 0x000001fd96c7c730 flushing nmethod 0x000001fd9fbefb10
Event: 336.896 Thread 0x000001fd96c7c730 flushing nmethod 0x000001fd9fbeff90
Event: 336.896 Thread 0x000001fd96c7c730 flushing nmethod 0x000001fd9fbf0290
Event: 336.896 Thread 0x000001fd96c7c730 flushing nmethod 0x000001fd9fbf0610
Event: 336.896 Thread 0x000001fd96c7c730 flushing nmethod 0x000001fd9fbf0990
Event: 336.896 Thread 0x000001fd96c7c730 flushing nmethod 0x000001fd9fbf0d10
Event: 336.896 Thread 0x000001fd96c7c730 flushing nmethod 0x000001fd9fbf1010
Event: 336.896 Thread 0x000001fd96c7c730 flushing nmethod 0x000001fd9fbf2110
Event: 336.896 Thread 0x000001fd96c7c730 flushing nmethod 0x000001fd9fbf2910
Event: 336.896 Thread 0x000001fd96c7c730 flushing nmethod 0x000001fd9fbf5490
Event: 336.896 Thread 0x000001fd96c7c730 flushing nmethod 0x000001fd9fbf5810
Event: 336.896 Thread 0x000001fd96c7c730 flushing nmethod 0x000001fd9fbf5b90
Event: 336.896 Thread 0x000001fd96c7c730 flushing nmethod 0x000001fd9fbfd490
Event: 336.896 Thread 0x000001fd96c7c730 flushing nmethod 0x000001fd9fcbce90
Event: 336.896 Thread 0x000001fd96c7c730 flushing nmethod 0x000001fd9fe65390


Dynamic libraries:
0x00007ff7fce70000 - 0x00007ff7fce80000 	C:\Program Files\Java\jdk-21\bin\java.exe
0x00007ffcd36c0000 - 0x00007ffcd3927000 	C:\WINDOWS\SYSTEM32\ntdll.dll
0x00007ffcd14d0000 - 0x00007ffcd1599000 	C:\WINDOWS\System32\KERNEL32.DLL
0x00007ffcd0ce0000 - 0x00007ffcd10d0000 	C:\WINDOWS\System32\KERNELBASE.dll
0x00007ffcc0ca0000 - 0x00007ffcc0cb9000 	C:\Program Files\Java\jdk-21\bin\jli.dll
0x00007ffcd2520000 - 0x00007ffcd25d4000 	C:\WINDOWS\System32\ADVAPI32.dll
0x00007ffcd0b60000 - 0x00007ffcd0cab000 	C:\WINDOWS\System32\ucrtbase.dll
0x00007ffcd2420000 - 0x00007ffcd24c9000 	C:\WINDOWS\System32\msvcrt.dll
0x00007ffccc9f0000 - 0x00007ffccca0b000 	C:\Program Files\Java\jdk-21\bin\VCRUNTIME140.dll
0x00007ffcd2be0000 - 0x00007ffcd2c86000 	C:\WINDOWS\System32\sechost.dll
0x00007ffcd2a40000 - 0x00007ffcd2b58000 	C:\WINDOWS\System32\RPCRT4.dll
0x00007ffcd2f60000 - 0x00007ffcd3125000 	C:\WINDOWS\System32\USER32.dll
0x00007ffcd0cb0000 - 0x00007ffcd0cd7000 	C:\WINDOWS\System32\win32u.dll
0x00007ffcd2650000 - 0x00007ffcd267b000 	C:\WINDOWS\System32\GDI32.dll
0x00007ffcd08a0000 - 0x00007ffcd09d8000 	C:\WINDOWS\System32\gdi32full.dll
0x00007ffcd07f0000 - 0x00007ffcd0893000 	C:\WINDOWS\System32\msvcp_win.dll
0x00007ffcc24b0000 - 0x00007ffcc24bb000 	C:\WINDOWS\SYSTEM32\VERSION.dll
0x00007ffcbc7c0000 - 0x00007ffcbca5a000 	C:\WINDOWS\WinSxS\amd64_microsoft.windows.common-controls_6595b64144ccf1df_6.0.26100.4768_none_3e0c112ce331287c\COMCTL32.dll
0x00007ffcd2f10000 - 0x00007ffcd2f3f000 	C:\WINDOWS\System32\IMM32.DLL
0x00007ffcbb160000 - 0x00007ffcbb16c000 	C:\Program Files\Java\jdk-21\bin\vcruntime140_1.dll
0x00007ffc93b90000 - 0x00007ffc93c1e000 	C:\Program Files\Java\jdk-21\bin\msvcp140.dll
0x00007ffc50b70000 - 0x00007ffc5188a000 	C:\Program Files\Java\jdk-21\bin\server\jvm.dll
0x00007ffcd2b60000 - 0x00007ffcd2bd4000 	C:\WINDOWS\System32\WS2_32.dll
0x00007ffcd0650000 - 0x00007ffcd06ae000 	C:\WINDOWS\SYSTEM32\POWRPROF.dll
0x00007ffcbebf0000 - 0x00007ffcbec25000 	C:\WINDOWS\SYSTEM32\WINMM.dll
0x00007ffcd0630000 - 0x00007ffcd0644000 	C:\WINDOWS\SYSTEM32\UMPDC.dll
0x00007ffccf470000 - 0x00007ffccf48b000 	C:\WINDOWS\SYSTEM32\kernel.appcore.dll
0x00007ffcb80d0000 - 0x00007ffcb80da000 	C:\Program Files\Java\jdk-21\bin\jimage.dll
0x00007ffcce030000 - 0x00007ffcce271000 	C:\WINDOWS\SYSTEM32\DBGHELP.DLL
0x00007ffcd1940000 - 0x00007ffcd1cc5000 	C:\WINDOWS\System32\combase.dll
0x00007ffcd1850000 - 0x00007ffcd1930000 	C:\WINDOWS\System32\OLEAUT32.dll
0x00007ffcb5be0000 - 0x00007ffcb5c23000 	C:\WINDOWS\SYSTEM32\dbgcore.DLL
0x00007ffcd1170000 - 0x00007ffcd1209000 	C:\WINDOWS\System32\bcryptPrimitives.dll
0x00007ffcb3e70000 - 0x00007ffcb3e7f000 	C:\Program Files\Java\jdk-21\bin\instrument.dll
0x00007ffcaefa0000 - 0x00007ffcaefbf000 	C:\Program Files\Java\jdk-21\bin\java.dll
0x00007ffcd1cd0000 - 0x00007ffcd241d000 	C:\WINDOWS\System32\SHELL32.dll
0x00007ffcd1210000 - 0x00007ffcd1383000 	C:\WINDOWS\System32\wintypes.dll
0x00007ffcce410000 - 0x00007ffccec70000 	C:\WINDOWS\SYSTEM32\windows.storage.dll
0x00007ffcd15a0000 - 0x00007ffcd1695000 	C:\WINDOWS\System32\SHCORE.dll
0x00007ffcd25e0000 - 0x00007ffcd264a000 	C:\WINDOWS\System32\shlwapi.dll
0x00007ffcd0710000 - 0x00007ffcd0739000 	C:\WINDOWS\SYSTEM32\profapi.dll
0x00007ffca41a0000 - 0x00007ffca41b8000 	C:\Program Files\Java\jdk-21\bin\zip.dll
0x00007ffcaeed0000 - 0x00007ffcaeee0000 	C:\Program Files\Java\jdk-21\bin\net.dll
0x00007ffcc2920000 - 0x00007ffcc2a3e000 	C:\WINDOWS\SYSTEM32\WINHTTP.dll
0x00007ffccfb00000 - 0x00007ffccfb6b000 	C:\WINDOWS\system32\mswsock.dll
0x00007ffca2fe0000 - 0x00007ffca2ff6000 	C:\Program Files\Java\jdk-21\bin\nio.dll
0x00007ffccf070000 - 0x00007ffccf196000 	C:\WINDOWS\SYSTEM32\DNSAPI.dll
0x00007ffccf030000 - 0x00007ffccf063000 	C:\WINDOWS\SYSTEM32\IPHLPAPI.DLL
0x00007ffcd31b0000 - 0x00007ffcd31ba000 	C:\WINDOWS\System32\NSI.dll
0x00000000670f0000 - 0x0000000067125000 	C:\Program Files\Bonjour\mdnsNSP.dll
0x00007ffcc0a70000 - 0x00007ffcc0a7b000 	C:\Windows\System32\rasadhlp.dll
0x00007ffca11f0000 - 0x00007ffca120a000 	C:\Program Files\JetBrains\IntelliJ IDEA 2024.3.2.2\bin\breakgen64.dll
0x00007ffcc2420000 - 0x00007ffcc24a6000 	C:\WINDOWS\System32\fwpuclnt.dll
0x00007ffcaee90000 - 0x00007ffcaee99000 	C:\Program Files\Java\jdk-21\bin\extnet.dll
0x00007ffca4740000 - 0x00007ffca474a000 	C:\Program Files\Java\jdk-21\bin\management.dll
0x00007ffca4190000 - 0x00007ffca419b000 	C:\Program Files\Java\jdk-21\bin\management_ext.dll
0x00007ffcd2e10000 - 0x00007ffcd2e18000 	C:\WINDOWS\System32\PSAPI.DLL
0x00007ffccfdd0000 - 0x00007ffccfdeb000 	C:\WINDOWS\SYSTEM32\CRYPTSP.dll
0x00007ffccf4f0000 - 0x00007ffccf52b000 	C:\WINDOWS\system32\rsaenh.dll
0x00007ffccfba0000 - 0x00007ffccfbcb000 	C:\WINDOWS\SYSTEM32\USERENV.dll
0x00007ffcd06e0000 - 0x00007ffcd0706000 	C:\WINDOWS\SYSTEM32\bcrypt.dll
0x00007ffccfdc0000 - 0x00007ffccfdcc000 	C:\WINDOWS\SYSTEM32\CRYPTBASE.dll
0x00007ffcb0b40000 - 0x00007ffcb0b58000 	C:\WINDOWS\system32\napinsp.dll
0x00007ffcaebb0000 - 0x00007ffcaebc2000 	C:\WINDOWS\System32\winrnr.dll
0x00007ffcaeb70000 - 0x00007ffcaeba0000 	C:\WINDOWS\system32\nlansp_c.dll
0x00007ffcaeb40000 - 0x00007ffcaeb60000 	C:\WINDOWS\system32\wshbth.dll
0x00007ffcbb3a0000 - 0x00007ffcbb3ee000 	C:\WINDOWS\SYSTEM32\pdh.dll
0x00007ffccd0e0000 - 0x00007ffccd0f2000 	C:\WINDOWS\System32\perfproc.dll
0x00007ffca16a0000 - 0x00007ffca16ae000 	C:\Program Files\Java\jdk-21\bin\sunmscapi.dll
0x00007ffcd09e0000 - 0x00007ffcd0b57000 	C:\WINDOWS\System32\CRYPT32.dll
0x00007ffccffe0000 - 0x00007ffcd0010000 	C:\WINDOWS\SYSTEM32\ncrypt.dll
0x00007ffccff90000 - 0x00007ffccffcf000 	C:\WINDOWS\SYSTEM32\NTASN1.dll
0x00007ffca0b00000 - 0x00007ffca0b10000 	C:\Program Files\Java\jdk-21\bin\verify.dll
0x00007ffc9d3f0000 - 0x00007ffc9d3f8000 	C:\WINDOWS\system32\wshunix.dll

dbghelp: loaded successfully - version: 4.0.5 - missing functions: none
symbol engine: initialized successfully - sym options: 0x614 - pdb path: .;C:\Program Files\Java\jdk-21\bin;C:\WINDOWS\SYSTEM32;C:\WINDOWS\WinSxS\amd64_microsoft.windows.common-controls_6595b64144ccf1df_6.0.26100.4768_none_3e0c112ce331287c;C:\Program Files\Java\jdk-21\bin\server;C:\Program Files\Bonjour;C:\Program Files\JetBrains\IntelliJ IDEA 2024.3.2.2\bin

VM Arguments:
jvm_args: -XX:TieredStopAtLevel=1 -Dspring.output.ansi.enabled=always -Dcom.sun.management.jmxremote -Dspring.jmx.enabled=true -Dspring.liveBeansView.mbeanDomain -Dspring.application.admin.enabled=true -Dmanagement.endpoints.jmx.exposure.include=* -javaagent:C:\Program Files\JetBrains\IntelliJ IDEA 2024.3.2.2\lib\idea_rt.jar=30610:C:\Program Files\JetBrains\IntelliJ IDEA 2024.3.2.2\bin -Dfile.encoding=UTF-8 -Dsun.stdout.encoding=UTF-8 -Dsun.stderr.encoding=UTF-8 
java_command: za.ac.cput.Main
java_class_path (initial): C:\Users\27820\IdeaProjects\ADP3_Capstone_Project\target\classes;C:\Users\27820\.m2\repository\org\springframework\boot\spring-boot-starter-web\3.2.5\spring-boot-starter-web-3.2.5.jar;C:\Users\27820\.m2\repository\org\springframework\boot\spring-boot-starter\3.2.5\spring-boot-starter-3.2.5.jar;C:\Users\27820\.m2\repository\org\springframework\boot\spring-boot\3.2.5\spring-boot-3.2.5.jar;C:\Users\27820\.m2\repository\org\springframework\boot\spring-boot-autoconfigure\3.2.5\spring-boot-autoconfigure-3.2.5.jar;C:\Users\27820\.m2\repository\org\springframework\boot\spring-boot-starter-logging\3.2.5\spring-boot-starter-logging-3.2.5.jar;C:\Users\27820\.m2\repository\ch\qos\logback\logback-classic\1.4.14\logback-classic-1.4.14.jar;C:\Users\27820\.m2\repository\ch\qos\logback\logback-core\1.4.14\logback-core-1.4.14.jar;C:\Users\27820\.m2\repository\org\apache\logging\log4j\log4j-to-slf4j\2.21.1\log4j-to-slf4j-2.21.1.jar;C:\Users\27820\.m2\repository\org\apache\logging\log4j\log4j-api\2.21.1\log4j-api-2.21.1.jar;C:\Users\27820\.m2\repository\org\slf4j\jul-to-slf4j\2.0.13\jul-to-slf4j-2.0.13.jar;C:\Users\27820\.m2\repository\jakarta\annotation\jakarta.annotation-api\2.1.1\jakarta.annotation-api-2.1.1.jar;C:\Users\27820\.m2\repository\org\yaml\snakeyaml\2.2\snakeyaml-2.2.jar;C:\Users\27820\.m2\repository\org\springframework\boot\spring-boot-starter-json\3.2.5\spring-boot-starter-json-3.2.5.jar;C:\Users\27820\.m2\repository\com\fasterxml\jackson\core\jackson-databind\2.15.4\jackson-databind-2.15.4.jar;C:\Users\27820\.m2\repository\com\fasterxml\jackson\core\jackson-annotations\2.15.4\jackson-annotations-2.15.4.jar;C:\Users\27820\.m2\repository\com\fasterxml\jackson\core\jackson-core\2.15.4\jackson-core-2.15.4.jar;C:\Users\27820\.m2\repository\com\fasterxml\jackson\datatype\jackson-datatype-jdk8\2.15.4\jackson-datatype-jdk8-2.15.4.jar;C:\Users\27820\.m2\repository\com\fasterxml\jackson\datatype\jackson-datatype-jsr310\2.15.4\jackson-datatype-jsr310-2.15.4.jar;C:\Users\27820\.m2\repository\com\fasterxml\jackson\module\jackson-module-parameter-names\2.15.4\jackson-module-parameter-names-2.15.4.jar;C:\Users\27820\.m2\repository\org\springframework\boot\spring-boot-starter-tomcat\3.2.5\spring-boot-starter-tomcat-3.2.5.jar;C:\Users\27820\.m2\repository\org\apache\tomcat\embed\tomcat-embed-core\10.1.20\tomcat-embed-core-10.1.20.jar;C:\Users\27820\.m2\repository\org\apache\tomcat\embed\tomcat-embed-el\10.1.20\tomcat-embed-el-10.1.20.jar;C:\Users\27820\.m2\repository\org\apache\tomcat\embed\tomcat-embed-websocket\10.1.20\tomcat-embed-websocket-10.1.20.jar;C:\Users\27820\.m2\repository\org\springframework\spring-web\6.1.6\spring-web-6.1.6.jar;C:\Users\27820\.m2\repository\org\springframework\spring-beans\6.1.6\spring-beans-6.1.6.jar;C:\Users\27820\.m2\repository\org\springframework\spring-webmvc\6.1.6\spring-webmvc-6.1.6.jar;C:\Users\27820\.m2\repository\org\springframework\spring-aop\6.1.6\spring-aop-6.1.6.jar;C:\Users\27820\.m2\repository\org\springframework\spring-context\6.1.6\spring-context-6.1.6.jar;C:\Users\27820\.m2\repository\org\springframework\spring-expression\6.1.6\spring-expression-6.1.6.jar;C:\Users\27820\.m2\repository\org\springframework\boot\spring-boot-starter-data-jpa\3.2.5\spring-boot-starter-data-jpa-3.2.5.jar;C:\Users\27820\.m2\repository\org\springframework\boot\spring-boot-starter-aop\3.2.5\spring-boot-starter-aop-3.2.5.jar;C:\Users\27820\.m2\repository\org\aspectj\aspectjweaver\1.9.22\aspectjweaver-1.9.22.jar;C:\Users\27820\.m2\repository\org\springframework\boot\spring-boot-starter-jdbc\3.2.5\spring-boot-starter-jdbc-3.2.5.jar;C:\Users\27820\.m2\repository\com\zaxxer\HikariCP\5.0.1\HikariCP-5.0.1.jar;C:\Users\27820\.m2\repository\org\springframework\spring-jdbc\6.1.6\spring-jdbc-6.1.6.jar;C:\Users\27820\.m2\repository\org\hibernate\orm\hibernate-core\6.4.4.Final\hibernate-core-6.4.4.Final.jar;C:\Users\27820\.m2\repository\jakarta\persistence\jakarta.persistence-api\3.1.0\jakarta.persistence-api-3.1.0.jar;C:\Users\27820\.m2\repository\jakarta\transaction\jakarta.transaction-api\2.0.1\jakarta.transaction-api-2.0.1.jar;C:\Users\27820\.m2\repository\org\jboss\logging\jboss-logging\3.5.3.Final\jboss-logging-3.5.3.Final.jar;C:\Users\27820\.m2\repository\org\hibernate\common\hibernate-commons-annotations\6.0.6.Final\hibernate-commons-annotations-6.0.6.Final.jar;C:\Users\27820\.m2\repository\io\smallrye\jandex\3.1.2\jandex-3.1.2.jar;C:\Users\27820\.m2\repository\com\fasterxml\classmate\1.6.0\classmate-1.6.0.jar;C:\Users\27820\.m2\repository\net\bytebuddy\byte-buddy\1.14.13\byte-buddy-1.14.13.jar;C:\Users\27820\.m2\repository\org\glassfish\jaxb\jaxb-runtime\4.0.5\jaxb-runtime-4.0.5.jar;C:\Users\27820\.m2\repository\org\glassfish\jaxb\jaxb-core\4.0.5\jaxb-core-4.0.5.jar;C:\Users\27820\.m2\repository\org\eclipse\angus\angus-activation\2.0.2\angus-activation-2.0.2.jar;C:\Users\27820\.m2\repository\org\glassfish\jaxb\txw2\4.0.5\txw2-4.0.5.jar;C:\Users\27820\.m2\repository\com\sun\istack\istack-commons-runtime\4.1.2\istack-commons-runtime-4.1.2.jar;C:\Users\27820\.m2\repository\jakarta\inject\jakarta.inject-api\2.0.1\jakarta.inject-api-2.0.1.jar;C:\Users\27820\.m2\repository\org\antlr\antlr4-runtime\4.13.0\antlr4-runtime-4.13.0.jar;C:\Users\27820\.m2\repository\org\springframework\data\spring-data-jpa\3.2.5\spring-data-jpa-3.2.5.jar;C:\Users\27820\.m2\repository\org\springframework\data\spring-data-commons\3.2.5\spring-data-commons-3.2.5.jar;C:\Users\27820\.m2\repository\org\springframework\spring-orm\6.1.6\spring-orm-6.1.6.jar;C:\Users\27820\.m2\repository\org\springframework\spring-tx\6.1.6\spring-tx-6.1.6.jar;C:\Users\27820\.m2\repository\org\slf4j\slf4j-api\2.0.13\slf4j-api-2.0.13.jar;C:\Users\27820\.m2\repository\org\springframework\spring-aspects\6.1.6\spring-aspects-6.1.6.jar;C:\Users\27820\.m2\repository\com\mysql\mysql-connector-j\9.2.0\mysql-connector-j-9.2.0.jar;C:\Users\27820\.m2\repository\commons-validator\commons-validator\1.9.0\commons-validator-1.9.0.jar;C:\Users\27820\.m2\repository\commons-beanutils\commons-beanutils\1.9.4\commons-beanutils-1.9.4.jar;C:\Users\27820\.m2\repository\commons-digester\commons-digester\2.1\commons-digester-2.1.jar;C:\Users\27820\.m2\repository\commons-logging\commons-logging\1.3.2\commons-logging-1.3.2.jar;C:\Users\27820\.m2\repository\commons-collections\commons-collections\3.2.2\commons-collections-3.2.2.jar;C:\Users\27820\.m2\repository\org\springframework\boot\spring-boot-starter-actuator\3.2.5\spring-boot-starter-actuator-3.2.5.jar;C:\Users\27820\.m2\repository\org\springframework\boot\spring-boot-actuator-autoconfigure\3.2.5\spring-boot-actuator-autoconfigure-3.2.5.jar;C:\Users\27820\.m2\repository\org\springframework\boot\spring-boot-actuator\3.2.5\spring-boot-actuator-3.2.5.jar;C:\Users\27820\.m2\repository\io\micrometer\micrometer-observation\1.12.5\micrometer-observation-1.12.5.jar;C:\Users\27820\.m2\repository\io\micrometer\micrometer-commons\1.12.5\micrometer-commons-1.12.5.jar;C:\Users\27820\.m2\repository\io\micrometer\micrometer-jakarta9\1.12.5\micrometer-jakarta9-1.12.5.jar;C:\Users\27820\.m2\repository\io\micrometer\micrometer-core\1.12.5\micrometer-core-1.12.5.jar;C:\Users\27820\.m2\repository\org\hdrhistogram\HdrHistogram\2.1.12\HdrHistogram-2.1.12.jar;C:\Users\27820\.m2\repository\org\latencyutils\LatencyUtils\2.0.3\LatencyUtils-2.0.3.jar;C:\Users\27820\.m2\repository\jakarta\xml\bind\jakarta.xml.bind-api\4.0.2\jakarta.xml.bind-api-4.0.2.jar;C:\Users\27820\.m2\repository\jakarta\activation\jakarta.activation-api\2.1.3\jakarta.activation-api-2.1.3.jar;C:\Users\27820\.m2\repository\org\springframework\spring-core\6.1.6\spring-core-6.1.6.jar;C:\Users\27820\.m2\repository\org\springframework\spring-jcl\6.1.6\spring-jcl-6.1.6.jar
Launcher Type: SUN_STANDARD

[Global flags]
     intx CICompilerCount                          = 2                                         {product} {ergonomic}
     uint ConcGCThreads                            = 1                                         {product} {ergonomic}
     uint G1ConcRefinementThreads                  = 2                                         {product} {ergonomic}
   size_t G1HeapRegionSize                         = 1048576                                   {product} {ergonomic}
    uintx GCDrainStackTargetSize                   = 64                                        {product} {ergonomic}
   size_t InitialHeapSize                          = 65011712                                  {product} {ergonomic}
     bool ManagementServer                         = true                                      {product} {command line}
   size_t MarkStackSize                            = 4194304                                   {product} {ergonomic}
   size_t MaxHeapSize                              = 1027604480                                {product} {ergonomic}
   size_t MaxNewSize                               = 616562688                                 {product} {ergonomic}
   size_t MinHeapDeltaBytes                        = 1048576                                   {product} {ergonomic}
   size_t MinHeapSize                              = 8388608                                   {product} {ergonomic}
    uintx NonNMethodCodeHeapSize                   = 4096                                   {pd product} {ergonomic}
    uintx NonProfiledCodeHeapSize                  = 0                                      {pd product} {ergonomic}
     bool ProfileInterpreter                       = false                                  {pd product} {command line}
    uintx ProfiledCodeHeapSize                     = 0                                      {pd product} {ergonomic}
   size_t SoftMaxHeapSize                          = 1027604480                             {manageable} {ergonomic}
     intx TieredStopAtLevel                        = 1                                         {product} {command line}
     bool UseCompressedOops                        = true                           {product lp64_product} {ergonomic}
     bool UseG1GC                                  = true                                      {product} {ergonomic}
     bool UseLargePagesIndividualAllocation        = false                                  {pd product} {ergonomic}

Logging:
Log output configuration:
 #0: stdout all=warning uptime,level,tags foldmultilines=false
 #1: stderr all=off uptime,level,tags foldmultilines=false

Environment Variables:
JAVA_HOME=C:\Program Files\Java\jdk-22
PATH=C:\Program Files\Common Files\Oracle\Java\javapath;C:\WINDOWS\system32;C:\WINDOWS;C:\WINDOWS\System32\Wbem;C:\WINDOWS\System32\WindowsPowerShell\v1.0\;C:\WINDOWS\System32\OpenSSH\;C:\Program Files\Java\jdk-22\bin;C:\Program Files\Git\cmd;C:\ProgramData\chocolatey\bin;C:\Program Files\apache-maven-3.9.8\bin;C:\Program Files\Java\jdk-22\bin;C:\Users\27820\Desktop\sqlite;C:\sqlite3;C:\Program Files\Java\jdk-21\bin;C:\Program Files\Java\jdk-23\bin;C:\Program Files\dotnet;C:\Program Files\dotnet\;C:\Program Files\nodejs\;C:\Users\27820\AppData\Local\Programs\Python\Python310\;C:\Users\27820\AppData\Local\Programs\Python\Python310\Scripts\;C:\Program Files (x86)\dotnet\;C:\Program Files\Microsoft SQL Server\150\Tools\Binn\;C:\Program Files\Microsoft SQL Server\Client SDK\ODBC\170\Tools\Binn\;C:\Users\27820\AppData\Local\Programs\Python\Python313\Scripts\;C:\Users\27820\AppData\Local\Programs\Python\Python313\;C:\Users\27820\AppData\Local\Programs\Python\Launcher\;C:\Users\27820\AppData\Local\Microsoft\WindowsApps;C:\Users\27820\AppData\Local\Programs\Microsoft VS Code\bin;C:\Program Files\JetBrains\IntelliJ IDEA 2024.3.2.2\bin;;C:\Users\27820\.dotnet\tools;C:\Users\27820\AppData\Local\GitHubDesktop\bin;C:\Users\27820\AppData\Roaming\npm
USERNAME=27820
OS=Windows_NT
PROCESSOR_IDENTIFIER=Intel64 Family 6 Model 122 Stepping 8, GenuineIntel
TMP=C:\Users\27820\AppData\Local\Temp
TEMP=C:\Users\27820\AppData\Local\Temp




Periodic native trim disabled

---------------  S Y S T E M  ---------------

OS:
 Windows 11 , 64 bit Build 26100 (10.0.26100.4768)
OS uptime: 3 days 1:00 hours

CPU: total 2 (initial active 2) (2 cores per cpu, 1 threads per core) family 6 model 122 stepping 8 microcode 0x1c, cx8, cmov, fxsr, mmx, 3dnowpref, sse, sse2, sse3, ssse3, sse4.1, sse4.2, popcnt, tsc, tscinvbit, aes, erms, clmul, sha, clflush, clflushopt, rdtscp, rdpid
Processor Information for all 2 processors :
  Max Mhz: 1101, Current Mhz: 1101, Mhz Limit: 1101

Memory: 4k page, system-wide physical 3918M (197M free)
TotalPageFile size 15694M (AvailPageFile size 10M)
current process WorkingSet (physical memory assigned to process): 203M, peak: 228M
current process commit charge ("private bytes"): 270M, peak: 278M

vm_info: Java HotSpot(TM) 64-Bit Server VM (21.0.6+8-LTS-188) for windows-amd64 JRE (21.0.6+8-LTS-188), built on 2024-12-03T10:50:54Z by "mach5one" with MS VC++ 17.6 (VS2022)

END.
