#
# There is insufficient memory for the Java Runtime Environment to continue.
# Native memory allocation (mmap) failed to map 65011712 bytes for G1 virtual space
# Possible reasons:
#   The system is out of physical RAM or swap space
#   The process is running with CompressedOops enabled, and the Java Heap may be blocking the growth of the native heap
# Possible solutions:
#   Reduce memory load on the system
#   Increase physical memory or swap space
#   Check if swap backing store is full
#   Decrease Java heap size (-Xmx/-Xms)
#   Decrease number of Java threads
#   Decrease Java thread stack sizes (-Xss)
#   Set larger code cache with -XX:ReservedCodeCacheSize=
#   JVM is running with Unscaled Compressed Oops mode in which the Java heap is
#     placed in the first 4GB address space. The Java Heap base address is the
#     maximum limit for the native heap growth. Please use -XX:HeapBaseMinAddress
#     to set the Java Heap base and to place the Java Heap above 4GB virtual address.
# This output file may be truncated or incomplete.
#
#  Out of Memory Error (os_windows.cpp:3603), pid=18572, tid=19580
#
# JRE version:  (21.0.6+8) (build )
# Java VM: Java HotSpot(TM) 64-Bit Server VM (21.0.6+8-LTS-188, mixed mode, sharing, tiered, compressed oops, compressed class ptrs, g1 gc, windows-amd64)
# No core dump will be written. Minidumps are not enabled by default on client versions of Windows
#

---------------  S U M M A R Y ------------

Command Line: -Dnet.bytebuddy.agent.attacher.dump= net.bytebuddy.agent.Attacher com.sun.tools.attach.VirtualMachine 21184 C:\Users\27820\.m2\repository\net\bytebuddy\byte-buddy-agent\1.14.13\byte-buddy-agent-1.14.13.jar false 

Host: Intel(R) Celeron(R) N4020 CPU @ 1.10GHz, 2 cores, 3G,  Windows 11 , 64 bit Build 26100 (10.0.26100.4768)
Time: Mon Aug 25 13:16:52 2025 South Africa Standard Time elapsed time: 0.238504 seconds (0d 0h 0m 0s)

---------------  T H R E A D  ---------------

Current thread (0x000001a1d64cad80):  JavaThread "Unknown thread" [_thread_in_vm, id=19580, stack(0x0000006c6ba00000,0x0000006c6bb00000) (1024K)]

Stack: [0x0000006c6ba00000,0x0000006c6bb00000]
Native frames: (J=compiled Java code, j=interpreted, Vv=VM code, C=native code)
V  [jvm.dll+0x6ca6d9]
V  [jvm.dll+0x854f51]
V  [jvm.dll+0x85747e]
V  [jvm.dll+0x857b53]
V  [jvm.dll+0x27dcc6]
V  [jvm.dll+0x6c6e55]
V  [jvm.dll+0x6bb9da]
V  [jvm.dll+0x35393a]
V  [jvm.dll+0x35b596]
V  [jvm.dll+0x3adefe]
V  [jvm.dll+0x3ae1a8]
V  [jvm.dll+0x327cbc]
V  [jvm.dll+0x32881b]
V  [jvm.dll+0x81e309]
V  [jvm.dll+0x3babe1]
V  [jvm.dll+0x807658]
V  [jvm.dll+0x44fdae]
V  [jvm.dll+0x4519a1]
C  [jli.dll+0x52a3]
C  [ucrtbase.dll+0x37b0]
C  [KERNEL32.DLL+0x2e8d7]
C  [ntdll.dll+0x3c34c]


---------------  P R O C E S S  ---------------

Threads class SMR info:
_java_thread_list=0x00007ffb78a4cc08, length=0, elements={
}

Java Threads: ( => current thread )
Total: 0

Other Threads:
  0x000001a1d884a8f0 WorkerThread "GC Thread#0"                     [id=20604, stack(0x0000006c6bb00000,0x0000006c6bc00000) (1024K)]
  0x000001a1d8853350 ConcurrentGCThread "G1 Main Marker"            [id=21212, stack(0x0000006c6bc00000,0x0000006c6bd00000) (1024K)]
  0x000001a1d8854cd0 WorkerThread "G1 Conc#0"                       [id=3224, stack(0x0000006c6bd00000,0x0000006c6be00000) (1024K)]

[error occurred during error reporting (printing all threads), id 0xc0000005, EXCEPTION_ACCESS_VIOLATION (0xc0000005) at pc=0x00007ffb781ba427]
VM state: not at safepoint (not fully initialized)

VM Mutex/Monitor currently owned by a thread:  ([mutex/lock_event])
[0x00007ffb78abdf98] Heap_lock - owner thread: 0x000001a1d64cad80

Heap address: 0x00000000c2c00000, size: 980 MB, Compressed Oops mode: 32-bit

CDS archive(s) mapped at: [0x0000000000000000-0x0000000000000000-0x0000000000000000), size 0, SharedBaseAddress: 0x0000000800000000, ArchiveRelocationMode: 1.
Narrow klass base: 0x0000000000000000, Narrow klass shift: 0, Narrow klass range: 0x0

GC Precious Log:
 CardTable entry size: 512
 Card Set container configuration: InlinePtr #cards 5 size 8 Array Of Cards #cards 12 size 40 Howl #buckets 4 coarsen threshold 1843 Howl Bitmap #cards 512 size 80 coarsen threshold 460 Card regions per heap region 1 cards per card region 2048

Heap:
 garbage-first heap   total 0K, used 0K [0x00000000c2c00000, 0x0000000100000000)
  region size 1024K, 0 young (0K), 0 survivors (0K)

[error occurred during error reporting (printing heap information), id 0xc0000005, EXCEPTION_ACCESS_VIOLATION (0xc0000005) at pc=0x00007ffb785a36a9]
GC Heap History (0 events):
No events

Dll operation events (1 events):
Event: 0.090 Loaded shared library C:\Program Files\Java\jdk-21\bin\java.dll

Deoptimization events (0 events):
No events

Classes loaded (0 events):
No events

Classes unloaded (0 events):
No events

Classes redefined (0 events):
No events

Internal exceptions (0 events):
No events

ZGC Phase Switch (0 events):
No events

VM Operations (0 events):
No events

Events (0 events):
No events


Dynamic libraries:
0x00007ff716b80000 - 0x00007ff716b90000 	C:\Program Files\Java\jdk-21\bin\java.exe
0x00007ffc25360000 - 0x00007ffc255c7000 	C:\WINDOWS\SYSTEM32\ntdll.dll
0x00007ffc238a0000 - 0x00007ffc23969000 	C:\WINDOWS\System32\KERNEL32.DLL
0x00007ffc22b20000 - 0x00007ffc22f10000 	C:\WINDOWS\System32\KERNELBASE.dll
0x00007ffc227a0000 - 0x00007ffc228eb000 	C:\WINDOWS\System32\ucrtbase.dll
0x00007ffbfdfa0000 - 0x00007ffbfdfb9000 	C:\Program Files\Java\jdk-21\bin\jli.dll
0x00007ffc23d00000 - 0x00007ffc23db4000 	C:\WINDOWS\System32\ADVAPI32.dll
0x00007ffc23e30000 - 0x00007ffc23ed9000 	C:\WINDOWS\System32\msvcrt.dll
0x00007ffc24cd0000 - 0x00007ffc24d76000 	C:\WINDOWS\System32\sechost.dll
0x00007ffc23310000 - 0x00007ffc23428000 	C:\WINDOWS\System32\RPCRT4.dll
0x00007ffc23140000 - 0x00007ffc23305000 	C:\WINDOWS\System32\USER32.dll
0x00007ffc225f0000 - 0x00007ffc22617000 	C:\WINDOWS\System32\win32u.dll
0x00007ffc24da0000 - 0x00007ffc24dcb000 	C:\WINDOWS\System32\GDI32.dll
0x00007ffc22fb0000 - 0x00007ffc230e8000 	C:\WINDOWS\System32\gdi32full.dll
0x00007ffc228f0000 - 0x00007ffc22993000 	C:\WINDOWS\System32\msvcp_win.dll
0x00007ffbfd540000 - 0x00007ffbfd55b000 	C:\Program Files\Java\jdk-21\bin\VCRUNTIME140.dll
0x00007ffc0e450000 - 0x00007ffc0e6ea000 	C:\WINDOWS\WinSxS\amd64_microsoft.windows.common-controls_6595b64144ccf1df_6.0.26100.4768_none_3e0c112ce331287c\COMCTL32.dll
0x00007ffc135e0000 - 0x00007ffc135eb000 	C:\WINDOWS\SYSTEM32\VERSION.dll
0x00007ffc235a0000 - 0x00007ffc235cf000 	C:\WINDOWS\System32\IMM32.DLL
0x00007ffc02ee0000 - 0x00007ffc02eec000 	C:\Program Files\Java\jdk-21\bin\vcruntime140_1.dll
0x00007ffbeb980000 - 0x00007ffbeba0e000 	C:\Program Files\Java\jdk-21\bin\msvcp140.dll
0x00007ffb77e80000 - 0x00007ffb78b9a000 	C:\Program Files\Java\jdk-21\bin\server\jvm.dll
0x00007ffc24370000 - 0x00007ffc243e4000 	C:\WINDOWS\System32\WS2_32.dll
0x00007ffc222f0000 - 0x00007ffc2234e000 	C:\WINDOWS\SYSTEM32\POWRPROF.dll
0x00007ffc108c0000 - 0x00007ffc108f5000 	C:\WINDOWS\SYSTEM32\WINMM.dll
0x00007ffc222d0000 - 0x00007ffc222e4000 	C:\WINDOWS\SYSTEM32\UMPDC.dll
0x00007ffc21210000 - 0x00007ffc2122b000 	C:\WINDOWS\SYSTEM32\kernel.appcore.dll
0x00007ffbfd420000 - 0x00007ffbfd42a000 	C:\Program Files\Java\jdk-21\bin\jimage.dll
0x00007ffc1fb10000 - 0x00007ffc1fd51000 	C:\WINDOWS\SYSTEM32\DBGHELP.DLL
0x00007ffc24e60000 - 0x00007ffc251e5000 	C:\WINDOWS\System32\combase.dll
0x00007ffc235e0000 - 0x00007ffc236c0000 	C:\WINDOWS\System32\OLEAUT32.dll
0x00007ffc080e0000 - 0x00007ffc08123000 	C:\WINDOWS\SYSTEM32\dbgcore.DLL
0x00007ffc22550000 - 0x00007ffc225e9000 	C:\WINDOWS\System32\bcryptPrimitives.dll
0x00007ffbfd2d0000 - 0x00007ffbfd2ef000 	C:\Program Files\Java\jdk-21\bin\java.dll

dbghelp: loaded successfully - version: 4.0.5 - missing functions: none
symbol engine: initialized successfully - sym options: 0x614 - pdb path: .;C:\Program Files\Java\jdk-21\bin;C:\WINDOWS\SYSTEM32;C:\WINDOWS\WinSxS\amd64_microsoft.windows.common-controls_6595b64144ccf1df_6.0.26100.4768_none_3e0c112ce331287c;C:\Program Files\Java\jdk-21\bin\server

VM Arguments:
jvm_args: -Dnet.bytebuddy.agent.attacher.dump= 
java_command: net.bytebuddy.agent.Attacher com.sun.tools.attach.VirtualMachine 21184 C:\Users\27820\.m2\repository\net\bytebuddy\byte-buddy-agent\1.14.13\byte-buddy-agent-1.14.13.jar false 
java_class_path (initial): C:\Users\27820\.m2\repository\net\bytebuddy\byte-buddy-agent\1.14.13\byte-buddy-agent-1.14.13.jar
Launcher Type: SUN_STANDARD

[Global flags]
     intx CICompilerCount                          = 2                                         {product} {ergonomic}
     uint ConcGCThreads                            = 1                                         {product} {ergonomic}
     uint G1ConcRefinementThreads                  = 2                                         {product} {ergonomic}
   size_t G1HeapRegionSize                         = 1048576                                   {product} {ergonomic}
    uintx GCDrainStackTargetSize                   = 64                                        {product} {ergonomic}
   size_t InitialHeapSize                          = 65011712                                  {product} {ergonomic}
   size_t MarkStackSize                            = 4194304                                   {product} {ergonomic}
   size_t MaxHeapSize                              = 1027604480                                {product} {ergonomic}
   size_t MinHeapDeltaBytes                        = 1048576                                   {product} {ergonomic}
   size_t MinHeapSize                              = 8388608                                   {product} {ergonomic}
    uintx NonNMethodCodeHeapSize                   = 5826188                                {pd product} {ergonomic}
    uintx NonProfiledCodeHeapSize                  = 122916026                              {pd product} {ergonomic}
    uintx ProfiledCodeHeapSize                     = 122916026                              {pd product} {ergonomic}
    uintx ReservedCodeCacheSize                    = 251658240                              {pd product} {ergonomic}
     bool SegmentedCodeCache                       = true                                      {product} {ergonomic}
   size_t SoftMaxHeapSize                          = 1027604480                             {manageable} {ergonomic}
     bool UseCompressedOops                        = true                           {product lp64_product} {ergonomic}
     bool UseG1GC                                  = true                                      {product} {ergonomic}
     bool UseLargePagesIndividualAllocation        = false                                  {pd product} {ergonomic}

Logging:
Log output configuration:
 #0: stdout all=warning uptime,level,tags foldmultilines=false
 #1: stderr all=off uptime,level,tags foldmultilines=false

Environment Variables:
JAVA_HOME=C:\Program Files\Java\jdk-22
PATH=C:\Program Files\Common Files\Oracle\Java\javapath;C:\WINDOWS\system32;C:\WINDOWS;C:\WINDOWS\System32\Wbem;C:\WINDOWS\System32\WindowsPowerShell\v1.0\;C:\WINDOWS\System32\OpenSSH\;C:\Program Files\Java\jdk-22\bin;C:\Program Files\Git\cmd;C:\ProgramData\chocolatey\bin;C:\Program Files\apache-maven-3.9.8\bin;C:\Program Files\Java\jdk-22\bin;C:\Users\27820\Desktop\sqlite;C:\sqlite3;C:\Program Files\Java\jdk-21\bin;C:\Program Files\Java\jdk-23\bin;C:\Program Files\dotnet;C:\Program Files\dotnet\;C:\Program Files\nodejs\;C:\Users\27820\AppData\Local\Programs\Python\Python310\;C:\Users\27820\AppData\Local\Programs\Python\Python310\Scripts\;C:\Program Files (x86)\dotnet\;C:\Program Files\Microsoft SQL Server\150\Tools\Binn\;C:\Program Files\Microsoft SQL Server\Client SDK\ODBC\170\Tools\Binn\;C:\Users\27820\AppData\Local\Programs\Python\Python313\Scripts\;C:\Users\27820\AppData\Local\Programs\Python\Python313\;C:\Users\27820\AppData\Local\Programs\Python\Launcher\;C:\Users\27820\AppData\Local\Microsoft\WindowsApps;C:\Users\27820\AppData\Local\Programs\Microsoft VS Code\bin;C:\Program Files\JetBrains\IntelliJ IDEA 2024.3.2.2\bin;;C:\Users\27820\.dotnet\tools;C:\Users\27820\AppData\Local\GitHubDesktop\bin;C:\Users\27820\AppData\Roaming\npm
USERNAME=27820
OS=Windows_NT
PROCESSOR_IDENTIFIER=Intel64 Family 6 Model 122 Stepping 8, GenuineIntel
TMP=C:\Users\27820\AppData\Local\Temp
TEMP=C:\Users\27820\AppData\Local\Temp




Periodic native trim disabled

---------------  S Y S T E M  ---------------

OS:
 Windows 11 , 64 bit Build 26100 (10.0.26100.4768)
OS uptime: 0 days 19:03 hours

CPU: total 2 (initial active 2) (2 cores per cpu, 1 threads per core) family 6 model 122 stepping 8 microcode 0x1c, cx8, cmov, fxsr, mmx, 3dnowpref, sse, sse2, sse3, ssse3, sse4.1, sse4.2, popcnt, tsc, tscinvbit, aes, erms, clmul, sha, clflush, clflushopt, rdtscp, rdpid
Processor Information for all 2 processors :
  Max Mhz: 1101, Current Mhz: 1101, Mhz Limit: 1101

Memory: 4k page, system-wide physical 3918M (469M free)
TotalPageFile size 15694M (AvailPageFile size 65M)
current process WorkingSet (physical memory assigned to process): 11M, peak: 11M
current process commit charge ("private bytes"): 47M, peak: 109M

vm_info: Java HotSpot(TM) 64-Bit Server VM (21.0.6+8-LTS-188) for windows-amd64 JRE (21.0.6+8-LTS-188), built on 2024-12-03T10:50:54Z by "mach5one" with MS VC++ 17.6 (VS2022)

END.
