#
# There is insufficient memory for the Java Runtime Environment to continue.
# Native memory allocation (malloc) failed to allocate 32744 bytes for Chunk::new
# Possible reasons:
#   The system is out of physical RAM or swap space
#   The process is running with CompressedOops enabled, and the Java Heap may be blocking the growth of the native heap
# Possible solutions:
#   Reduce memory load on the system
#   Increase physical memory or swap space
#   Check if swap backing store is full
#   Decrease Java heap size (-Xmx/-Xms)
#   Decrease number of Java threads
#   Decrease Java thread stack sizes (-Xss)
#   Set larger code cache with -XX:ReservedCodeCacheSize=
#   JVM is running with Unscaled Compressed Oops mode in which the Java heap is
#     placed in the first 4GB address space. The Java Heap base address is the
#     maximum limit for the native heap growth. Please use -XX:HeapBaseMinAddress
#     to set the Java Heap base and to place the Java Heap above 4GB virtual address.
# This output file may be truncated or incomplete.
#
#  Out of Memory Error (arena.cpp:168), pid=17176, tid=3484
#
# JRE version: Java(TM) SE Runtime Environment (21.0.6+8) (build 21.0.6+8-LTS-188)
# Java VM: Java HotSpot(TM) 64-Bit Server VM (21.0.6+8-LTS-188, mixed mode, emulated-client, sharing, tiered, compressed oops, compressed class ptrs, g1 gc, windows-amd64)
# No core dump will be written. Minidumps are not enabled by default on client versions of Windows
#

---------------  S U M M A R Y ------------

Command Line: -XX:TieredStopAtLevel=1 -Dspring.output.ansi.enabled=always -Dcom.sun.management.jmxremote -Dspring.jmx.enabled=true -Dspring.liveBeansView.mbeanDomain -Dspring.application.admin.enabled=true -Dmanagement.endpoints.jmx.exposure.include=* -javaagent:C:\Program Files\JetBrains\IntelliJ IDEA 2024.3.2.2\lib\idea_rt.jar=39585:C:\Program Files\JetBrains\IntelliJ IDEA 2024.3.2.2\bin -Dfile.encoding=UTF-8 -Dsun.stdout.encoding=UTF-8 -Dsun.stderr.encoding=UTF-8 za.ac.cput.Main

Host: Intel(R) Celeron(R) N4020 CPU @ 1.10GHz, 2 cores, 3G,  Windows 11 , 64 bit Build 26100 (10.0.26100.4768)
Time: Mon Oct 20 01:03:11 2025 South Africa Standard Time elapsed time: 422.112318 seconds (0d 0h 7m 2s)

---------------  T H R E A D  ---------------

Current thread (0x000002450b44f6b0):  JavaThread "C1 CompilerThread0" daemon [_thread_in_native, id=3484, stack(0x0000009982400000,0x0000009982500000) (1024K)]


Current CompileTask:
C1: 422112 9264       1       com.mysql.cj.QueryInfo::<init> (2259 bytes)

Stack: [0x0000009982400000,0x0000009982500000]
Native frames: (J=compiled Java code, j=interpreted, Vv=VM code, C=native code)
V  [jvm.dll+0x6ca6d9]
V  [jvm.dll+0x854f51]
V  [jvm.dll+0x85747e]
V  [jvm.dll+0x857b53]
V  [jvm.dll+0x27dcc6]
V  [jvm.dll+0xc4c2d]
V  [jvm.dll+0xc5163]
V  [jvm.dll+0x194c03]
V  [jvm.dll+0x194ccd]
V  [jvm.dll+0x1971f3]
V  [jvm.dll+0x198814]
V  [jvm.dll+0x153613]
V  [jvm.dll+0x152e58]
V  [jvm.dll+0x1530a4]
V  [jvm.dll+0x1524d6]
V  [jvm.dll+0x1542ad]
V  [jvm.dll+0x2554f9]
V  [jvm.dll+0x253a8a]
V  [jvm.dll+0x3ee576]
V  [jvm.dll+0x7ff2fb]
V  [jvm.dll+0x6c8dbd]
C  [ucrtbase.dll+0x37b0]
C  [KERNEL32.DLL+0x2e8d7]
C  [ntdll.dll+0x3c34c]


---------------  P R O C E S S  ---------------

Threads class SMR info:
_java_thread_list=0x00000245535c4100, length=29, elements={
0x000002450b443930, 0x000002450b4470b0, 0x000002450b448820, 0x000002450b44ba20,
0x000002450b44c800, 0x000002450b44ea00, 0x000002450b44f6b0, 0x000002457c1bc010,
0x0000024551105130, 0x0000024551109100, 0x00000245512e7260, 0x0000024552362450,
0x000002455274e040, 0x000002455315c740, 0x0000024553673000, 0x00000245522301f0,
0x00000245522322c0, 0x000002455222f4d0, 0x0000024552230880, 0x000002455222ee40,
0x0000024552231c30, 0x000002455222fb60, 0x0000024552230f10, 0x00000245522315a0,
0x0000024553a404e0, 0x0000024553a3f7c0, 0x0000024553a3d060, 0x0000024553a3f130,
0x0000024553a3d6f0
}

Java Threads: ( => current thread )
  0x000002450b443930 JavaThread "Reference Handler"          daemon [_thread_blocked, id=16988, stack(0x0000009981e00000,0x0000009981f00000) (1024K)]
  0x000002450b4470b0 JavaThread "Finalizer"                  daemon [_thread_blocked, id=14536, stack(0x0000009981f00000,0x0000009982000000) (1024K)]
  0x000002450b448820 JavaThread "Signal Dispatcher"          daemon [_thread_blocked, id=8348, stack(0x0000009982000000,0x0000009982100000) (1024K)]
  0x000002450b44ba20 JavaThread "Attach Listener"            daemon [_thread_blocked, id=6912, stack(0x0000009982100000,0x0000009982200000) (1024K)]
  0x000002450b44c800 JavaThread "Service Thread"             daemon [_thread_blocked, id=7320, stack(0x0000009982200000,0x0000009982300000) (1024K)]
  0x000002450b44ea00 JavaThread "Monitor Deflation Thread"   daemon [_thread_blocked, id=17604, stack(0x0000009982300000,0x0000009982400000) (1024K)]
=>0x000002450b44f6b0 JavaThread "C1 CompilerThread0"         daemon [_thread_in_native, id=3484, stack(0x0000009982400000,0x0000009982500000) (1024K)]
  0x000002457c1bc010 JavaThread "Common-Cleaner"             daemon [_thread_blocked, id=19140, stack(0x0000009982500000,0x0000009982600000) (1024K)]
  0x0000024551105130 JavaThread "Monitor Ctrl-Break"         daemon [_thread_in_native, id=9772, stack(0x0000009982800000,0x0000009982900000) (1024K)]
  0x0000024551109100 JavaThread "Notification Thread"        daemon [_thread_blocked, id=17412, stack(0x0000009982900000,0x0000009982a00000) (1024K)]
  0x00000245512e7260 JavaThread "RMI TCP Accept-0"           daemon [_thread_in_native, id=8604, stack(0x0000009982a00000,0x0000009982b00000) (1024K)]
  0x0000024552362450 JavaThread "mysql-cj-abandoned-connection-cleanup" daemon [_thread_blocked, id=10312, stack(0x0000009982b00000,0x0000009982c00000) (1024K)]
  0x000002455274e040 JavaThread "HikariPool-1 housekeeper"   daemon [_thread_blocked, id=11344, stack(0x0000009982c00000,0x0000009982d00000) (1024K)]
  0x000002455315c740 JavaThread "Catalina-utility-1"                [_thread_blocked, id=16868, stack(0x0000009982f00000,0x0000009983000000) (1024K)]
  0x0000024553673000 JavaThread "Catalina-utility-2"                [_thread_blocked, id=10128, stack(0x0000009983000000,0x0000009983100000) (1024K)]
  0x00000245522301f0 JavaThread "container-0"                       [_thread_blocked, id=18756, stack(0x0000009983100000,0x0000009983200000) (1024K)]
  0x00000245522322c0 JavaThread "http-nio-8080-exec-1"       daemon [_thread_blocked, id=15996, stack(0x0000009983300000,0x0000009983400000) (1024K)]
  0x000002455222f4d0 JavaThread "http-nio-8080-exec-2"       daemon [_thread_blocked, id=18616, stack(0x0000009983400000,0x0000009983500000) (1024K)]
  0x0000024552230880 JavaThread "http-nio-8080-exec-3"       daemon [_thread_blocked, id=18200, stack(0x0000009983500000,0x0000009983600000) (1024K)]
  0x000002455222ee40 JavaThread "http-nio-8080-exec-4"       daemon [_thread_blocked, id=3468, stack(0x0000009983600000,0x0000009983700000) (1024K)]
  0x0000024552231c30 JavaThread "http-nio-8080-exec-5"       daemon [_thread_blocked, id=14276, stack(0x0000009983700000,0x0000009983800000) (1024K)]
  0x000002455222fb60 JavaThread "http-nio-8080-exec-6"       daemon [_thread_blocked, id=6744, stack(0x0000009983800000,0x0000009983900000) (1024K)]
  0x0000024552230f10 JavaThread "http-nio-8080-exec-7"       daemon [_thread_blocked, id=17744, stack(0x0000009983900000,0x0000009983a00000) (1024K)]
  0x00000245522315a0 JavaThread "http-nio-8080-exec-8"       daemon [_thread_blocked, id=13504, stack(0x0000009983a00000,0x0000009983b00000) (1024K)]
  0x0000024553a404e0 JavaThread "http-nio-8080-exec-9"       daemon [_thread_blocked, id=15136, stack(0x0000009983b00000,0x0000009983c00000) (1024K)]
  0x0000024553a3f7c0 JavaThread "http-nio-8080-exec-10"      daemon [_thread_blocked, id=14860, stack(0x0000009983c00000,0x0000009983d00000) (1024K)]
  0x0000024553a3d060 JavaThread "http-nio-8080-Poller"       daemon [_thread_in_native, id=2372, stack(0x0000009983d00000,0x0000009983e00000) (1024K)]
  0x0000024553a3f130 JavaThread "http-nio-8080-Acceptor"     daemon [_thread_in_native, id=7576, stack(0x0000009983e00000,0x0000009983f00000) (1024K)]
  0x0000024553a3d6f0 JavaThread "DestroyJavaVM"                     [_thread_blocked, id=14968, stack(0x0000009981600000,0x0000009981700000) (1024K)]
Total: 29

Other Threads:
  0x000002457c1ce0e0 VMThread "VM Thread"                           [id=9864, stack(0x0000009981d00000,0x0000009981e00000) (1024K)]
  0x000002457c1bb2b0 WatcherThread "VM Periodic Task Thread"        [id=18108, stack(0x0000009981c00000,0x0000009981d00000) (1024K)]
  0x000002457c14d220 WorkerThread "GC Thread#0"                     [id=17256, stack(0x0000009981700000,0x0000009981800000) (1024K)]
  0x000002450b9c0ba0 WorkerThread "GC Thread#1"                     [id=4832, stack(0x0000009982700000,0x0000009982800000) (1024K)]
  0x000002457c155b90 ConcurrentGCThread "G1 Main Marker"            [id=8316, stack(0x0000009981800000,0x0000009981900000) (1024K)]
  0x000002457c157420 WorkerThread "G1 Conc#0"                       [id=15224, stack(0x0000009981900000,0x0000009981a00000) (1024K)]
  0x000002457c1a5eb0 ConcurrentGCThread "G1 Refine#0"               [id=11420, stack(0x0000009981a00000,0x0000009981b00000) (1024K)]
  0x000002457c1a77b0 ConcurrentGCThread "G1 Service"                [id=5024, stack(0x0000009981b00000,0x0000009981c00000) (1024K)]
Total: 8

Threads with active compile tasks:
C1 CompilerThread0   422292 9264       1       com.mysql.cj.QueryInfo::<init> (2259 bytes)
Total: 1

VM state: not at safepoint (normal execution)

VM Mutex/Monitor currently owned by a thread: None

Heap address: 0x00000000c2c00000, size: 980 MB, Compressed Oops mode: 32-bit

CDS archive(s) mapped at: [0x000002450c000000-0x000002450cc90000-0x000002450cc90000), size 13172736, SharedBaseAddress: 0x000002450c000000, ArchiveRelocationMode: 1.
Compressed class space mapped at: 0x000002450d000000-0x000002454d000000, reserved size: 1073741824
Narrow klass base: 0x000002450c000000, Narrow klass shift: 0, Narrow klass range: 0x100000000

GC Precious Log:
 CardTable entry size: 512
 Card Set container configuration: InlinePtr #cards 5 size 8 Array Of Cards #cards 12 size 40 Howl #buckets 4 coarsen threshold 1843 Howl Bitmap #cards 512 size 80 coarsen threshold 460 Card regions per heap region 1 cards per card region 2048
 CPUs: 2 total, 2 available
 Memory: 3918M
 Large Page Support: Disabled
 NUMA Support: Disabled
 Compressed Oops: Enabled (32-bit)
 Heap Region Size: 1M
 Heap Min Capacity: 8M
 Heap Initial Capacity: 62M
 Heap Max Capacity: 980M
 Pre-touch: Disabled
 Parallel Workers: 2
 Concurrent Workers: 1
 Concurrent Refinement Workers: 2
 Periodic GC: Disabled

Heap:
 garbage-first heap   total 78848K, used 55439K [0x00000000c2c00000, 0x0000000100000000)
  region size 1024K, 15 young (15360K), 3 survivors (3072K)
 Metaspace       used 78208K, committed 79552K, reserved 1179648K
  class space    used 10986K, committed 11520K, reserved 1048576K

Heap Regions: E=young(eden), S=young(survivor), O=old, HS=humongous(starts), HC=humongous(continues), CS=collection set, F=free, TAMS=top-at-mark-start, PB=parsable bottom
|   0|0x00000000c2c00000, 0x00000000c2d00000, 0x00000000c2d00000|100%|HS|  |TAMS 0x00000000c2c00000| PB 0x00000000c2c00000| Complete 
|   1|0x00000000c2d00000, 0x00000000c2e00000, 0x00000000c2e00000|100%| O|  |TAMS 0x00000000c2d00000| PB 0x00000000c2d00000| Untracked 
|   2|0x00000000c2e00000, 0x00000000c2f00000, 0x00000000c2f00000|100%| O|  |TAMS 0x00000000c2e00000| PB 0x00000000c2e00000| Untracked 
|   3|0x00000000c2f00000, 0x00000000c3000000, 0x00000000c3000000|100%| O|  |TAMS 0x00000000c2f00000| PB 0x00000000c2f00000| Untracked 
|   4|0x00000000c3000000, 0x00000000c3100000, 0x00000000c3100000|100%| O|  |TAMS 0x00000000c3000000| PB 0x00000000c3000000| Untracked 
|   5|0x00000000c3100000, 0x00000000c3200000, 0x00000000c3200000|100%| O|  |TAMS 0x00000000c3100000| PB 0x00000000c3100000| Untracked 
|   6|0x00000000c3200000, 0x00000000c3300000, 0x00000000c3300000|100%| O|  |TAMS 0x00000000c3200000| PB 0x00000000c3200000| Untracked 
|   7|0x00000000c3300000, 0x00000000c3400000, 0x00000000c3400000|100%| O|  |TAMS 0x00000000c3300000| PB 0x00000000c3300000| Untracked 
|   8|0x00000000c3400000, 0x00000000c3500000, 0x00000000c3500000|100%| O|  |TAMS 0x00000000c3400000| PB 0x00000000c3400000| Untracked 
|   9|0x00000000c3500000, 0x00000000c3600000, 0x00000000c3600000|100%| O|  |TAMS 0x00000000c3500000| PB 0x00000000c3500000| Untracked 
|  10|0x00000000c3600000, 0x00000000c3700000, 0x00000000c3700000|100%| O|  |TAMS 0x00000000c3600000| PB 0x00000000c3600000| Untracked 
|  11|0x00000000c3700000, 0x00000000c3800000, 0x00000000c3800000|100%| O|  |TAMS 0x00000000c3700000| PB 0x00000000c3700000| Untracked 
|  12|0x00000000c3800000, 0x00000000c3900000, 0x00000000c3900000|100%| O|Cm|TAMS 0x00000000c3800000| PB 0x00000000c3800000| Complete 
|  13|0x00000000c3900000, 0x00000000c3a00000, 0x00000000c3a00000|100%| O|  |TAMS 0x00000000c3900000| PB 0x00000000c3900000| Untracked 
|  14|0x00000000c3a00000, 0x00000000c3b00000, 0x00000000c3b00000|100%| O|  |TAMS 0x00000000c3a00000| PB 0x00000000c3a00000| Untracked 
|  15|0x00000000c3b00000, 0x00000000c3c00000, 0x00000000c3c00000|100%| O|  |TAMS 0x00000000c3b00000| PB 0x00000000c3b00000| Untracked 
|  16|0x00000000c3c00000, 0x00000000c3d00000, 0x00000000c3d00000|100%| O|  |TAMS 0x00000000c3c00000| PB 0x00000000c3c00000| Untracked 
|  17|0x00000000c3d00000, 0x00000000c3e00000, 0x00000000c3e00000|100%| O|Cm|TAMS 0x00000000c3d00000| PB 0x00000000c3d00000| Complete 
|  18|0x00000000c3e00000, 0x00000000c3f00000, 0x00000000c3f00000|100%| O|  |TAMS 0x00000000c3e00000| PB 0x00000000c3e00000| Untracked 
|  19|0x00000000c3f00000, 0x00000000c3f79490, 0x00000000c4000000| 47%| O|  |TAMS 0x00000000c3f00000| PB 0x00000000c3f00000| Untracked 
|  20|0x00000000c4000000, 0x00000000c4100000, 0x00000000c4100000|100%| O|  |TAMS 0x00000000c4000000| PB 0x00000000c4000000| Untracked 
|  21|0x00000000c4100000, 0x00000000c4200000, 0x00000000c4200000|100%| O|  |TAMS 0x00000000c4100000| PB 0x00000000c4100000| Untracked 
|  22|0x00000000c4200000, 0x00000000c4300000, 0x00000000c4300000|100%| O|Cm|TAMS 0x00000000c4200000| PB 0x00000000c4200000| Complete 
|  23|0x00000000c4300000, 0x00000000c4400000, 0x00000000c4400000|100%| O|Cm|TAMS 0x00000000c4300000| PB 0x00000000c4300000| Complete 
|  24|0x00000000c4400000, 0x00000000c4500000, 0x00000000c4500000|100%| O|Cm|TAMS 0x00000000c4400000| PB 0x00000000c4400000| Complete 
|  25|0x00000000c4500000, 0x00000000c4600000, 0x00000000c4600000|100%| O|  |TAMS 0x00000000c4500000| PB 0x00000000c4500000| Untracked 
|  26|0x00000000c4600000, 0x00000000c4700000, 0x00000000c4700000|100%| O|  |TAMS 0x00000000c4600000| PB 0x00000000c4600000| Untracked 
|  27|0x00000000c4700000, 0x00000000c4800000, 0x00000000c4800000|100%| O|  |TAMS 0x00000000c4700000| PB 0x00000000c4700000| Untracked 
|  28|0x00000000c4800000, 0x00000000c4900000, 0x00000000c4900000|100%| O|  |TAMS 0x00000000c4800000| PB 0x00000000c4800000| Untracked 
|  29|0x00000000c4900000, 0x00000000c4a00000, 0x00000000c4a00000|100%| O|  |TAMS 0x00000000c4900000| PB 0x00000000c4900000| Untracked 
|  30|0x00000000c4a00000, 0x00000000c4b00000, 0x00000000c4b00000|100%| O|Cm|TAMS 0x00000000c4a00000| PB 0x00000000c4a00000| Complete 
|  31|0x00000000c4b00000, 0x00000000c4c00000, 0x00000000c4c00000|100%| O|Cm|TAMS 0x00000000c4b00000| PB 0x00000000c4b00000| Complete 
|  32|0x00000000c4c00000, 0x00000000c4d00000, 0x00000000c4d00000|100%| O|  |TAMS 0x00000000c4c00000| PB 0x00000000c4c00000| Untracked 
|  33|0x00000000c4d00000, 0x00000000c4d00000, 0x00000000c4e00000|  0%| F|  |TAMS 0x00000000c4d00000| PB 0x00000000c4d00000| Untracked 
|  34|0x00000000c4e00000, 0x00000000c4f00000, 0x00000000c4f00000|100%| O|Cm|TAMS 0x00000000c4e00000| PB 0x00000000c4e00000| Complete 
|  35|0x00000000c4f00000, 0x00000000c5000000, 0x00000000c5000000|100%| O|  |TAMS 0x00000000c4f00000| PB 0x00000000c4f00000| Untracked 
|  36|0x00000000c5000000, 0x00000000c5100000, 0x00000000c5100000|100%| O|  |TAMS 0x00000000c5000000| PB 0x00000000c5000000| Untracked 
|  37|0x00000000c5100000, 0x00000000c5200000, 0x00000000c5200000|100%| O|Cm|TAMS 0x00000000c5100000| PB 0x00000000c5100000| Complete 
|  38|0x00000000c5200000, 0x00000000c5300000, 0x00000000c5300000|100%| O|  |TAMS 0x00000000c5200000| PB 0x00000000c5200000| Untracked 
|  39|0x00000000c5300000, 0x00000000c5400000, 0x00000000c5400000|100%| O|  |TAMS 0x00000000c5300000| PB 0x00000000c5300000| Untracked 
|  40|0x00000000c5400000, 0x00000000c5500000, 0x00000000c5500000|100%| O|Cm|TAMS 0x00000000c5400000| PB 0x00000000c5400000| Complete 
|  41|0x00000000c5500000, 0x00000000c5600000, 0x00000000c5600000|100%| O|Cm|TAMS 0x00000000c5500000| PB 0x00000000c5500000| Complete 
|  42|0x00000000c5600000, 0x00000000c5600000, 0x00000000c5700000|  0%| F|  |TAMS 0x00000000c5600000| PB 0x00000000c5600000| Untracked 
|  43|0x00000000c5700000, 0x00000000c5800000, 0x00000000c5800000|100%| O|  |TAMS 0x00000000c5700000| PB 0x00000000c5700000| Untracked 
|  44|0x00000000c5800000, 0x00000000c5800000, 0x00000000c5900000|  0%| F|  |TAMS 0x00000000c5800000| PB 0x00000000c5800000| Untracked 
|  45|0x00000000c5900000, 0x00000000c5900000, 0x00000000c5a00000|  0%| F|  |TAMS 0x00000000c5900000| PB 0x00000000c5900000| Untracked 
|  46|0x00000000c5a00000, 0x00000000c5aaa8f8, 0x00000000c5b00000| 66%| S|CS|TAMS 0x00000000c5a00000| PB 0x00000000c5a00000| Complete 
|  47|0x00000000c5b00000, 0x00000000c5c00000, 0x00000000c5c00000|100%| S|CS|TAMS 0x00000000c5b00000| PB 0x00000000c5b00000| Complete 
|  48|0x00000000c5c00000, 0x00000000c5d00000, 0x00000000c5d00000|100%| S|CS|TAMS 0x00000000c5c00000| PB 0x00000000c5c00000| Complete 
|  49|0x00000000c5d00000, 0x00000000c5d00000, 0x00000000c5e00000|  0%| F|  |TAMS 0x00000000c5d00000| PB 0x00000000c5d00000| Untracked 
|  50|0x00000000c5e00000, 0x00000000c5e00000, 0x00000000c5f00000|  0%| F|  |TAMS 0x00000000c5e00000| PB 0x00000000c5e00000| Untracked 
|  51|0x00000000c5f00000, 0x00000000c5f00000, 0x00000000c6000000|  0%| F|  |TAMS 0x00000000c5f00000| PB 0x00000000c5f00000| Untracked 
|  52|0x00000000c6000000, 0x00000000c6000000, 0x00000000c6100000|  0%| F|  |TAMS 0x00000000c6000000| PB 0x00000000c6000000| Untracked 
|  53|0x00000000c6100000, 0x00000000c6100000, 0x00000000c6200000|  0%| F|  |TAMS 0x00000000c6100000| PB 0x00000000c6100000| Untracked 
|  54|0x00000000c6200000, 0x00000000c6200000, 0x00000000c6300000|  0%| F|  |TAMS 0x00000000c6200000| PB 0x00000000c6200000| Untracked 
|  55|0x00000000c6300000, 0x00000000c6300000, 0x00000000c6400000|  0%| F|  |TAMS 0x00000000c6300000| PB 0x00000000c6300000| Untracked 
|  56|0x00000000c6400000, 0x00000000c6400000, 0x00000000c6500000|  0%| F|  |TAMS 0x00000000c6400000| PB 0x00000000c6400000| Untracked 
|  57|0x00000000c6500000, 0x00000000c6500000, 0x00000000c6600000|  0%| F|  |TAMS 0x00000000c6500000| PB 0x00000000c6500000| Untracked 
|  58|0x00000000c6600000, 0x00000000c6600000, 0x00000000c6700000|  0%| F|  |TAMS 0x00000000c6600000| PB 0x00000000c6600000| Untracked 
|  59|0x00000000c6700000, 0x00000000c6700000, 0x00000000c6800000|  0%| F|  |TAMS 0x00000000c6700000| PB 0x00000000c6700000| Untracked 
|  60|0x00000000c6800000, 0x00000000c6800000, 0x00000000c6900000|  0%| F|  |TAMS 0x00000000c6800000| PB 0x00000000c6800000| Untracked 
|  61|0x00000000c6900000, 0x00000000c6900000, 0x00000000c6a00000|  0%| F|  |TAMS 0x00000000c6900000| PB 0x00000000c6900000| Untracked 
|  62|0x00000000c6a00000, 0x00000000c6a00000, 0x00000000c6b00000|  0%| F|  |TAMS 0x00000000c6a00000| PB 0x00000000c6a00000| Untracked 
|  63|0x00000000c6b00000, 0x00000000c6b00000, 0x00000000c6c00000|  0%| F|  |TAMS 0x00000000c6b00000| PB 0x00000000c6b00000| Untracked 
|  64|0x00000000c6c00000, 0x00000000c6c00000, 0x00000000c6d00000|  0%| F|  |TAMS 0x00000000c6c00000| PB 0x00000000c6c00000| Untracked 
|  65|0x00000000c6d00000, 0x00000000c6e00000, 0x00000000c6e00000|100%| E|  |TAMS 0x00000000c6d00000| PB 0x00000000c6d00000| Complete 
|  66|0x00000000c6e00000, 0x00000000c6f00000, 0x00000000c6f00000|100%| E|  |TAMS 0x00000000c6e00000| PB 0x00000000c6e00000| Complete 
|  67|0x00000000c6f00000, 0x00000000c7000000, 0x00000000c7000000|100%| E|CS|TAMS 0x00000000c6f00000| PB 0x00000000c6f00000| Complete 
|  68|0x00000000c7000000, 0x00000000c7100000, 0x00000000c7100000|100%| E|CS|TAMS 0x00000000c7000000| PB 0x00000000c7000000| Complete 
|  69|0x00000000c7100000, 0x00000000c7200000, 0x00000000c7200000|100%| E|CS|TAMS 0x00000000c7100000| PB 0x00000000c7100000| Complete 
|  70|0x00000000c7200000, 0x00000000c7300000, 0x00000000c7300000|100%| E|CS|TAMS 0x00000000c7200000| PB 0x00000000c7200000| Complete 
|  71|0x00000000c7300000, 0x00000000c7400000, 0x00000000c7400000|100%| E|CS|TAMS 0x00000000c7300000| PB 0x00000000c7300000| Complete 
|  72|0x00000000c7400000, 0x00000000c7500000, 0x00000000c7500000|100%| E|CS|TAMS 0x00000000c7400000| PB 0x00000000c7400000| Complete 
|  73|0x00000000c7500000, 0x00000000c7600000, 0x00000000c7600000|100%| E|CS|TAMS 0x00000000c7500000| PB 0x00000000c7500000| Complete 
|  74|0x00000000c7600000, 0x00000000c7700000, 0x00000000c7700000|100%| E|CS|TAMS 0x00000000c7600000| PB 0x00000000c7600000| Complete 
|  75|0x00000000c7700000, 0x00000000c7800000, 0x00000000c7800000|100%| E|CS|TAMS 0x00000000c7700000| PB 0x00000000c7700000| Complete 
|  76|0x00000000c7800000, 0x00000000c7900000, 0x00000000c7900000|100%| E|CS|TAMS 0x00000000c7800000| PB 0x00000000c7800000| Complete 

Card table byte_map: [0x000002457bce0000,0x000002457bed0000] _byte_map_base: 0x000002457b6ca000

Marking Bits: (CMBitMap*) 0x000002457c14d830
 Bits: [0x00000245083c0000, 0x0000024509310000)

Polling page: 0x0000024579d60000

Metaspace:

Usage:
  Non-class:     65.65 MB used.
      Class:     10.73 MB used.
       Both:     76.38 MB used.

Virtual space:
  Non-class space:      128.00 MB reserved,      66.44 MB ( 52%) committed,  2 nodes.
      Class space:        1.00 GB reserved,      11.25 MB (  1%) committed,  1 nodes.
             Both:        1.12 GB reserved,      77.69 MB (  7%) committed. 

Chunk freelists:
   Non-Class:  13.81 MB
       Class:  4.95 MB
        Both:  18.76 MB

MaxMetaspaceSize: unlimited
CompressedClassSpaceSize: 1.00 GB
Initial GC threshold: 21.00 MB
Current GC threshold: 129.50 MB
CDS: on
 - commit_granule_bytes: 65536.
 - commit_granule_words: 8192.
 - virtual_space_node_default_size: 8388608.
 - enlarge_chunks_in_place: 1.
 - use_allocation_guard: 0.


Internal statistics:

num_allocs_failed_limit: 6.
num_arena_births: 1342.
num_arena_deaths: 448.
num_vsnodes_births: 3.
num_vsnodes_deaths: 0.
num_space_committed: 1243.
num_space_uncommitted: 0.
num_chunks_returned_to_freelist: 495.
num_chunks_taken_from_freelist: 4122.
num_chunk_merges: 120.
num_chunk_splits: 2985.
num_chunks_enlarged: 2307.
num_inconsistent_stats: 0.

CodeCache: size=49152Kb used=14596Kb max_used=14596Kb free=34555Kb
 bounds [0x000002457c1d0000, 0x000002457d070000, 0x000002457f1d0000]
 total_blobs=9114 nmethods=8344 adapters=694
 compilation: enabled
              stopped_count=0, restarted_count=0
 full_count=0

Compilation events (20 events):
Event: 422.003 Thread 0x000002450b44f6b0 nmethod 9254 0x000002457d044090 code [0x000002457d044280, 0x000002457d044498]
Event: 422.003 Thread 0x000002450b44f6b0 9255       1       org.apache.catalina.connector.OutputBuffer::append (70 bytes)
Event: 422.003 Thread 0x000002450b44f6b0 nmethod 9255 0x000002457d043a10 code [0x000002457d043c20, 0x000002457d043ed0]
Event: 422.013 Thread 0x000002450b44f6b0 9256       1       za.ac.cput.domain.Category$HibernateProxy$dFRhw7e2::getHibernateLazyInitializer (20 bytes)
Event: 422.014 Thread 0x000002450b44f6b0 nmethod 9256 0x000002457d043410 code [0x000002457d0435e0, 0x000002457d043880]
Event: 422.015 Thread 0x000002450b44f6b0 9257   !   1       org.hibernate.proxy.AbstractLazyInitializer::initialize (233 bytes)
Event: 422.019 Thread 0x000002450b44f6b0 nmethod 9257 0x000002457d041d90 code [0x000002457d042080, 0x000002457d042a78]
Event: 422.020 Thread 0x000002450b44f6b0 9258       1       org.hibernate.LockOptions::getTimeOut (5 bytes)
Event: 422.020 Thread 0x000002450b44f6b0 nmethod 9258 0x000002457d041a90 code [0x000002457d041c20, 0x000002457d041ce8]
Event: 422.048 Thread 0x000002450b44f6b0 9259       1       org.hibernate.proxy.AbstractLazyInitializer::checkTargetState (39 bytes)
Event: 422.050 Thread 0x000002450b44f6b0 nmethod 9259 0x000002457d041590 code [0x000002457d041740, 0x000002457d0418e8]
Event: 422.051 Thread 0x000002450b44f6b0 9260       1       org.hibernate.engine.jdbc.internal.JdbcServicesImpl::getSqlStatementLogger (5 bytes)
Event: 422.051 Thread 0x000002450b44f6b0 nmethod 9260 0x000002457d041290 code [0x000002457d041420, 0x000002457d0414e8]
Event: 422.051 Thread 0x000002450b44f6b0 9261       1       org.hibernate.sql.results.jdbc.internal.StandardJdbcValuesMapping::getSqlSelections (5 bytes)
Event: 422.051 Thread 0x000002450b44f6b0 nmethod 9261 0x000002457d040f90 code [0x000002457d041120, 0x000002457d0411e8]
Event: 422.051 Thread 0x000002450b44f6b0 9262       1       org.hibernate.resource.jdbc.internal.LogicalConnectionManagedImpl::isOpen (13 bytes)
Event: 422.052 Thread 0x000002450b44f6b0 nmethod 9262 0x000002457d040c90 code [0x000002457d040e20, 0x000002457d040ef8]
Event: 422.054 Thread 0x000002450b44f6b0 9263       1       com.mysql.cj.NativeSession::isClosed (5 bytes)
Event: 422.055 Thread 0x000002450b44f6b0 nmethod 9263 0x000002457d040990 code [0x000002457d040b20, 0x000002457d040bf0]
Event: 422.060 Thread 0x000002450b44f6b0 9264       1       com.mysql.cj.QueryInfo::<init> (2259 bytes)

GC Heap History (20 events):
Event: 23.760 GC heap before
{Heap before GC invocations=20 (full 0):
 garbage-first heap   total 58368K, used 50941K [0x00000000c2c00000, 0x0000000100000000)
  region size 1024K, 21 young (21504K), 3 survivors (3072K)
 Metaspace       used 67002K, committed 67648K, reserved 1114112K
  class space    used 9331K, committed 9600K, reserved 1048576K
}
Event: 23.771 GC heap after
{Heap after GC invocations=21 (full 0):
 garbage-first heap   total 58368K, used 33685K [0x00000000c2c00000, 0x0000000100000000)
  region size 1024K, 3 young (3072K), 3 survivors (3072K)
 Metaspace       used 67002K, committed 67648K, reserved 1114112K
  class space    used 9331K, committed 9600K, reserved 1048576K
}
Event: 25.067 GC heap before
{Heap before GC invocations=22 (full 0):
 garbage-first heap   total 60416K, used 50069K [0x00000000c2c00000, 0x0000000100000000)
  region size 1024K, 19 young (19456K), 3 survivors (3072K)
 Metaspace       used 67153K, committed 67904K, reserved 1114112K
  class space    used 9373K, committed 9728K, reserved 1048576K
}
Event: 25.088 GC heap after
{Heap after GC invocations=23 (full 0):
 garbage-first heap   total 60416K, used 35069K [0x00000000c2c00000, 0x0000000100000000)
  region size 1024K, 3 young (3072K), 3 survivors (3072K)
 Metaspace       used 67153K, committed 67904K, reserved 1114112K
  class space    used 9373K, committed 9728K, reserved 1048576K
}
Event: 26.558 GC heap before
{Heap before GC invocations=23 (full 0):
 garbage-first heap   total 60416K, used 52477K [0x00000000c2c00000, 0x0000000100000000)
  region size 1024K, 20 young (20480K), 3 survivors (3072K)
 Metaspace       used 67260K, committed 67968K, reserved 1114112K
  class space    used 9385K, committed 9728K, reserved 1048576K
}
Event: 26.569 GC heap after
{Heap after GC invocations=24 (full 0):
 garbage-first heap   total 72704K, used 35734K [0x00000000c2c00000, 0x0000000100000000)
  region size 1024K, 2 young (2048K), 2 survivors (2048K)
 Metaspace       used 67260K, committed 67968K, reserved 1114112K
  class space    used 9385K, committed 9728K, reserved 1048576K
}
Event: 27.679 GC heap before
{Heap before GC invocations=24 (full 0):
 garbage-first heap   total 72704K, used 65430K [0x00000000c2c00000, 0x0000000100000000)
  region size 1024K, 31 young (31744K), 2 survivors (2048K)
 Metaspace       used 68616K, committed 69440K, reserved 1114112K
  class space    used 9588K, committed 9984K, reserved 1048576K
}
Event: 27.693 GC heap after
{Heap after GC invocations=25 (full 0):
 garbage-first heap   total 72704K, used 37888K [0x00000000c2c00000, 0x0000000100000000)
  region size 1024K, 4 young (4096K), 4 survivors (4096K)
 Metaspace       used 68616K, committed 69440K, reserved 1114112K
  class space    used 9588K, committed 9984K, reserved 1048576K
}
Event: 29.017 GC heap before
{Heap before GC invocations=26 (full 0):
 garbage-first heap   total 72704K, used 63488K [0x00000000c2c00000, 0x0000000100000000)
  region size 1024K, 29 young (29696K), 4 survivors (4096K)
 Metaspace       used 69595K, committed 70464K, reserved 1114112K
  class space    used 9723K, committed 10112K, reserved 1048576K
}
Event: 29.032 GC heap after
{Heap after GC invocations=27 (full 0):
 garbage-first heap   total 72704K, used 39610K [0x00000000c2c00000, 0x0000000100000000)
  region size 1024K, 4 young (4096K), 4 survivors (4096K)
 Metaspace       used 69595K, committed 70464K, reserved 1114112K
  class space    used 9723K, committed 10112K, reserved 1048576K
}
Event: 29.725 GC heap before
{Heap before GC invocations=27 (full 0):
 garbage-first heap   total 72704K, used 63162K [0x00000000c2c00000, 0x0000000100000000)
  region size 1024K, 27 young (27648K), 4 survivors (4096K)
 Metaspace       used 70317K, committed 71168K, reserved 1114112K
  class space    used 9860K, committed 10240K, reserved 1048576K
}
Event: 29.745 GC heap after
{Heap after GC invocations=28 (full 0):
 garbage-first heap   total 72704K, used 40080K [0x00000000c2c00000, 0x0000000100000000)
  region size 1024K, 3 young (3072K), 3 survivors (3072K)
 Metaspace       used 70317K, committed 71168K, reserved 1114112K
  class space    used 9860K, committed 10240K, reserved 1048576K
}
Event: 30.965 GC heap before
{Heap before GC invocations=28 (full 0):
 garbage-first heap   total 72704K, used 63632K [0x00000000c2c00000, 0x0000000100000000)
  region size 1024K, 26 young (26624K), 3 survivors (3072K)
 Metaspace       used 71369K, committed 72256K, reserved 1114112K
  class space    used 10021K, committed 10432K, reserved 1048576K
}
Event: 30.980 GC heap after
{Heap after GC invocations=29 (full 0):
 garbage-first heap   total 72704K, used 41984K [0x00000000c2c00000, 0x0000000100000000)
  region size 1024K, 3 young (3072K), 3 survivors (3072K)
 Metaspace       used 71369K, committed 72256K, reserved 1114112K
  class space    used 10021K, committed 10432K, reserved 1048576K
}
Event: 32.212 GC heap before
{Heap before GC invocations=30 (full 0):
 garbage-first heap   total 72704K, used 64512K [0x00000000c2c00000, 0x0000000100000000)
  region size 1024K, 25 young (25600K), 3 survivors (3072K)
 Metaspace       used 72102K, committed 73024K, reserved 1114112K
  class space    used 10145K, committed 10560K, reserved 1048576K
}
Event: 32.227 GC heap after
{Heap after GC invocations=31 (full 0):
 garbage-first heap   total 72704K, used 43286K [0x00000000c2c00000, 0x0000000100000000)
  region size 1024K, 4 young (4096K), 4 survivors (4096K)
 Metaspace       used 72102K, committed 73024K, reserved 1114112K
  class space    used 10145K, committed 10560K, reserved 1048576K
}
Event: 33.788 GC heap before
{Heap before GC invocations=31 (full 0):
 garbage-first heap   total 72704K, used 62742K [0x00000000c2c00000, 0x0000000100000000)
  region size 1024K, 23 young (23552K), 4 survivors (4096K)
 Metaspace       used 75415K, committed 76352K, reserved 1114112K
  class space    used 10659K, committed 11072K, reserved 1048576K
}
Event: 33.805 GC heap after
{Heap after GC invocations=32 (full 0):
 garbage-first heap   total 72704K, used 43537K [0x00000000c2c00000, 0x0000000100000000)
  region size 1024K, 3 young (3072K), 3 survivors (3072K)
 Metaspace       used 75415K, committed 76352K, reserved 1114112K
  class space    used 10659K, committed 11072K, reserved 1048576K
}
Event: 283.802 GC heap before
{Heap before GC invocations=32 (full 0):
 garbage-first heap   total 72704K, used 61969K [0x00000000c2c00000, 0x0000000100000000)
  region size 1024K, 22 young (22528K), 3 survivors (3072K)
 Metaspace       used 78619K, committed 79552K, reserved 1179648K
  class space    used 11096K, committed 11520K, reserved 1048576K
}
Event: 283.916 GC heap after
{Heap after GC invocations=33 (full 0):
 garbage-first heap   total 72704K, used 45199K [0x00000000c2c00000, 0x0000000100000000)
  region size 1024K, 3 young (3072K), 3 survivors (3072K)
 Metaspace       used 78619K, committed 79552K, reserved 1179648K
  class space    used 11096K, committed 11520K, reserved 1048576K
}

Dll operation events (13 events):
Event: 0.056 Loaded shared library C:\Program Files\Java\jdk-21\bin\java.dll
Event: 0.572 Loaded shared library C:\Program Files\Java\jdk-21\bin\zip.dll
Event: 0.580 Loaded shared library C:\Program Files\Java\jdk-21\bin\instrument.dll
Event: 0.598 Loaded shared library C:\Program Files\Java\jdk-21\bin\net.dll
Event: 0.605 Loaded shared library C:\Program Files\Java\jdk-21\bin\nio.dll
Event: 0.629 Loaded shared library C:\Program Files\Java\jdk-21\bin\zip.dll
Event: 0.636 Loaded shared library C:\Program Files\Java\jdk-21\bin\jimage.dll
Event: 1.274 Loaded shared library C:\Program Files\JetBrains\IntelliJ IDEA 2024.3.2.2\bin\breakgen64.dll
Event: 1.851 Loaded shared library C:\Program Files\Java\jdk-21\bin\extnet.dll
Event: 1.970 Loaded shared library C:\Program Files\Java\jdk-21\bin\management.dll
Event: 2.008 Loaded shared library C:\Program Files\Java\jdk-21\bin\management_ext.dll
Event: 6.685 Loaded shared library C:\Program Files\Java\jdk-21\bin\sunmscapi.dll
Event: 15.588 Loaded shared library C:\Program Files\Java\jdk-21\bin\verify.dll

Deoptimization events (8 events):
Event: 10.560 Thread 0x0000024579de0c10 DEOPT PACKING pc=0x000002457c8e120c sp=0x00000099816fd020
Event: 10.560 Thread 0x0000024579de0c10 DEOPT UNPACKING pc=0x000002457c224e23 sp=0x00000099816fc4d8 mode 0
Event: 12.045 Thread 0x0000024579de0c10 DEOPT PACKING pc=0x000002457ca0c409 sp=0x00000099816fdb60
Event: 12.045 Thread 0x0000024579de0c10 DEOPT UNPACKING pc=0x000002457c224e23 sp=0x00000099816fd0f8 mode 0
Event: 22.663 Thread 0x0000024579de0c10 DEOPT PACKING pc=0x000002457c70d01c sp=0x00000099816fb0f0
Event: 22.663 Thread 0x0000024579de0c10 DEOPT UNPACKING pc=0x000002457c224e23 sp=0x00000099816fa648 mode 0
Event: 23.125 Thread 0x0000024579de0c10 DEOPT PACKING pc=0x000002457c6f6259 sp=0x00000099816fb2f0
Event: 23.125 Thread 0x0000024579de0c10 DEOPT UNPACKING pc=0x000002457c224e23 sp=0x00000099816fa7f8 mode 3

Classes loaded (20 events):
Event: 174.653 Loading class java/util/ArrayDeque$DescendingIterator
Event: 174.654 Loading class java/util/ArrayDeque$DescendingIterator done
Event: 174.838 Loading class jdk/internal/loader/BootLoader$PackageHelper
Event: 174.841 Loading class jdk/internal/loader/BootLoader$PackageHelper done
Event: 174.871 Loading class java/util/stream/ReferencePipeline$4
Event: 174.872 Loading class java/util/stream/ReferencePipeline$4 done
Event: 174.873 Loading class java/util/function/IntBinaryOperator
Event: 174.873 Loading class java/util/function/IntBinaryOperator done
Event: 174.874 Loading class java/util/stream/ReduceOps$7
Event: 174.874 Loading class java/util/stream/ReduceOps$7 done
Event: 174.874 Loading class java/util/stream/ReduceOps$6ReducingSink
Event: 174.874 Loading class java/util/stream/ReduceOps$6ReducingSink done
Event: 174.874 Loading class java/util/stream/ReferencePipeline$4$1
Event: 174.874 Loading class java/util/stream/ReferencePipeline$4$1 done
Event: 175.192 Loading class jdk/internal/reflect/MethodHandleDoubleFieldAccessorImpl
Event: 175.193 Loading class jdk/internal/reflect/MethodHandleDoubleFieldAccessorImpl done
Event: 175.593 Loading class org/w3c/dom/Node
Event: 175.596 Loading class org/w3c/dom/Node done
Event: 175.596 Loading class org/w3c/dom/Document
Event: 175.596 Loading class org/w3c/dom/Document done

Classes unloaded (20 events):
Event: 284.563 Thread 0x000002457c1ce0e0 Unloading class 0x000002450d00cc00 'java/lang/invoke/LambdaForm$MH+0x000002450d00cc00'
Event: 284.563 Thread 0x000002457c1ce0e0 Unloading class 0x000002450d00c800 'java/lang/invoke/LambdaForm$DMH+0x000002450d00c800'
Event: 284.563 Thread 0x000002457c1ce0e0 Unloading class 0x000002450d00c400 'java/lang/invoke/LambdaForm$DMH+0x000002450d00c400'
Event: 284.563 Thread 0x000002457c1ce0e0 Unloading class 0x000002450d00b800 'java/lang/invoke/LambdaForm$MH+0x000002450d00b800'
Event: 284.563 Thread 0x000002457c1ce0e0 Unloading class 0x000002450d00ac00 'java/lang/invoke/LambdaForm$MH+0x000002450d00ac00'
Event: 284.563 Thread 0x000002457c1ce0e0 Unloading class 0x000002450d00a800 'java/lang/invoke/LambdaForm$MH+0x000002450d00a800'
Event: 284.563 Thread 0x000002457c1ce0e0 Unloading class 0x000002450d00a400 'java/lang/invoke/LambdaForm$MH+0x000002450d00a400'
Event: 284.563 Thread 0x000002457c1ce0e0 Unloading class 0x000002450d009c00 'java/lang/invoke/LambdaForm$MH+0x000002450d009c00'
Event: 284.563 Thread 0x000002457c1ce0e0 Unloading class 0x000002450d009000 'java/lang/invoke/LambdaForm$MH+0x000002450d009000'
Event: 284.563 Thread 0x000002457c1ce0e0 Unloading class 0x000002450d007c00 'java/lang/invoke/LambdaForm$MH+0x000002450d007c00'
Event: 284.563 Thread 0x000002457c1ce0e0 Unloading class 0x000002450d007800 'java/lang/invoke/LambdaForm$MH+0x000002450d007800'
Event: 284.563 Thread 0x000002457c1ce0e0 Unloading class 0x000002450d007000 'java/lang/invoke/LambdaForm$MH+0x000002450d007000'
Event: 284.563 Thread 0x000002457c1ce0e0 Unloading class 0x000002450d006800 'java/lang/invoke/LambdaForm$MH+0x000002450d006800'
Event: 284.563 Thread 0x000002457c1ce0e0 Unloading class 0x000002450d006000 'java/lang/invoke/LambdaForm$MH+0x000002450d006000'
Event: 284.563 Thread 0x000002457c1ce0e0 Unloading class 0x000002450d005800 'java/lang/invoke/LambdaForm$MH+0x000002450d005800'
Event: 284.563 Thread 0x000002457c1ce0e0 Unloading class 0x000002450d005000 'java/lang/invoke/LambdaForm$MH+0x000002450d005000'
Event: 284.563 Thread 0x000002457c1ce0e0 Unloading class 0x000002450d003400 'java/lang/invoke/LambdaForm$MH+0x000002450d003400'
Event: 284.563 Thread 0x000002457c1ce0e0 Unloading class 0x000002450d003000 'java/lang/invoke/LambdaForm$MH+0x000002450d003000'
Event: 284.563 Thread 0x000002457c1ce0e0 Unloading class 0x000002450d002c00 'java/lang/invoke/LambdaForm$MH+0x000002450d002c00'
Event: 284.563 Thread 0x000002457c1ce0e0 Unloading class 0x000002450d002400 'java/lang/invoke/LambdaForm$MH+0x000002450d002400'

Classes redefined (0 events):
No events

Internal exceptions (20 events):
Event: 32.469 Thread 0x0000024579de0c10 Exception <a 'java/lang/NoSuchMethodError'{0x00000000c6d64a30}: 'double java.lang.invoke.DirectMethodHandle$Holder.invokeStatic(java.lang.Object, java.lang.Object, java.lang.Object)'> (0x00000000c6d64a30) 
thrown [s\open\src\hotspot\share\interpreter\linkResolver.cpp, line 773]
Event: 32.519 Thread 0x0000024579de0c10 Exception <a 'java/lang/IncompatibleClassChangeError'{0x00000000c6c5e638}: Found class java.lang.Object, but interface was expected> (0x00000000c6c5e638) 
thrown [s\open\src\hotspot\share\interpreter\linkResolver.cpp, line 840]
Event: 32.524 Thread 0x0000024579de0c10 Exception <a 'java/lang/NoSuchMethodError'{0x00000000c6c7a310}: 'java.lang.Object java.lang.invoke.DirectMethodHandle$Holder.newInvokeSpecial(java.lang.Object, java.lang.Object, int, java.lang.Object, java.lang.Object)'> (0x00000000c6c7a310) 
thrown [s\open\src\hotspot\share\interpreter\linkResolver.cpp, line 773]
Event: 32.525 Thread 0x0000024579de0c10 Exception <a 'java/lang/NoSuchMethodError'{0x00000000c6c84e10}: 'java.lang.Object java.lang.invoke.DirectMethodHandle$Holder.invokeSpecial(java.lang.Object, java.lang.Object, int, java.lang.Object, int, java.lang.Object)'> (0x00000000c6c84e10) 
thrown [s\open\src\hotspot\share\interpreter\linkResolver.cpp, line 773]
Event: 32.531 Thread 0x0000024579de0c10 Exception <a 'java/lang/NoSuchMethodError'{0x00000000c6c8bf50}: 'java.lang.Object java.lang.invoke.DirectMethodHandle$Holder.newInvokeSpecial(java.lang.Object, java.lang.Object, int, java.lang.Object, int)'> (0x00000000c6c8bf50) 
thrown [s\open\src\hotspot\share\interpreter\linkResolver.cpp, line 773]
Event: 32.531 Thread 0x0000024579de0c10 Exception <a 'java/lang/NoSuchMethodError'{0x00000000c6c8fdd0}: 'java.lang.Object java.lang.invoke.DirectMethodHandle$Holder.invokeSpecial(java.lang.Object, java.lang.Object, java.lang.Object, int, java.lang.Object, int)'> (0x00000000c6c8fdd0) 
thrown [s\open\src\hotspot\share\interpreter\linkResolver.cpp, line 773]
Event: 33.469 Thread 0x0000024579de0c10 Exception <a 'java/lang/NoSuchMethodError'{0x00000000c6480c78}: 'java.lang.Object java.lang.invoke.DirectMethodHandle$Holder.invokeInterface(java.lang.Object, java.lang.Object, java.lang.Object, java.lang.Object)'> (0x00000000c6480c78) 
thrown [s\open\src\hotspot\share\interpreter\linkResolver.cpp, line 773]
Event: 33.743 Thread 0x0000024579de0c10 Exception <a 'java/lang/IncompatibleClassChangeError'{0x00000000c6062a18}: Found class java.lang.Object, but interface was expected> (0x00000000c6062a18) 
thrown [s\open\src\hotspot\share\interpreter\linkResolver.cpp, line 840]
Event: 33.750 Thread 0x0000024579de0c10 Exception <a 'java/lang/NoSuchMethodError'{0x00000000c608c6c8}: 'java.lang.Object java.lang.invoke.DirectMethodHandle$Holder.newInvokeSpecial(java.lang.Object, java.lang.Object, java.lang.Object, long)'> (0x00000000c608c6c8) 
thrown [s\open\src\hotspot\share\interpreter\linkResolver.cpp, line 773]
Event: 33.750 Thread 0x0000024579de0c10 Exception <a 'java/lang/NoSuchMethodError'{0x00000000c60909f8}: 'java.lang.Object java.lang.invoke.DirectMethodHandle$Holder.invokeSpecial(java.lang.Object, java.lang.Object, java.lang.Object, java.lang.Object, long)'> (0x00000000c60909f8) 
thrown [s\open\src\hotspot\share\interpreter\linkResolver.cpp, line 773]
Event: 33.750 Thread 0x0000024579de0c10 Exception <a 'java/lang/NoSuchMethodError'{0x00000000c6094608}: 'java.lang.Object java.lang.invoke.Invokers$Holder.linkToTargetMethod(java.lang.Object, java.lang.Object, long, java.lang.Object)'> (0x00000000c6094608) 
thrown [s\open\src\hotspot\share\interpreter\linkResolver.cpp, line 773]
Event: 33.826 Thread 0x0000024579de0c10 Exception <a 'java/lang/NoSuchMethodError'{0x00000000c72700c8}: 'java.lang.Object java.lang.invoke.DirectMethodHandle$Holder.invokeInterface(java.lang.Object, java.lang.Object, java.lang.Object, java.lang.Object, java.lang.Object)'> (0x00000000c72700c8) 
thrown [s\open\src\hotspot\share\interpreter\linkResolver.cpp, line 773]
Event: 33.837 Thread 0x0000024579de0c10 Exception <a 'java/lang/NoSuchMethodError'{0x00000000c72bd428}: 'void java.lang.invoke.DirectMethodHandle$Holder.invokeSpecialIFC(java.lang.Object, java.lang.Object, int, java.lang.Object, java.lang.Object, java.lang.Object, java.lang.Object)'> (0x00000000c72bd428) 
thrown [s\open\src\hotspot\share\interpreter\linkResolver.cpp, line 773]
Event: 172.951 Thread 0x000002455222f4d0 Exception <a 'java/lang/NoSuchMethodError'{0x00000000c6f72308}: 'java.lang.Object java.lang.invoke.DirectMethodHandle$Holder.invokeSpecial(java.lang.Object, java.lang.Object, java.lang.Object, java.lang.Object, java.lang.Object, long)'> (0x00000000c6f72308) 
thrown [s\open\src\hotspot\share\interpreter\linkResolver.cpp, line 773]
Event: 172.952 Thread 0x000002455222f4d0 Exception <a 'java/lang/NoSuchMethodError'{0x00000000c6f75ad8}: 'java.lang.Object java.lang.invoke.Invokers$Holder.linkToTargetMethod(java.lang.Object, java.lang.Object, java.lang.Object, long, java.lang.Object)'> (0x00000000c6f75ad8) 
thrown [s\open\src\hotspot\share\interpreter\linkResolver.cpp, line 773]
Event: 174.478 Thread 0x00000245522322c0 Exception <a 'java/lang/NoSuchMethodError'{0x00000000c6d909e8}: 'java.lang.Object java.lang.invoke.DirectMethodHandle$Holder.invokeStatic(java.lang.Object, int, int)'> (0x00000000c6d909e8) 
thrown [s\open\src\hotspot\share\interpreter\linkResolver.cpp, line 773]
Event: 174.479 Thread 0x000002455222f4d0 Exception <a 'java/lang/NoSuchMethodError'{0x00000000c6d9c458}: 'java.lang.Object java.lang.invoke.DirectMethodHandle$Holder.invokeStatic(java.lang.Object, int, int)'> (0x00000000c6d9c458) 
thrown [s\open\src\hotspot\share\interpreter\linkResolver.cpp, line 773]
Event: 175.193 Thread 0x000002455222f4d0 Exception <a 'java/lang/NoSuchMethodError'{0x00000000c68508e8}: 'double java.lang.invoke.DelegatingMethodHandle$Holder.reinvoke_L(java.lang.Object, java.lang.Object)'> (0x00000000c68508e8) 
thrown [s\open\src\hotspot\share\interpreter\linkResolver.cpp, line 773]
Event: 175.195 Thread 0x000002455222f4d0 Exception <a 'java/lang/NoSuchMethodError'{0x00000000c685b470}: 'void java.lang.invoke.DelegatingMethodHandle$Holder.reinvoke_L(java.lang.Object, java.lang.Object, double)'> (0x00000000c685b470) 
thrown [s\open\src\hotspot\share\interpreter\linkResolver.cpp, line 773]
Event: 175.685 Thread 0x000002455222f4d0 Exception <a 'java/lang/NoSuchMethodError'{0x00000000c63e7b70}: 'double java.lang.invoke.DirectMethodHandle$Holder.invokeVirtual(java.lang.Object, java.lang.Object)'> (0x00000000c63e7b70) 
thrown [s\open\src\hotspot\share\interpreter\linkResolver.cpp, line 773]

ZGC Phase Switch (0 events):
No events

VM Operations (20 events):
Event: 296.238 Executing VM operation: Cleanup
Event: 296.238 Executing VM operation: Cleanup done
Event: 299.303 Executing VM operation: Cleanup
Event: 299.303 Executing VM operation: Cleanup done
Event: 300.645 Executing VM operation: HandshakeAllThreads (HandshakeForDeflation)
Event: 300.645 Executing VM operation: HandshakeAllThreads (HandshakeForDeflation) done
Event: 300.645 Executing VM operation: RendezvousGCThreads
Event: 300.645 Executing VM operation: RendezvousGCThreads done
Event: 329.889 Executing VM operation: Cleanup
Event: 329.889 Executing VM operation: Cleanup done
Event: 330.893 Executing VM operation: Cleanup
Event: 330.893 Executing VM operation: Cleanup done
Event: 420.738 Executing VM operation: Cleanup
Event: 420.767 Executing VM operation: Cleanup done
Event: 420.986 Executing VM operation: HandshakeAllThreads (HandshakeForDeflation)
Event: 421.021 Executing VM operation: HandshakeAllThreads (HandshakeForDeflation) done
Event: 421.023 Executing VM operation: RendezvousGCThreads
Event: 421.023 Executing VM operation: RendezvousGCThreads done
Event: 422.032 Executing VM operation: Cleanup
Event: 422.048 Executing VM operation: Cleanup done

Events (20 events):
Event: 284.888 Thread 0x000002457c1ce0e0 flushing nmethod 0x000002457cab7610
Event: 284.888 Thread 0x000002457c1ce0e0 flushing nmethod 0x000002457ccfd410
Event: 284.888 Thread 0x000002457c1ce0e0 flushing nmethod 0x000002457cd77a10
Event: 284.888 Thread 0x000002457c1ce0e0 flushing nmethod 0x000002457cd8e010
Event: 284.889 Thread 0x000002457c1ce0e0 flushing nmethod 0x000002457cdfbc90
Event: 284.889 Thread 0x000002457c1ce0e0 flushing nmethod 0x000002457ce79290
Event: 284.889 Thread 0x000002457c1ce0e0 flushing nmethod 0x000002457ce79690
Event: 284.889 Thread 0x000002457c1ce0e0 flushing nmethod 0x000002457cec8c10
Event: 284.889 Thread 0x000002457c1ce0e0 flushing nmethod 0x000002457cee7c10
Event: 284.889 Thread 0x000002457c1ce0e0 flushing nmethod 0x000002457cf12290
Event: 284.889 Thread 0x000002457c1ce0e0 flushing nmethod 0x000002457cf22a90
Event: 284.889 Thread 0x000002457c1ce0e0 flushing nmethod 0x000002457cfae790
Event: 284.889 Thread 0x000002457c1ce0e0 flushing nmethod 0x000002457cfb4a90
Event: 284.889 Thread 0x000002457c1ce0e0 flushing nmethod 0x000002457c92fd90
Event: 284.889 Thread 0x000002457c1ce0e0 flushing nmethod 0x000002457c931390
Event: 284.889 Thread 0x000002457c1ce0e0 flushing nmethod 0x000002457ca75690
Event: 284.889 Thread 0x000002457c1ce0e0 flushing nmethod 0x000002457ce5e490
Event: 284.889 Thread 0x000002457c1ce0e0 flushing nmethod 0x000002457cf1ba10
Event: 284.889 Thread 0x000002457c1ce0e0 flushing nmethod 0x000002457cf29390
Event: 284.889 Thread 0x000002457c1ce0e0 flushing nmethod 0x000002457cf56190


Dynamic libraries:
0x00007ff69b520000 - 0x00007ff69b530000 	C:\Program Files\Java\jdk-21\bin\java.exe
0x00007ffc3f640000 - 0x00007ffc3f8a7000 	C:\WINDOWS\SYSTEM32\ntdll.dll
0x00007ffc3ef40000 - 0x00007ffc3f009000 	C:\WINDOWS\System32\KERNEL32.DLL
0x00007ffc3caa0000 - 0x00007ffc3ce90000 	C:\WINDOWS\System32\KERNELBASE.dll
0x00007ffc3c770000 - 0x00007ffc3c8bb000 	C:\WINDOWS\System32\ucrtbase.dll
0x00007ffc30120000 - 0x00007ffc30139000 	C:\Program Files\Java\jdk-21\bin\jli.dll
0x00007ffc3d7f0000 - 0x00007ffc3d8a4000 	C:\WINDOWS\System32\ADVAPI32.dll
0x00007ffc3f010000 - 0x00007ffc3f0b9000 	C:\WINDOWS\System32\msvcrt.dll
0x00007ffc3ed20000 - 0x00007ffc3edc6000 	C:\WINDOWS\System32\sechost.dll
0x00007ffc3d560000 - 0x00007ffc3d678000 	C:\WINDOWS\System32\RPCRT4.dll
0x00007ffc3df20000 - 0x00007ffc3e0e5000 	C:\WINDOWS\System32\USER32.dll
0x00007ffc3d3a0000 - 0x00007ffc3d3c7000 	C:\WINDOWS\System32\win32u.dll
0x00007ffc3e950000 - 0x00007ffc3e97b000 	C:\WINDOWS\System32\GDI32.dll
0x00007ffc3cea0000 - 0x00007ffc3cfd8000 	C:\WINDOWS\System32\gdi32full.dll
0x00007ffc3c950000 - 0x00007ffc3c9f3000 	C:\WINDOWS\System32\msvcp_win.dll
0x00007ffc2fe00000 - 0x00007ffc2fe1b000 	C:\Program Files\Java\jdk-21\bin\VCRUNTIME140.dll
0x00007ffc28760000 - 0x00007ffc289fa000 	C:\WINDOWS\WinSxS\amd64_microsoft.windows.common-controls_6595b64144ccf1df_6.0.26100.4768_none_3e0c112ce331287c\COMCTL32.dll
0x00007ffc2e930000 - 0x00007ffc2e93b000 	C:\WINDOWS\SYSTEM32\VERSION.dll
0x00007ffc3e910000 - 0x00007ffc3e93f000 	C:\WINDOWS\System32\IMM32.DLL
0x00007ffc38c30000 - 0x00007ffc38c3c000 	C:\Program Files\Java\jdk-21\bin\vcruntime140_1.dll
0x00007ffc18880000 - 0x00007ffc1890e000 	C:\Program Files\Java\jdk-21\bin\msvcp140.dll
0x00007ffbeece0000 - 0x00007ffbef9fa000 	C:\Program Files\Java\jdk-21\bin\server\jvm.dll
0x00007ffc3dc80000 - 0x00007ffc3dcf4000 	C:\WINDOWS\System32\WS2_32.dll
0x00007ffc3c5d0000 - 0x00007ffc3c62e000 	C:\WINDOWS\SYSTEM32\POWRPROF.dll
0x00007ffc2ac00000 - 0x00007ffc2ac35000 	C:\WINDOWS\SYSTEM32\WINMM.dll
0x00007ffc3c5b0000 - 0x00007ffc3c5c4000 	C:\WINDOWS\SYSTEM32\UMPDC.dll
0x00007ffc3b3f0000 - 0x00007ffc3b40b000 	C:\WINDOWS\SYSTEM32\kernel.appcore.dll
0x00007ffc37030000 - 0x00007ffc3703a000 	C:\Program Files\Java\jdk-21\bin\jimage.dll
0x00007ffc39fb0000 - 0x00007ffc3a1f1000 	C:\WINDOWS\SYSTEM32\DBGHELP.DLL
0x00007ffc3e980000 - 0x00007ffc3ed05000 	C:\WINDOWS\System32\combase.dll
0x00007ffc3d680000 - 0x00007ffc3d760000 	C:\WINDOWS\System32\OLEAUT32.dll
0x00007ffc22220000 - 0x00007ffc22263000 	C:\WINDOWS\SYSTEM32\dbgcore.DLL
0x00007ffc3ca00000 - 0x00007ffc3ca99000 	C:\WINDOWS\System32\bcryptPrimitives.dll
0x00007ffc30110000 - 0x00007ffc3011f000 	C:\Program Files\Java\jdk-21\bin\instrument.dll
0x00007ffc27c70000 - 0x00007ffc27c8f000 	C:\Program Files\Java\jdk-21\bin\java.dll
0x00007ffc3e0f0000 - 0x00007ffc3e83d000 	C:\WINDOWS\System32\SHELL32.dll
0x00007ffc3cfe0000 - 0x00007ffc3d153000 	C:\WINDOWS\System32\wintypes.dll
0x00007ffc3a390000 - 0x00007ffc3abf0000 	C:\WINDOWS\SYSTEM32\windows.storage.dll
0x00007ffc3db00000 - 0x00007ffc3dbf5000 	C:\WINDOWS\System32\SHCORE.dll
0x00007ffc3dc00000 - 0x00007ffc3dc6a000 	C:\WINDOWS\System32\shlwapi.dll
0x00007ffc3c690000 - 0x00007ffc3c6b9000 	C:\WINDOWS\SYSTEM32\profapi.dll
0x00007ffc1a7c0000 - 0x00007ffc1a7d8000 	C:\Program Files\Java\jdk-21\bin\zip.dll
0x00007ffc2a740000 - 0x00007ffc2a750000 	C:\Program Files\Java\jdk-21\bin\net.dll
0x00007ffc2eb60000 - 0x00007ffc2ec7e000 	C:\WINDOWS\SYSTEM32\WINHTTP.dll
0x00007ffc3ba80000 - 0x00007ffc3baeb000 	C:\WINDOWS\system32\mswsock.dll
0x00007ffc18860000 - 0x00007ffc18876000 	C:\Program Files\Java\jdk-21\bin\nio.dll
0x00007ffc18840000 - 0x00007ffc1885a000 	C:\Program Files\JetBrains\IntelliJ IDEA 2024.3.2.2\bin\breakgen64.dll
0x00007ffc3aff0000 - 0x00007ffc3b116000 	C:\WINDOWS\SYSTEM32\DNSAPI.dll
0x00007ffc3afb0000 - 0x00007ffc3afe3000 	C:\WINDOWS\SYSTEM32\IPHLPAPI.DLL
0x00007ffc3da60000 - 0x00007ffc3da6a000 	C:\WINDOWS\System32\NSI.dll
0x00000000515f0000 - 0x0000000051625000 	C:\Program Files\Bonjour\mdnsNSP.dll
0x00007ffc2a6a0000 - 0x00007ffc2a6ab000 	C:\Windows\System32\rasadhlp.dll
0x00007ffc2e570000 - 0x00007ffc2e5f6000 	C:\WINDOWS\System32\fwpuclnt.dll
0x00007ffc204c0000 - 0x00007ffc204c9000 	C:\Program Files\Java\jdk-21\bin\extnet.dll
0x00007ffc20250000 - 0x00007ffc2025a000 	C:\Program Files\Java\jdk-21\bin\management.dll
0x00007ffc20200000 - 0x00007ffc2020b000 	C:\Program Files\Java\jdk-21\bin\management_ext.dll
0x00007ffc3dc70000 - 0x00007ffc3dc78000 	C:\WINDOWS\System32\PSAPI.DLL
0x00007ffc3bd50000 - 0x00007ffc3bd6b000 	C:\WINDOWS\SYSTEM32\CRYPTSP.dll
0x00007ffc3b470000 - 0x00007ffc3b4ab000 	C:\WINDOWS\system32\rsaenh.dll
0x00007ffc3bb20000 - 0x00007ffc3bb4b000 	C:\WINDOWS\SYSTEM32\USERENV.dll
0x00007ffc3c660000 - 0x00007ffc3c686000 	C:\WINDOWS\SYSTEM32\bcrypt.dll
0x00007ffc3bd40000 - 0x00007ffc3bd4c000 	C:\WINDOWS\SYSTEM32\CRYPTBASE.dll
0x00007ffc225b0000 - 0x00007ffc225c8000 	C:\WINDOWS\system32\napinsp.dll
0x00007ffc22590000 - 0x00007ffc225a2000 	C:\WINDOWS\System32\winrnr.dll
0x00007ffc22550000 - 0x00007ffc22580000 	C:\WINDOWS\system32\nlansp_c.dll
0x00007ffc22520000 - 0x00007ffc22540000 	C:\WINDOWS\system32\wshbth.dll
0x00007ffc201d0000 - 0x00007ffc201de000 	C:\Program Files\Java\jdk-21\bin\sunmscapi.dll
0x00007ffc3d220000 - 0x00007ffc3d397000 	C:\WINDOWS\System32\CRYPT32.dll
0x00007ffc3bf60000 - 0x00007ffc3bf90000 	C:\WINDOWS\SYSTEM32\ncrypt.dll
0x00007ffc3bf10000 - 0x00007ffc3bf4f000 	C:\WINDOWS\SYSTEM32\NTASN1.dll
0x00007ffc1b240000 - 0x00007ffc1b250000 	C:\Program Files\Java\jdk-21\bin\verify.dll
0x00007ffbec330000 - 0x00007ffbec338000 	C:\WINDOWS\system32\wshunix.dll

dbghelp: loaded successfully - version: 4.0.5 - missing functions: none
symbol engine: initialized successfully - sym options: 0x614 - pdb path: .;C:\Program Files\Java\jdk-21\bin;C:\WINDOWS\SYSTEM32;C:\WINDOWS\WinSxS\amd64_microsoft.windows.common-controls_6595b64144ccf1df_6.0.26100.4768_none_3e0c112ce331287c;C:\Program Files\Java\jdk-21\bin\server;C:\Program Files\JetBrains\IntelliJ IDEA 2024.3.2.2\bin;C:\Program Files\Bonjour

VM Arguments:
jvm_args: -XX:TieredStopAtLevel=1 -Dspring.output.ansi.enabled=always -Dcom.sun.management.jmxremote -Dspring.jmx.enabled=true -Dspring.liveBeansView.mbeanDomain -Dspring.application.admin.enabled=true -Dmanagement.endpoints.jmx.exposure.include=* -javaagent:C:\Program Files\JetBrains\IntelliJ IDEA 2024.3.2.2\lib\idea_rt.jar=39585:C:\Program Files\JetBrains\IntelliJ IDEA 2024.3.2.2\bin -Dfile.encoding=UTF-8 -Dsun.stdout.encoding=UTF-8 -Dsun.stderr.encoding=UTF-8 
java_command: za.ac.cput.Main
java_class_path (initial): C:\Users\27820\IdeaProjects\ADP3_Capstone_Project\target\classes;C:\Users\27820\.m2\repository\org\springframework\boot\spring-boot-starter-web\3.2.5\spring-boot-starter-web-3.2.5.jar;C:\Users\27820\.m2\repository\org\springframework\boot\spring-boot-starter\3.2.5\spring-boot-starter-3.2.5.jar;C:\Users\27820\.m2\repository\org\springframework\boot\spring-boot\3.2.5\spring-boot-3.2.5.jar;C:\Users\27820\.m2\repository\org\springframework\boot\spring-boot-autoconfigure\3.2.5\spring-boot-autoconfigure-3.2.5.jar;C:\Users\27820\.m2\repository\org\springframework\boot\spring-boot-starter-logging\3.2.5\spring-boot-starter-logging-3.2.5.jar;C:\Users\27820\.m2\repository\ch\qos\logback\logback-classic\1.4.14\logback-classic-1.4.14.jar;C:\Users\27820\.m2\repository\ch\qos\logback\logback-core\1.4.14\logback-core-1.4.14.jar;C:\Users\27820\.m2\repository\org\apache\logging\log4j\log4j-to-slf4j\2.21.1\log4j-to-slf4j-2.21.1.jar;C:\Users\27820\.m2\repository\org\apache\logging\log4j\log4j-api\2.21.1\log4j-api-2.21.1.jar;C:\Users\27820\.m2\repository\org\slf4j\jul-to-slf4j\2.0.13\jul-to-slf4j-2.0.13.jar;C:\Users\27820\.m2\repository\jakarta\annotation\jakarta.annotation-api\2.1.1\jakarta.annotation-api-2.1.1.jar;C:\Users\27820\.m2\repository\org\yaml\snakeyaml\2.2\snakeyaml-2.2.jar;C:\Users\27820\.m2\repository\org\springframework\boot\spring-boot-starter-json\3.2.5\spring-boot-starter-json-3.2.5.jar;C:\Users\27820\.m2\repository\com\fasterxml\jackson\datatype\jackson-datatype-jdk8\2.15.4\jackson-datatype-jdk8-2.15.4.jar;C:\Users\27820\.m2\repository\com\fasterxml\jackson\datatype\jackson-datatype-jsr310\2.15.4\jackson-datatype-jsr310-2.15.4.jar;C:\Users\27820\.m2\repository\com\fasterxml\jackson\module\jackson-module-parameter-names\2.15.4\jackson-module-parameter-names-2.15.4.jar;C:\Users\27820\.m2\repository\org\springframework\boot\spring-boot-starter-tomcat\3.2.5\spring-boot-starter-tomcat-3.2.5.jar;C:\Users\27820\.m2\repository\org\apache\tomcat\embed\tomcat-embed-core\10.1.20\tomcat-embed-core-10.1.20.jar;C:\Users\27820\.m2\repository\org\apache\tomcat\embed\tomcat-embed-el\10.1.20\tomcat-embed-el-10.1.20.jar;C:\Users\27820\.m2\repository\org\apache\tomcat\embed\tomcat-embed-websocket\10.1.20\tomcat-embed-websocket-10.1.20.jar;C:\Users\27820\.m2\repository\org\springframework\spring-web\6.1.6\spring-web-6.1.6.jar;C:\Users\27820\.m2\repository\org\springframework\spring-beans\6.1.6\spring-beans-6.1.6.jar;C:\Users\27820\.m2\repository\org\springframework\spring-webmvc\6.1.6\spring-webmvc-6.1.6.jar;C:\Users\27820\.m2\repository\org\springframework\spring-context\6.1.6\spring-context-6.1.6.jar;C:\Users\27820\.m2\repository\org\springframework\spring-expression\6.1.6\spring-expression-6.1.6.jar;C:\Users\27820\.m2\repository\org\springframework\boot\spring-boot-starter-security\3.2.5\spring-boot-starter-security-3.2.5.jar;C:\Users\27820\.m2\repository\org\springframework\spring-aop\6.1.6\spring-aop-6.1.6.jar;C:\Users\27820\.m2\repository\org\springframework\security\spring-security-config\6.2.4\spring-security-config-6.2.4.jar;C:\Users\27820\.m2\repository\org\springframework\security\spring-security-core\6.2.4\spring-security-core-6.2.4.jar;C:\Users\27820\.m2\repository\org\springframework\security\spring-security-crypto\6.2.4\spring-security-crypto-6.2.4.jar;C:\Users\27820\.m2\repository\org\springframework\security\spring-security-web\6.2.4\spring-security-web-6.2.4.jar;C:\Users\27820\.m2\repository\org\springframework\boot\spring-boot-starter-data-jpa\3.2.5\spring-boot-starter-data-jpa-3.2.5.jar;C:\Users\27820\.m2\repository\org\springframework\boot\spring-boot-starter-aop\3.2.5\spring-boot-starter-aop-3.2.5.jar;C:\Users\27820\.m2\repository\org\aspectj\aspectjweaver\1.9.22\aspectjweaver-1.9.22.jar;C:\Users\27820\.m2\repository\org\springframework\boot\spring-boot-starter-jdbc\3.2.5\spring-boot-starter-jdbc-3.2.5.jar;C:\Users\27820\.m2\repository\com\zaxxer\HikariCP\5.0.1\HikariCP-5.0.1.jar;C:\Users\27820\.m2\repository\org\springframework\spring-jdbc\6.1.6\spring-jdbc-6.1.6.jar;C:\Users\27820\.m2\repository\org\hibernate\orm\hibernate-core\6.4.4.Final\hibernate-core-6.4.4.Final.jar;C:\Users\27820\.m2\repository\jakarta\persistence\jakarta.persistence-api\3.1.0\jakarta.persistence-api-3.1.0.jar;C:\Users\27820\.m2\repository\jakarta\transaction\jakarta.transaction-api\2.0.1\jakarta.transaction-api-2.0.1.jar;C:\Users\27820\.m2\repository\org\jboss\logging\jboss-logging\3.5.3.Final\jboss-logging-3.5.3.Final.jar;C:\Users\27820\.m2\repository\org\hibernate\common\hibernate-commons-annotations\6.0.6.Final\hibernate-commons-annotations-6.0.6.Final.jar;C:\Users\27820\.m2\repository\io\smallrye\jandex\3.1.2\jandex-3.1.2.jar;C:\Users\27820\.m2\repository\com\fasterxml\classmate\1.6.0\classmate-1.6.0.jar;C:\Users\27820\.m2\repository\net\bytebuddy\byte-buddy\1.14.13\byte-buddy-1.14.13.jar;C:\Users\27820\.m2\repository\org\glassfish\jaxb\jaxb-runtime\4.0.5\jaxb-runtime-4.0.5.jar;C:\Users\27820\.m2\repository\org\glassfish\jaxb\jaxb-core\4.0.5\jaxb-core-4.0.5.jar;C:\Users\27820\.m2\repository\org\eclipse\angus\angus-activation\2.0.2\angus-activation-2.0.2.jar;C:\Users\27820\.m2\repository\org\glassfish\jaxb\txw2\4.0.5\txw2-4.0.5.jar;C:\Users\27820\.m2\repository\com\sun\istack\istack-commons-runtime\4.1.2\istack-commons-runtime-4.1.2.jar;C:\Users\27820\.m2\repository\jakarta\inject\jakarta.inject-api\2.0.1\jakarta.inject-api-2.0.1.jar;C:\Users\27820\.m2\repository\org\antlr\antlr4-runtime\4.13.0\antlr4-runtime-4.13.0.jar;C:\Users\27820\.m2\repository\org\springframework\data\spring-data-jpa\3.2.5\spring-data-jpa-3.2.5.jar;C:\Users\27820\.m2\repository\org\springframework\data\spring-data-commons\3.2.5\spring-data-commons-3.2.5.jar;C:\Users\27820\.m2\repository\org\springframework\spring-orm\6.1.6\spring-orm-6.1.6.jar;C:\Users\27820\.m2\repository\org\springframework\spring-tx\6.1.6\spring-tx-6.1.6.jar;C:\Users\27820\.m2\repository\org\slf4j\slf4j-api\2.0.13\slf4j-api-2.0.13.jar;C:\Users\27820\.m2\repository\org\springframework\spring-aspects\6.1.6\spring-aspects-6.1.6.jar;C:\Users\27820\.m2\repository\io\jsonwebtoken\jjwt-api\0.11.5\jjwt-api-0.11.5.jar;C:\Users\27820\.m2\repository\io\jsonwebtoken\jjwt-impl\0.11.5\jjwt-impl-0.11.5.jar;C:\Users\27820\.m2\repository\io\jsonwebtoken\jjwt-jackson\0.11.5\jjwt-jackson-0.11.5.jar;C:\Users\27820\.m2\repository\com\fasterxml\jackson\core\jackson-databind\2.15.4\jackson-databind-2.15.4.jar;C:\Users\27820\.m2\repository\com\fasterxml\jackson\core\jackson-annotations\2.15.4\jackson-annotations-2.15.4.jar;C:\Users\27820\.m2\repository\com\fasterxml\jackson\core\jackson-core\2.15.4\jackson-core-2.15.4.jar;C:\Users\27820\.m2\repository\com\mysql\mysql-connector-j\9.2.0\mysql-connector-j-9.2.0.jar;C:\Users\27820\.m2\repository\commons-validator\commons-validator\1.9.0\commons-validator-1.9.0.jar;C:\Users\27820\.m2\repository\commons-beanutils\commons-beanutils\1.9.4\commons-beanutils-1.9.4.jar;C:\Users\27820\.m2\repository\commons-digester\commons-digester\2.1\commons-digester-2.1.jar;C:\Users\27820\.m2\repository\commons-logging\commons-logging\1.3.2\commons-logging-1.3.2.jar;C:\Users\27820\.m2\repository\commons-collections\commons-collections\3.2.2\commons-collections-3.2.2.jar;C:\Users\27820\.m2\repository\org\springframework\boot\spring-boot-starter-actuator\3.2.5\spring-boot-starter-actuator-3.2.5.jar;C:\Users\27820\.m2\repository\org\springframework\boot\spring-boot-actuator-autoconfigure\3.2.5\spring-boot-actuator-autoconfigure-3.2.5.jar;C:\Users\27820\.m2\repository\org\springframework\boot\spring-boot-actuator\3.2.5\spring-boot-actuator-3.2.5.jar;C:\Users\27820\.m2\repository\io\micrometer\micrometer-observation\1.12.5\micrometer-observation-1.12.5.jar;C:\Users\27820\.m2\repository\io\micrometer\micrometer-commons\1.12.5\micrometer-commons-1.12.5.jar;C:\Users\27820\.m2\repository\io\micrometer\micrometer-jakarta9\1.12.5\micrometer-jakarta9-1.12.5.jar;C:\Users\27820\.m2\repository\io\micrometer\micrometer-core\1.12.5\micrometer-core-1.12.5.jar;C:\Users\27820\.m2\repository\org\hdrhistogram\HdrHistogram\2.1.12\HdrHistogram-2.1.12.jar;C:\Users\27820\.m2\repository\org\latencyutils\LatencyUtils\2.0.3\LatencyUtils-2.0.3.jar;C:\Users\27820\.m2\repository\jakarta\xml\bind\jakarta.xml.bind-api\4.0.2\jakarta.xml.bind-api-4.0.2.jar;C:\Users\27820\.m2\repository\jakarta\activation\jakarta.activation-api\2.1.3\jakarta.activation-api-2.1.3.jar;C:\Users\27820\.m2\repository\org\springframework\spring-core\6.1.6\spring-core-6.1.6.jar;C:\Users\27820\.m2\repository\org\springframework\spring-jcl\6.1.6\spring-jcl-6.1.6.jar;C:\Users\27820\.m2\repository\org\projectlombok\lombok\1.18.32\lombok-1.18.32.jar
Launcher Type: SUN_STANDARD

[Global flags]
     intx CICompilerCount                          = 2                                         {product} {ergonomic}
     uint ConcGCThreads                            = 1                                         {product} {ergonomic}
     uint G1ConcRefinementThreads                  = 2                                         {product} {ergonomic}
   size_t G1HeapRegionSize                         = 1048576                                   {product} {ergonomic}
    uintx GCDrainStackTargetSize                   = 64                                        {product} {ergonomic}
   size_t InitialHeapSize                          = 65011712                                  {product} {ergonomic}
     bool ManagementServer                         = true                                      {product} {command line}
   size_t MarkStackSize                            = 4194304                                   {product} {ergonomic}
   size_t MaxHeapSize                              = 1027604480                                {product} {ergonomic}
   size_t MaxNewSize                               = 616562688                                 {product} {ergonomic}
   size_t MinHeapDeltaBytes                        = 1048576                                   {product} {ergonomic}
   size_t MinHeapSize                              = 8388608                                   {product} {ergonomic}
    uintx NonNMethodCodeHeapSize                   = 4096                                   {pd product} {ergonomic}
    uintx NonProfiledCodeHeapSize                  = 0                                      {pd product} {ergonomic}
     bool ProfileInterpreter                       = false                                  {pd product} {command line}
    uintx ProfiledCodeHeapSize                     = 0                                      {pd product} {ergonomic}
   size_t SoftMaxHeapSize                          = 1027604480                             {manageable} {ergonomic}
     intx TieredStopAtLevel                        = 1                                         {product} {command line}
     bool UseCompressedOops                        = true                           {product lp64_product} {ergonomic}
     bool UseG1GC                                  = true                                      {product} {ergonomic}
     bool UseLargePagesIndividualAllocation        = false                                  {pd product} {ergonomic}

Logging:
Log output configuration:
 #0: stdout all=warning uptime,level,tags foldmultilines=false
 #1: stderr all=off uptime,level,tags foldmultilines=false

Environment Variables:
JAVA_HOME=C:\Program Files\Java\jdk-22
PATH=C:\Program Files\Common Files\Oracle\Java\javapath;C:\WINDOWS\system32;C:\WINDOWS;C:\WINDOWS\System32\Wbem;C:\WINDOWS\System32\WindowsPowerShell\v1.0\;C:\WINDOWS\System32\OpenSSH\;C:\Program Files\Java\jdk-22\bin;C:\Program Files\Git\cmd;C:\ProgramData\chocolatey\bin;C:\Program Files\apache-maven-3.9.8\bin;C:\Program Files\Java\jdk-22\bin;C:\Users\27820\Desktop\sqlite;C:\sqlite3;C:\Program Files\Java\jdk-21\bin;C:\Program Files\Java\jdk-23\bin;C:\Program Files\dotnet;C:\Program Files\dotnet\;C:\Program Files\nodejs\;C:\Users\27820\AppData\Local\Programs\Python\Python310\;C:\Users\27820\AppData\Local\Programs\Python\Python310\Scripts\;C:\Program Files (x86)\dotnet\;C:\Program Files\Microsoft SQL Server\150\Tools\Binn\;C:\Program Files\Microsoft SQL Server\Client SDK\ODBC\170\Tools\Binn\;C:\Users\27820\AppData\Local\Programs\Python\Python313\Scripts\;C:\Users\27820\AppData\Local\Programs\Python\Python313\;C:\Users\27820\AppData\Local\Programs\Python\Launcher\;C:\Users\27820\AppData\Local\Microsoft\WindowsApps;C:\Users\27820\AppData\Local\Programs\Microsoft VS Code\bin;C:\Program Files\JetBrains\IntelliJ IDEA 2024.3.2.2\bin;;C:\Users\27820\.dotnet\tools;C:\Users\27820\AppData\Local\GitHubDesktop\bin;C:\Users\27820\AppData\Roaming\npm
USERNAME=27820
OS=Windows_NT
PROCESSOR_IDENTIFIER=Intel64 Family 6 Model 122 Stepping 8, GenuineIntel
TMP=C:\Users\27820\AppData\Local\Temp
TEMP=C:\Users\27820\AppData\Local\Temp




Periodic native trim disabled

---------------  S Y S T E M  ---------------

OS:
 Windows 11 , 64 bit Build 26100 (10.0.26100.4768)
OS uptime: 0 days 1:48 hours

CPU: total 2 (initial active 2) (2 cores per cpu, 1 threads per core) family 6 model 122 stepping 8 microcode 0x1c, cx8, cmov, fxsr, mmx, 3dnowpref, sse, sse2, sse3, ssse3, sse4.1, sse4.2, popcnt, tsc, tscinvbit, aes, erms, clmul, sha, clflush, clflushopt, rdtscp, rdpid
Processor Information for all 2 processors :
  Max Mhz: 1101, Current Mhz: 1101, Mhz Limit: 1101

Memory: 4k page, system-wide physical 3918M (218M free)
TotalPageFile size 12110M (AvailPageFile size 33M)
current process WorkingSet (physical memory assigned to process): 65M, peak: 219M
current process commit charge ("private bytes"): 282M, peak: 282M

vm_info: Java HotSpot(TM) 64-Bit Server VM (21.0.6+8-LTS-188) for windows-amd64 JRE (21.0.6+8-LTS-188), built on 2024-12-03T10:50:54Z by "mach5one" with MS VC++ 17.6 (VS2022)

END.
