#
# There is insufficient memory for the Java Runtime Environment to continue.
# Native memory allocation (malloc) failed to allocate 1701456 bytes for Chunk::new
# Possible reasons:
#   The system is out of physical RAM or swap space
#   The process is running with CompressedOops enabled, and the Java Heap may be blocking the growth of the native heap
# Possible solutions:
#   Reduce memory load on the system
#   Increase physical memory or swap space
#   Check if swap backing store is full
#   Decrease Java heap size (-Xmx/-Xms)
#   Decrease number of Java threads
#   Decrease Java thread stack sizes (-Xss)
#   Set larger code cache with -XX:ReservedCodeCacheSize=
#   JVM is running with Unscaled Compressed Oops mode in which the Java heap is
#     placed in the first 4GB address space. The Java Heap base address is the
#     maximum limit for the native heap growth. Please use -XX:HeapBaseMinAddress
#     to set the Java Heap base and to place the Java Heap above 4GB virtual address.
# This output file may be truncated or incomplete.
#
#  Out of Memory Error (arena.cpp:168), pid=20320, tid=2604
#
# JRE version: Java(TM) SE Runtime Environment (21.0.6+8) (build 21.0.6+8-LTS-188)
# Java VM: Java HotSpot(TM) 64-Bit Server VM (21.0.6+8-LTS-188, mixed mode, sharing, tiered, compressed oops, compressed class ptrs, g1 gc, windows-amd64)
# No core dump will be written. Minidumps are not enabled by default on client versions of Windows
#

---------------  S U M M A R Y ------------

Command Line: -ea -Didea.test.cyclic.buffer.size=1048576 -javaagent:C:\Program Files\JetBrains\IntelliJ IDEA 2024.3.2.2\lib\idea_rt.jar=62980:C:\Program Files\JetBrains\IntelliJ IDEA 2024.3.2.2\bin -javaagent:C:\Users\27820\AppData\Local\JetBrains\IntelliJIdea2024.3\captureAgent\debugger-agent.jar -Dkotlinx.coroutines.debug.enable.creation.stack.trace=false -Ddebugger.agent.enable.coroutines=true -Dkotlinx.coroutines.debug.enable.flows.stack.trace=true -Dkotlinx.coroutines.debug.enable.mutable.state.flows.stack.trace=true -Dfile.encoding=UTF-8 -Dsun.stdout.encoding=UTF-8 -Dsun.stderr.encoding=UTF-8 com.intellij.rt.junit.JUnitStarter -ideVersion5 -junit5 @w@C:\Users\27820\AppData\Local\Temp\idea_working_dirs_junit.tmp @C:\Users\27820\AppData\Local\Temp\idea_junit.tmp -socket62979

Host: Intel(R) Celeron(R) N4020 CPU @ 1.10GHz, 2 cores, 3G,  Windows 11 , 64 bit Build 26100 (10.0.26100.4768)
Time: Mon Aug 25 13:13:57 2025 South Africa Standard Time elapsed time: 11.238546 seconds (0d 0h 0m 11s)

---------------  T H R E A D  ---------------

Current thread (0x000001f5ef825f20):  JavaThread "C2 CompilerThread0" daemon [_thread_in_native, id=2604, stack(0x0000009a24700000,0x0000009a24800000) (1024K)]


Current CompileTask:
C2:  11238 3419   !   4       jdk.internal.loader.BuiltinClassLoader::loadClassOrNull (143 bytes)

Stack: [0x0000009a24700000,0x0000009a24800000]
Native frames: (J=compiled Java code, j=interpreted, Vv=VM code, C=native code)
V  [jvm.dll+0x6ca6d9]
V  [jvm.dll+0x854f51]
V  [jvm.dll+0x85747e]
V  [jvm.dll+0x857b53]
V  [jvm.dll+0x27dcc6]
V  [jvm.dll+0xc4c2d]
V  [jvm.dll+0xc5163]
V  [jvm.dll+0x3b5122]
V  [jvm.dll+0x381855]
V  [jvm.dll+0x380cca]
V  [jvm.dll+0x246920]
V  [jvm.dll+0x245eff]
V  [jvm.dll+0x1c6d2e]
V  [jvm.dll+0x2554f9]
V  [jvm.dll+0x253a8a]
V  [jvm.dll+0x3ee576]
V  [jvm.dll+0x7ff2fb]
V  [jvm.dll+0x6c8dbd]
C  [ucrtbase.dll+0x37b0]
C  [KERNEL32.DLL+0x2e8d7]
C  [ntdll.dll+0x3c34c]


---------------  P R O C E S S  ---------------

Threads class SMR info:
_java_thread_list=0x000001f5f4c91c70, length=17, elements={
0x000001f5d2e220e0, 0x000001f5ef819190, 0x000001f5ef81aa00, 0x000001f5ef820290,
0x000001f5ef820ce0, 0x000001f5ef821730, 0x000001f5ef823190, 0x000001f5ef825f20,
0x000001f5ef83f8d0, 0x000001f5ef7fcc40, 0x000001f5efba9060, 0x000001f5f41987f0,
0x000001f5f51445f0, 0x000001f5f4dba830, 0x000001f5f4e74330, 0x000001f5f4e73ca0,
0x000001f5f5daaad0
}

Java Threads: ( => current thread )
  0x000001f5d2e220e0 JavaThread "main"                              [_thread_in_vm, id=18352, stack(0x0000009a23900000,0x0000009a23a00000) (1024K)]
  0x000001f5ef819190 JavaThread "Reference Handler"          daemon [_thread_blocked, id=18128, stack(0x0000009a24100000,0x0000009a24200000) (1024K)]
  0x000001f5ef81aa00 JavaThread "Finalizer"                  daemon [_thread_blocked, id=15208, stack(0x0000009a24200000,0x0000009a24300000) (1024K)]
  0x000001f5ef820290 JavaThread "Signal Dispatcher"          daemon [_thread_blocked, id=18172, stack(0x0000009a24300000,0x0000009a24400000) (1024K)]
  0x000001f5ef820ce0 JavaThread "Attach Listener"            daemon [_thread_blocked, id=18900, stack(0x0000009a24400000,0x0000009a24500000) (1024K)]
  0x000001f5ef821730 JavaThread "Service Thread"             daemon [_thread_blocked, id=14352, stack(0x0000009a24500000,0x0000009a24600000) (1024K)]
  0x000001f5ef823190 JavaThread "Monitor Deflation Thread"   daemon [_thread_blocked, id=8720, stack(0x0000009a24600000,0x0000009a24700000) (1024K)]
=>0x000001f5ef825f20 JavaThread "C2 CompilerThread0"         daemon [_thread_in_native, id=2604, stack(0x0000009a24700000,0x0000009a24800000) (1024K)]
  0x000001f5ef83f8d0 JavaThread "C1 CompilerThread0"         daemon [_thread_in_vm, id=16564, stack(0x0000009a24800000,0x0000009a24900000) (1024K)]
  0x000001f5ef7fcc40 JavaThread "Common-Cleaner"             daemon [_thread_blocked, id=20484, stack(0x0000009a24900000,0x0000009a24a00000) (1024K)]
  0x000001f5efba9060 JavaThread "Monitor Ctrl-Break"         daemon [_thread_in_native, id=18760, stack(0x0000009a24b00000,0x0000009a24c00000) (1024K)]
  0x000001f5f41987f0 JavaThread "Notification Thread"        daemon [_thread_blocked, id=18368, stack(0x0000009a24c00000,0x0000009a24d00000) (1024K)]
  0x000001f5f51445f0 JavaThread "RMI TCP Accept-0"           daemon [_thread_in_native, id=10120, stack(0x0000009a24d00000,0x0000009a24e00000) (1024K)]
  0x000001f5f4dba830 JavaThread "RMI TCP Connection(1)-127.0.0.1" daemon [_thread_in_native, id=5316, stack(0x0000009a24e00000,0x0000009a24f00000) (1024K)]
  0x000001f5f4e74330 JavaThread "RMI Scheduler(0)"           daemon [_thread_blocked, id=17776, stack(0x0000009a24f00000,0x0000009a25000000) (1024K)]
  0x000001f5f4e73ca0 JavaThread "JMX server connection timeout 25" daemon [_thread_blocked, id=4340, stack(0x0000009a25000000,0x0000009a25100000) (1024K)]
  0x000001f5f5daaad0 JavaThread "background-preinit"                [_thread_in_vm, id=17292, stack(0x0000009a25100000,0x0000009a25200000) (1024K)]
Total: 17

Other Threads:
  0x000001f5ef7ff370 VMThread "VM Thread"                           [id=14076, stack(0x0000009a24000000,0x0000009a24100000) (1024K)]
  0x000001f5d519fcc0 WatcherThread "VM Periodic Task Thread"        [id=16632, stack(0x0000009a23f00000,0x0000009a24000000) (1024K)]
  0x000001f5d5110ab0 WorkerThread "GC Thread#0"                     [id=15136, stack(0x0000009a23a00000,0x0000009a23b00000) (1024K)]
  0x000001f5f41d75e0 WorkerThread "GC Thread#1"                     [id=18560, stack(0x0000009a24a00000,0x0000009a24b00000) (1024K)]
  0x000001f5d513b370 ConcurrentGCThread "G1 Main Marker"            [id=18400, stack(0x0000009a23b00000,0x0000009a23c00000) (1024K)]
  0x000001f5d513bd80 WorkerThread "G1 Conc#0"                       [id=18868, stack(0x0000009a23c00000,0x0000009a23d00000) (1024K)]
  0x000001f5d518b1d0 ConcurrentGCThread "G1 Refine#0"               [id=19880, stack(0x0000009a23d00000,0x0000009a23e00000) (1024K)]
  0x000001f5d518bc50 ConcurrentGCThread "G1 Service"                [id=19172, stack(0x0000009a23e00000,0x0000009a23f00000) (1024K)]
Total: 8

Threads with active compile tasks:
C2 CompilerThread0    11299 3419   !   4       jdk.internal.loader.BuiltinClassLoader::loadClassOrNull (143 bytes)
Total: 1

VM state: not at safepoint (normal execution)

VM Mutex/Monitor currently owned by a thread: None

Heap address: 0x00000000c2c00000, size: 980 MB, Compressed Oops mode: 32-bit

CDS archive(s) mapped at: [0x000001f580000000-0x000001f580c90000-0x000001f580c90000), size 13172736, SharedBaseAddress: 0x000001f580000000, ArchiveRelocationMode: 1.
Compressed class space mapped at: 0x000001f581000000-0x000001f5c1000000, reserved size: 1073741824
Narrow klass base: 0x000001f580000000, Narrow klass shift: 0, Narrow klass range: 0x100000000

GC Precious Log:
 CardTable entry size: 512
 Card Set container configuration: InlinePtr #cards 5 size 8 Array Of Cards #cards 12 size 40 Howl #buckets 4 coarsen threshold 1843 Howl Bitmap #cards 512 size 80 coarsen threshold 460 Card regions per heap region 1 cards per card region 2048
 CPUs: 2 total, 2 available
 Memory: 3918M
 Large Page Support: Disabled
 NUMA Support: Disabled
 Compressed Oops: Enabled (32-bit)
 Heap Region Size: 1M
 Heap Min Capacity: 8M
 Heap Initial Capacity: 62M
 Heap Max Capacity: 980M
 Pre-touch: Disabled
 Parallel Workers: 2
 Concurrent Workers: 1
 Concurrent Refinement Workers: 2
 Periodic GC: Disabled

Heap:
 garbage-first heap   total 40960K, used 30857K [0x00000000c2c00000, 0x0000000100000000)
  region size 1024K, 21 young (21504K), 2 survivors (2048K)
 Metaspace       used 28592K, committed 28992K, reserved 1114112K
  class space    used 3408K, committed 3584K, reserved 1048576K

Heap Regions: E=young(eden), S=young(survivor), O=old, HS=humongous(starts), HC=humongous(continues), CS=collection set, F=free, TAMS=top-at-mark-start, PB=parsable bottom
|   0|0x00000000c2c00000, 0x00000000c2d00000, 0x00000000c2d00000|100%| O|  |TAMS 0x00000000c2c00000| PB 0x00000000c2c00000| Untracked 
|   1|0x00000000c2d00000, 0x00000000c2e00000, 0x00000000c2e00000|100%| O|  |TAMS 0x00000000c2d00000| PB 0x00000000c2d00000| Untracked 
|   2|0x00000000c2e00000, 0x00000000c2f00000, 0x00000000c2f00000|100%|HS|  |TAMS 0x00000000c2e00000| PB 0x00000000c2e00000| Complete 
|   3|0x00000000c2f00000, 0x00000000c3000000, 0x00000000c3000000|100%| O|  |TAMS 0x00000000c2f00000| PB 0x00000000c2f00000| Untracked 
|   4|0x00000000c3000000, 0x00000000c3100000, 0x00000000c3100000|100%| O|  |TAMS 0x00000000c3000000| PB 0x00000000c3000000| Untracked 
|   5|0x00000000c3100000, 0x00000000c3200000, 0x00000000c3200000|100%| O|Cm|TAMS 0x00000000c3100000| PB 0x00000000c3100000| Complete 
|   6|0x00000000c3200000, 0x00000000c3300000, 0x00000000c3300000|100%| O|  |TAMS 0x00000000c3200000| PB 0x00000000c3200000| Untracked 
|   7|0x00000000c3300000, 0x00000000c3400000, 0x00000000c3400000|100%| O|  |TAMS 0x00000000c3300000| PB 0x00000000c3300000| Untracked 
|   8|0x00000000c3400000, 0x00000000c3500000, 0x00000000c3500000|100%| O|  |TAMS 0x00000000c3400000| PB 0x00000000c3400000| Untracked 
|   9|0x00000000c3500000, 0x00000000c3600000, 0x00000000c3600000|100%| O|  |TAMS 0x00000000c3500000| PB 0x00000000c3500000| Untracked 
|  10|0x00000000c3600000, 0x00000000c3700000, 0x00000000c3700000|100%| O|  |TAMS 0x00000000c3600000| PB 0x00000000c3600000| Untracked 
|  11|0x00000000c3700000, 0x00000000c374e000, 0x00000000c3800000| 30%| O|  |TAMS 0x00000000c3700000| PB 0x00000000c3700000| Untracked 
|  12|0x00000000c3800000, 0x00000000c3800000, 0x00000000c3900000|  0%| F|  |TAMS 0x00000000c3800000| PB 0x00000000c3800000| Untracked 
|  13|0x00000000c3900000, 0x00000000c3900000, 0x00000000c3a00000|  0%| F|  |TAMS 0x00000000c3900000| PB 0x00000000c3900000| Untracked 
|  14|0x00000000c3a00000, 0x00000000c3ad4670, 0x00000000c3b00000| 82%| S|CS|TAMS 0x00000000c3a00000| PB 0x00000000c3a00000| Complete 
|  15|0x00000000c3b00000, 0x00000000c3c00000, 0x00000000c3c00000|100%| S|CS|TAMS 0x00000000c3b00000| PB 0x00000000c3b00000| Complete 
|  16|0x00000000c3c00000, 0x00000000c3c00000, 0x00000000c3d00000|  0%| F|  |TAMS 0x00000000c3c00000| PB 0x00000000c3c00000| Untracked 
|  17|0x00000000c3d00000, 0x00000000c3d00000, 0x00000000c3e00000|  0%| F|  |TAMS 0x00000000c3d00000| PB 0x00000000c3d00000| Untracked 
|  18|0x00000000c3e00000, 0x00000000c3e00000, 0x00000000c3f00000|  0%| F|  |TAMS 0x00000000c3e00000| PB 0x00000000c3e00000| Untracked 
|  19|0x00000000c3f00000, 0x00000000c3f00000, 0x00000000c4000000|  0%| F|  |TAMS 0x00000000c3f00000| PB 0x00000000c3f00000| Untracked 
|  20|0x00000000c4000000, 0x00000000c4000000, 0x00000000c4100000|  0%| F|  |TAMS 0x00000000c4000000| PB 0x00000000c4000000| Untracked 
|  21|0x00000000c4100000, 0x00000000c41b9a70, 0x00000000c4200000| 72%| E|  |TAMS 0x00000000c4100000| PB 0x00000000c4100000| Complete 
|  22|0x00000000c4200000, 0x00000000c4300000, 0x00000000c4300000|100%| E|CS|TAMS 0x00000000c4200000| PB 0x00000000c4200000| Complete 
|  23|0x00000000c4300000, 0x00000000c4400000, 0x00000000c4400000|100%| E|CS|TAMS 0x00000000c4300000| PB 0x00000000c4300000| Complete 
|  24|0x00000000c4400000, 0x00000000c4500000, 0x00000000c4500000|100%| E|CS|TAMS 0x00000000c4400000| PB 0x00000000c4400000| Complete 
|  25|0x00000000c4500000, 0x00000000c4600000, 0x00000000c4600000|100%| E|CS|TAMS 0x00000000c4500000| PB 0x00000000c4500000| Complete 
|  26|0x00000000c4600000, 0x00000000c4700000, 0x00000000c4700000|100%| E|CS|TAMS 0x00000000c4600000| PB 0x00000000c4600000| Complete 
|  27|0x00000000c4700000, 0x00000000c4800000, 0x00000000c4800000|100%| E|CS|TAMS 0x00000000c4700000| PB 0x00000000c4700000| Complete 
|  28|0x00000000c4800000, 0x00000000c4900000, 0x00000000c4900000|100%| E|CS|TAMS 0x00000000c4800000| PB 0x00000000c4800000| Complete 
|  29|0x00000000c4900000, 0x00000000c4a00000, 0x00000000c4a00000|100%| E|CS|TAMS 0x00000000c4900000| PB 0x00000000c4900000| Complete 
|  30|0x00000000c4a00000, 0x00000000c4b00000, 0x00000000c4b00000|100%| E|CS|TAMS 0x00000000c4a00000| PB 0x00000000c4a00000| Complete 
|  31|0x00000000c4b00000, 0x00000000c4c00000, 0x00000000c4c00000|100%| E|CS|TAMS 0x00000000c4b00000| PB 0x00000000c4b00000| Complete 
|  32|0x00000000c4c00000, 0x00000000c4d00000, 0x00000000c4d00000|100%| E|CS|TAMS 0x00000000c4c00000| PB 0x00000000c4c00000| Complete 
|  33|0x00000000c4d00000, 0x00000000c4e00000, 0x00000000c4e00000|100%| E|CS|TAMS 0x00000000c4d00000| PB 0x00000000c4d00000| Complete 
|  34|0x00000000c4e00000, 0x00000000c4f00000, 0x00000000c4f00000|100%| E|CS|TAMS 0x00000000c4e00000| PB 0x00000000c4e00000| Complete 
|  35|0x00000000c4f00000, 0x00000000c5000000, 0x00000000c5000000|100%| E|CS|TAMS 0x00000000c4f00000| PB 0x00000000c4f00000| Complete 
|  36|0x00000000c5000000, 0x00000000c5100000, 0x00000000c5100000|100%| E|CS|TAMS 0x00000000c5000000| PB 0x00000000c5000000| Complete 
|  54|0x00000000c6200000, 0x00000000c6300000, 0x00000000c6300000|100%| E|CS|TAMS 0x00000000c6200000| PB 0x00000000c6200000| Complete 
|  55|0x00000000c6300000, 0x00000000c6400000, 0x00000000c6400000|100%| E|  |TAMS 0x00000000c6300000| PB 0x00000000c6300000| Complete 
|  56|0x00000000c6400000, 0x00000000c6500000, 0x00000000c6500000|100%| E|CS|TAMS 0x00000000c6400000| PB 0x00000000c6400000| Complete 

Card table byte_map: [0x000001f5d4ea0000,0x000001f5d5090000] _byte_map_base: 0x000001f5d488a000

Marking Bits: (CMBitMap*) 0x000001f5d5133010
 Bits: [0x000001f5ec570000, 0x000001f5ed4c0000)

Polling page: 0x000001f5d3240000

Metaspace:

Usage:
  Non-class:     24.60 MB used.
      Class:      3.33 MB used.
       Both:     27.94 MB used.

Virtual space:
  Non-class space:       64.00 MB reserved,      24.81 MB ( 39%) committed,  1 nodes.
      Class space:        1.00 GB reserved,       3.50 MB ( <1%) committed,  1 nodes.
             Both:        1.06 GB reserved,      28.31 MB (  3%) committed. 

Chunk freelists:
   Non-Class:  6.88 MB
       Class:  12.40 MB
        Both:  19.27 MB

MaxMetaspaceSize: unlimited
CompressedClassSpaceSize: 1.00 GB
Initial GC threshold: 21.00 MB
Current GC threshold: 35.12 MB
CDS: on
 - commit_granule_bytes: 65536.
 - commit_granule_words: 8192.
 - virtual_space_node_default_size: 8388608.
 - enlarge_chunks_in_place: 1.
 - use_allocation_guard: 0.


Internal statistics:

num_allocs_failed_limit: 3.
num_arena_births: 470.
num_arena_deaths: 0.
num_vsnodes_births: 2.
num_vsnodes_deaths: 0.
num_space_committed: 453.
num_space_uncommitted: 0.
num_chunks_returned_to_freelist: 3.
num_chunks_taken_from_freelist: 1241.
num_chunk_merges: 0.
num_chunk_splits: 812.
num_chunks_enlarged: 566.
num_inconsistent_stats: 0.

CodeHeap 'non-profiled nmethods': size=120064Kb used=1325Kb max_used=1325Kb free=118738Kb
 bounds [0x000001f5e5030000, 0x000001f5e52a0000, 0x000001f5ec570000]
CodeHeap 'profiled nmethods': size=120000Kb used=6991Kb max_used=6991Kb free=113008Kb
 bounds [0x000001f5dd570000, 0x000001f5ddc50000, 0x000001f5e4aa0000]
CodeHeap 'non-nmethods': size=5696Kb used=1471Kb max_used=1493Kb free=4224Kb
 bounds [0x000001f5e4aa0000, 0x000001f5e4d10000, 0x000001f5e5030000]
 total_blobs=4039 nmethods=3492 adapters=451
 compilation: enabled
              stopped_count=0, restarted_count=0
 full_count=0

Compilation events (20 events):
Event: 10.911 Thread 0x000001f5ef83f8d0 3469       3       java.math.BigInteger::getInt (63 bytes)
Event: 10.912 Thread 0x000001f5ef83f8d0 nmethod 3469 0x000001f5ddc36b10 code [0x000001f5ddc36d00, 0x000001f5ddc370e8]
Event: 10.912 Thread 0x000001f5ef83f8d0 3472       3       java.lang.Integer::parseInt (7 bytes)
Event: 10.912 Thread 0x000001f5ef83f8d0 nmethod 3472 0x000001f5ddc37210 code [0x000001f5ddc373c0, 0x000001f5ddc374e0]
Event: 10.912 Thread 0x000001f5ef83f8d0 3477       1       java.security.Provider$UString::toString (5 bytes)
Event: 10.912 Thread 0x000001f5ef83f8d0 nmethod 3477 0x000001f5e517a890 code [0x000001f5e517aa20, 0x000001f5e517aae8]
Event: 10.912 Thread 0x000001f5ef83f8d0 3478       1       java.security.Provider$Service::getClassName (5 bytes)
Event: 10.912 Thread 0x000001f5ef83f8d0 nmethod 3478 0x000001f5e517ab90 code [0x000001f5e517ad20, 0x000001f5e517ade8]
Event: 10.912 Thread 0x000001f5ef83f8d0 3475       1       java.math.BigInteger::signum (5 bytes)
Event: 10.912 Thread 0x000001f5ef83f8d0 nmethod 3475 0x000001f5e517ae90 code [0x000001f5e517b020, 0x000001f5e517b0e8]
Event: 10.936 Thread 0x000001f5ef83f8d0 3479   !   2       jdk.internal.reflect.DirectMethodHandleAccessor::invoke (92 bytes)
Event: 10.938 Thread 0x000001f5ef83f8d0 nmethod 3479 0x000001f5ddc37590 code [0x000001f5ddc37920, 0x000001f5ddc385e0]
Event: 10.938 Thread 0x000001f5ef83f8d0 3482       2       java.io.ObjectOutputStream$HandleTable::insert (39 bytes)
Event: 10.938 Thread 0x000001f5ef83f8d0 nmethod 3482 0x000001f5ddc39710 code [0x000001f5ddc398e0, 0x000001f5ddc39b80]
Event: 10.938 Thread 0x000001f5ef83f8d0 3481       2       java.io.ObjectOutputStream$BlockDataOutputStream::writeInt (46 bytes)
Event: 10.940 Thread 0x000001f5ef83f8d0 nmethod 3481 0x000001f5ddc39d90 code [0x000001f5ddc39f60, 0x000001f5ddc3a268]
Event: 10.940 Thread 0x000001f5ef83f8d0 3483       2       java.io.ObjectStreamClass::forClass (52 bytes)
Event: 10.940 Thread 0x000001f5ef83f8d0 nmethod 3483 0x000001f5ddc3a510 code [0x000001f5ddc3a6c0, 0x000001f5ddc3a8d0]
Event: 10.940 Thread 0x000001f5ef83f8d0 3480       2       jdk.internal.reflect.DirectMethodHandleAccessor::isStatic (20 bytes)
Event: 10.940 Thread 0x000001f5ef83f8d0 nmethod 3480 0x000001f5ddc3aa10 code [0x000001f5ddc3aba0, 0x000001f5ddc3acc0]

GC Heap History (14 events):
Event: 1.043 GC heap before
{Heap before GC invocations=0 (full 0):
 garbage-first heap   total 63488K, used 6144K [0x00000000c2c00000, 0x0000000100000000)
  region size 1024K, 6 young (6144K), 0 survivors (0K)
 Metaspace       used 2546K, committed 2752K, reserved 1114112K
  class space    used 203K, committed 320K, reserved 1048576K
}
Event: 1.051 GC heap after
{Heap after GC invocations=1 (full 0):
 garbage-first heap   total 63488K, used 2916K [0x00000000c2c00000, 0x0000000100000000)
  region size 1024K, 1 young (1024K), 1 survivors (1024K)
 Metaspace       used 2546K, committed 2752K, reserved 1114112K
  class space    used 203K, committed 320K, reserved 1048576K
}
Event: 1.220 GC heap before
{Heap before GC invocations=1 (full 0):
 garbage-first heap   total 63488K, used 7012K [0x00000000c2c00000, 0x0000000100000000)
  region size 1024K, 5 young (5120K), 1 survivors (1024K)
 Metaspace       used 3092K, committed 3200K, reserved 1114112K
  class space    used 244K, committed 320K, reserved 1048576K
}
Event: 1.227 GC heap after
{Heap after GC invocations=2 (full 0):
 garbage-first heap   total 63488K, used 6734K [0x00000000c2c00000, 0x0000000100000000)
  region size 1024K, 1 young (1024K), 1 survivors (1024K)
 Metaspace       used 3092K, committed 3200K, reserved 1114112K
  class space    used 244K, committed 320K, reserved 1048576K
}
Event: 1.653 GC heap before
{Heap before GC invocations=2 (full 0):
 garbage-first heap   total 63488K, used 12878K [0x00000000c2c00000, 0x0000000100000000)
  region size 1024K, 8 young (8192K), 1 survivors (1024K)
 Metaspace       used 7388K, committed 7616K, reserved 1114112K
  class space    used 692K, committed 768K, reserved 1048576K
}
Event: 1.659 GC heap after
{Heap after GC invocations=3 (full 0):
 garbage-first heap   total 63488K, used 8013K [0x00000000c2c00000, 0x0000000100000000)
  region size 1024K, 1 young (1024K), 1 survivors (1024K)
 Metaspace       used 7388K, committed 7616K, reserved 1114112K
  class space    used 692K, committed 768K, reserved 1048576K
}
Event: 4.029 GC heap before
{Heap before GC invocations=3 (full 0):
 garbage-first heap   total 63488K, used 27469K [0x00000000c2c00000, 0x0000000100000000)
  region size 1024K, 20 young (20480K), 1 survivors (1024K)
 Metaspace       used 12559K, committed 12928K, reserved 1114112K
  class space    used 1352K, committed 1536K, reserved 1048576K
}
Event: 4.039 GC heap after
{Heap after GC invocations=4 (full 0):
 garbage-first heap   total 63488K, used 9356K [0x00000000c2c00000, 0x0000000100000000)
  region size 1024K, 3 young (3072K), 3 survivors (3072K)
 Metaspace       used 12559K, committed 12928K, reserved 1114112K
  class space    used 1352K, committed 1536K, reserved 1048576K
}
Event: 7.477 GC heap before
{Heap before GC invocations=4 (full 0):
 garbage-first heap   total 63488K, used 43148K [0x00000000c2c00000, 0x0000000100000000)
  region size 1024K, 37 young (37888K), 3 survivors (3072K)
 Metaspace       used 20333K, committed 20736K, reserved 1114112K
  class space    used 2395K, committed 2560K, reserved 1048576K
}
Event: 7.491 GC heap after
{Heap after GC invocations=5 (full 0):
 garbage-first heap   total 63488K, used 11463K [0x00000000c2c00000, 0x0000000100000000)
  region size 1024K, 5 young (5120K), 5 survivors (5120K)
 Metaspace       used 20333K, committed 20736K, reserved 1114112K
  class space    used 2395K, committed 2560K, reserved 1048576K
}
Event: 7.772 GC heap before
{Heap before GC invocations=5 (full 0):
 garbage-first heap   total 63488K, used 15559K [0x00000000c2c00000, 0x0000000100000000)
  region size 1024K, 10 young (10240K), 5 survivors (5120K)
 Metaspace       used 21112K, committed 21504K, reserved 1114112K
  class space    used 2518K, committed 2752K, reserved 1048576K
}
Event: 7.784 GC heap after
{Heap after GC invocations=6 (full 0):
 garbage-first heap   total 63488K, used 12010K [0x00000000c2c00000, 0x0000000100000000)
  region size 1024K, 3 young (3072K), 3 survivors (3072K)
 Metaspace       used 21112K, committed 21504K, reserved 1114112K
  class space    used 2518K, committed 2752K, reserved 1048576K
}
Event: 8.568 GC heap before
{Heap before GC invocations=7 (full 0):
 garbage-first heap   total 40960K, used 32490K [0x00000000c2c00000, 0x0000000100000000)
  region size 1024K, 24 young (24576K), 3 survivors (3072K)
 Metaspace       used 25877K, committed 26304K, reserved 1114112K
  class space    used 3047K, committed 3264K, reserved 1048576K
}
Event: 8.580 GC heap after
{Heap after GC invocations=8 (full 0):
 garbage-first heap   total 40960K, used 13449K [0x00000000c2c00000, 0x0000000100000000)
  region size 1024K, 2 young (2048K), 2 survivors (2048K)
 Metaspace       used 25877K, committed 26304K, reserved 1114112K
  class space    used 3047K, committed 3264K, reserved 1048576K
}

Dll operation events (13 events):
Event: 0.071 Loaded shared library C:\Program Files\Java\jdk-21\bin\java.dll
Event: 0.077 Loaded shared library C:\Program Files\Java\jdk-21\bin\zip.dll
Event: 0.215 Loaded shared library C:\Program Files\Java\jdk-21\bin\jsvml.dll
Event: 0.562 Loaded shared library C:\Program Files\Java\jdk-21\bin\instrument.dll
Event: 0.570 Loaded shared library C:\Program Files\Java\jdk-21\bin\net.dll
Event: 0.576 Loaded shared library C:\Program Files\Java\jdk-21\bin\nio.dll
Event: 0.595 Loaded shared library C:\Program Files\Java\jdk-21\bin\zip.dll
Event: 0.719 Loaded shared library C:\Program Files\JetBrains\IntelliJ IDEA 2024.3.2.2\bin\breakgen64.dll
Event: 0.866 Loaded shared library C:\Program Files\Java\jdk-21\bin\extnet.dll
Event: 0.880 Loaded shared library C:\Program Files\Java\jdk-21\bin\jimage.dll
Event: 1.395 Loaded shared library C:\Program Files\Java\jdk-21\bin\management.dll
Event: 1.431 Loaded shared library C:\Program Files\Java\jdk-21\bin\management_ext.dll
Event: 10.839 Loaded shared library C:\Program Files\Java\jdk-21\bin\sunmscapi.dll

Deoptimization events (20 events):
Event: 9.888 Thread 0x000001f5d2e220e0 DEOPT PACKING pc=0x000001f5e5101694 sp=0x0000009a239fb590
Event: 9.888 Thread 0x000001f5d2e220e0 DEOPT UNPACKING pc=0x000001f5e4af469c sp=0x0000009a239fb580 mode 2
Event: 9.915 Thread 0x000001f5f5daaad0 Uncommon trap: trap_request=0xffffff45 fr.pc=0x000001f5e511e05c relative=0x00000000000002fc
Event: 9.915 Thread 0x000001f5f5daaad0 Uncommon trap: reason=unstable_if action=reinterpret pc=0x000001f5e511e05c method=java.util.LinkedHashMap.get(Ljava/lang/Object;)Ljava/lang/Object; @ 16 c2
Event: 9.915 Thread 0x000001f5f5daaad0 DEOPT PACKING pc=0x000001f5e511e05c sp=0x0000009a251fe7d0
Event: 9.915 Thread 0x000001f5f5daaad0 DEOPT UNPACKING pc=0x000001f5e4af469c sp=0x0000009a251fe778 mode 2
Event: 10.046 Thread 0x000001f5f5daaad0 Uncommon trap: trap_request=0xffffff45 fr.pc=0x000001f5e513bce0 relative=0x0000000000000420
Event: 10.046 Thread 0x000001f5f5daaad0 Uncommon trap: reason=unstable_if action=reinterpret pc=0x000001f5e513bce0 method=java.lang.AbstractStringBuilder.isLatin1()Z @ 10 c2
Event: 10.046 Thread 0x000001f5f5daaad0 DEOPT PACKING pc=0x000001f5e513bce0 sp=0x0000009a251fe170
Event: 10.046 Thread 0x000001f5f5daaad0 DEOPT UNPACKING pc=0x000001f5e4af469c sp=0x0000009a251fe0c0 mode 2
Event: 10.100 Thread 0x000001f5f5daaad0 DEOPT PACKING pc=0x000001f5dd66fdf9 sp=0x0000009a251fe390
Event: 10.101 Thread 0x000001f5f5daaad0 DEOPT UNPACKING pc=0x000001f5e4af4e23 sp=0x0000009a251fd888 mode 0
Event: 10.901 Thread 0x000001f5f5daaad0 Uncommon trap: trap_request=0xffffffde fr.pc=0x000001f5e5166bf0 relative=0x0000000000000830
Event: 10.901 Thread 0x000001f5f5daaad0 Uncommon trap: reason=class_check action=maybe_recompile pc=0x000001f5e5166bf0 method=java.util.HashMap.putVal(ILjava/lang/Object;Ljava/lang/Object;ZZ)Ljava/lang/Object; @ 203 c2
Event: 10.901 Thread 0x000001f5f5daaad0 DEOPT PACKING pc=0x000001f5e5166bf0 sp=0x0000009a251fcff0
Event: 10.901 Thread 0x000001f5f5daaad0 DEOPT UNPACKING pc=0x000001f5e4af469c sp=0x0000009a251fcf70 mode 2
Event: 10.901 Thread 0x000001f5f5daaad0 Uncommon trap: trap_request=0xffffffde fr.pc=0x000001f5e5166bf0 relative=0x0000000000000830
Event: 10.901 Thread 0x000001f5f5daaad0 Uncommon trap: reason=class_check action=maybe_recompile pc=0x000001f5e5166bf0 method=java.util.HashMap.putVal(ILjava/lang/Object;Ljava/lang/Object;ZZ)Ljava/lang/Object; @ 203 c2
Event: 10.901 Thread 0x000001f5f5daaad0 DEOPT PACKING pc=0x000001f5e5166bf0 sp=0x0000009a251fcff0
Event: 10.901 Thread 0x000001f5f5daaad0 DEOPT UNPACKING pc=0x000001f5e4af469c sp=0x0000009a251fcf70 mode 2

Classes loaded (20 events):
Event: 10.897 Loading class sun/security/util/DerEncoder done
Event: 10.897 Loading class sun/security/util/DerOutputStream done
Event: 10.898 Loading class sun/security/util/ByteArrayLexOrder
Event: 10.899 Loading class sun/security/util/ByteArrayLexOrder done
Event: 10.899 Loading class sun/security/util/ByteArrayTagOrder
Event: 10.899 Loading class sun/security/util/ByteArrayTagOrder done
Event: 10.899 Loading class sun/security/util/ObjectIdentifier
Event: 10.899 Loading class sun/security/util/ObjectIdentifier done
Event: 10.904 Loading class java/security/spec/ECFieldF2m
Event: 10.904 Loading class java/security/spec/ECFieldF2m done
Event: 10.910 Loading class sun/security/ssl/SunJSSE
Event: 10.914 Loading class org/springframework/context/annotation/ConfigurationClassParser$DeferredImportSelectorGroupingHandler
Event: 10.914 Loading class org/springframework/context/annotation/ConfigurationClassParser$DeferredImportSelectorGroupingHandler done
Event: 10.914 Loading class org/springframework/context/annotation/ConfigurationClassParser$DeferredImportSelectorHolder
Event: 10.914 Loading class org/springframework/context/annotation/ConfigurationClassParser$DeferredImportSelectorHolder done
Event: 10.914 Loading class org/springframework/context/annotation/ConfigurationClassParser$DeferredImportSelectorHolder
Event: 10.914 Loading class org/springframework/context/annotation/ConfigurationClassParser$DeferredImportSelectorHolder done
Event: 10.915 Loading class org/springframework/boot/autoconfigure/AutoConfigurationImportSelector$AutoConfigurationGroup
Event: 10.915 Loading class org/springframework/boot/autoconfigure/AutoConfigurationImportSelector$AutoConfigurationGroup done
Event: 11.234 Loading class sun/security/ssl/SunJSSE done

Classes unloaded (0 events):
No events

Classes redefined (1 events):
Event: 1.132 Thread 0x000001f5ef7ff370 redefined class name=java.lang.Throwable, count=1

Internal exceptions (20 events):
Event: 7.331 Thread 0x000001f5d2e220e0 Exception <a 'java/lang/NoSuchMethodError'{0x00000000c47c7778}: 'java.lang.Object java.lang.invoke.DirectMethodHandle$Holder.invokeSpecial(java.lang.Object, java.lang.Object, java.lang.Object, java.lang.Object, java.lang.Object, java.lang.Object, int)'> (0x00000000c47c7778) 
thrown [s\open\src\hotspot\share\interpreter\linkResolver.cpp, line 773]
Event: 7.333 Thread 0x000001f5d2e220e0 Exception <a 'java/lang/NoSuchMethodError'{0x00000000c47d1220}: 'java.lang.Object java.lang.invoke.DirectMethodHandle$Holder.newInvokeSpecial(java.lang.Object, java.lang.Object, java.lang.Object, java.lang.Object, java.lang.Object, java.lang.Object, int)'> (0x00000000c47d1220) 
thrown [s\open\src\hotspot\share\interpreter\linkResolver.cpp, line 773]
Event: 7.333 Thread 0x000001f5d2e220e0 Exception <a 'java/lang/NoSuchMethodError'{0x00000000c47d5d60}: 'java.lang.Object java.lang.invoke.DirectMethodHandle$Holder.invokeSpecial(java.lang.Object, java.lang.Object, java.lang.Object, java.lang.Object, java.lang.Object, java.lang.Object, java.lang.Object, int)'> (0x00000000c47d5d60) 
thrown [s\open\src\hotspot\share\interpreter\linkResolver.cpp, line 773]
Event: 7.419 Thread 0x000001f5d2e220e0 Exception <a 'java/lang/NoSuchMethodError'{0x00000000c4521850}: 'void java.lang.invoke.DirectMethodHandle$Holder.invokeStatic(java.lang.Object, java.lang.Object, java.lang.Object, java.lang.Object, java.lang.Object, java.lang.Object)'> (0x00000000c4521850) 
thrown [s\open\src\hotspot\share\interpreter\linkResolver.cpp, line 773]
Event: 7.493 Thread 0x000001f5d2e220e0 Exception <a 'java/lang/NoSuchMethodError'{0x00000000c6963d30}: 'java.lang.Object java.lang.invoke.DirectMethodHandle$Holder.invokeSpecial(java.lang.Object, java.lang.Object, java.lang.Object, int, java.lang.Object)'> (0x00000000c6963d30) 
thrown [s\open\src\hotspot\share\interpreter\linkResolver.cpp, line 773]
Event: 7.494 Thread 0x000001f5d2e220e0 Exception <a 'java/lang/NoSuchMethodError'{0x00000000c696b690}: 'java.lang.Object java.lang.invoke.DirectMethodHandle$Holder.newInvokeSpecial(java.lang.Object, java.lang.Object, java.lang.Object, int, java.lang.Object)'> (0x00000000c696b690) 
thrown [s\open\src\hotspot\share\interpreter\linkResolver.cpp, line 773]
Event: 7.494 Thread 0x000001f5d2e220e0 Exception <a 'java/lang/NoSuchMethodError'{0x00000000c6972d18}: 'java.lang.Object java.lang.invoke.Invokers$Holder.linkToTargetMethod(java.lang.Object, java.lang.Object, int, java.lang.Object, java.lang.Object)'> (0x00000000c6972d18) 
thrown [s\open\src\hotspot\share\interpreter\linkResolver.cpp, line 773]
Event: 7.497 Thread 0x000001f5d2e220e0 Exception <a 'java/lang/NoSuchMethodError'{0x00000000c6981580}: 'java.lang.Object java.lang.invoke.DirectMethodHandle$Holder.newInvokeSpecial(java.lang.Object, int, java.lang.Object)'> (0x00000000c6981580) 
thrown [s\open\src\hotspot\share\interpreter\linkResolver.cpp, line 773]
Event: 7.632 Thread 0x000001f5d2e220e0 Exception <a 'java/lang/NoSuchMethodError'{0x00000000c6742bd8}: 'java.lang.Object java.lang.invoke.DirectMethodHandle$Holder.invokeStatic(java.lang.Object, long, java.lang.Object)'> (0x00000000c6742bd8) 
thrown [s\open\src\hotspot\share\interpreter\linkResolver.cpp, line 773]
Event: 7.633 Thread 0x000001f5d2e220e0 Exception <a 'java/lang/NoSuchMethodError'{0x00000000c67467f0}: 'java.lang.Object java.lang.invoke.DirectMethodHandle$Holder.invokeStaticInit(java.lang.Object, long, java.lang.Object)'> (0x00000000c67467f0) 
thrown [s\open\src\hotspot\share\interpreter\linkResolver.cpp, line 773]
Event: 7.634 Thread 0x000001f5d2e220e0 Exception <a 'java/lang/NoSuchMethodError'{0x00000000c674c4a8}: 'java.lang.Object java.lang.invoke.DirectMethodHandle$Holder.newInvokeSpecial(java.lang.Object, long)'> (0x00000000c674c4a8) 
thrown [s\open\src\hotspot\share\interpreter\linkResolver.cpp, line 773]
Event: 7.841 Thread 0x000001f5d2e220e0 Exception <a 'java/lang/IncompatibleClassChangeError'{0x00000000c50a9820}: Found class java.lang.Object, but interface was expected> (0x00000000c50a9820) 
thrown [s\open\src\hotspot\share\interpreter\linkResolver.cpp, line 840]
Event: 7.854 Thread 0x000001f5d2e220e0 Exception <a 'java/lang/NoSuchMethodError'{0x00000000c50cbf90}: 'java.lang.Object java.lang.invoke.DirectMethodHandle$Holder.invokeStatic(java.lang.Object, int, java.lang.Object)'> (0x00000000c50cbf90) 
thrown [s\open\src\hotspot\share\interpreter\linkResolver.cpp, line 773]
Event: 7.854 Thread 0x000001f5d2e220e0 Exception <a 'java/lang/NoSuchMethodError'{0x00000000c50cfb70}: 'java.lang.Object java.lang.invoke.DirectMethodHandle$Holder.invokeStaticInit(java.lang.Object, int, java.lang.Object)'> (0x00000000c50cfb70) 
thrown [s\open\src\hotspot\share\interpreter\linkResolver.cpp, line 773]
Event: 7.876 Thread 0x000001f5f5daaad0 Exception <a 'java/lang/NoClassDefFoundError'{0x00000000c4f083e8}: jakarta/validation/Validation> (0x00000000c4f083e8) 
thrown [s\open\src\hotspot\share\classfile\systemDictionary.cpp, line 301]
Event: 9.236 Thread 0x000001f5f5daaad0 Exception <a 'java/lang/NoSuchMethodError'{0x00000000c4798660}: 'long java.lang.invoke.DirectMethodHandle$Holder.invokeStatic(java.lang.Object, java.lang.Object)'> (0x00000000c4798660) 
thrown [s\open\src\hotspot\share\interpreter\linkResolver.cpp, line 773]
Event: 9.237 Thread 0x000001f5f5daaad0 Exception <a 'java/lang/NoSuchMethodError'{0x00000000c479b9f8}: 'long java.lang.invoke.DirectMethodHandle$Holder.invokeStaticInit(java.lang.Object, java.lang.Object)'> (0x00000000c479b9f8) 
thrown [s\open\src\hotspot\share\interpreter\linkResolver.cpp, line 773]
Event: 9.238 Thread 0x000001f5f5daaad0 Exception <a 'java/lang/NoSuchMethodError'{0x00000000c47a7e08}: 'long java.lang.invoke.DirectMethodHandle$Holder.invokeInterface(java.lang.Object, java.lang.Object)'> (0x00000000c47a7e08) 
thrown [s\open\src\hotspot\share\interpreter\linkResolver.cpp, line 773]
Event: 9.653 Thread 0x000001f5f5daaad0 Exception <a 'java/lang/IncompatibleClassChangeError'{0x00000000c47ab0e8}: Found class java.lang.Object, but interface was expected> (0x00000000c47ab0e8) 
thrown [s\open\src\hotspot\share\interpreter\linkResolver.cpp, line 840]
Event: 9.770 Thread 0x000001f5f5daaad0 Exception <a 'java/lang/NoSuchMethodError'{0x00000000c46b63a0}: 'java.lang.Object java.lang.invoke.DirectMethodHandle$Holder.invokeVirtual(java.lang.Object, java.lang.Object, java.lang.Object, java.lang.Object)'> (0x00000000c46b63a0) 
thrown [s\open\src\hotspot\share\interpreter\linkResolver.cpp, line 773]

ZGC Phase Switch (0 events):
No events

VM Operations (20 events):
Event: 7.796 Executing VM operation: G1PauseRemark
Event: 7.800 Executing VM operation: G1PauseRemark done
Event: 7.804 Executing VM operation: G1PauseCleanup
Event: 7.805 Executing VM operation: G1PauseCleanup done
Event: 8.438 Executing VM operation: HandshakeAllThreads (Deoptimize)
Event: 8.438 Executing VM operation: HandshakeAllThreads (Deoptimize) done
Event: 8.486 Executing VM operation: HandshakeAllThreads (Deoptimize)
Event: 8.486 Executing VM operation: HandshakeAllThreads (Deoptimize) done
Event: 8.532 Executing VM operation: HandshakeAllThreads (Deoptimize)
Event: 8.532 Executing VM operation: HandshakeAllThreads (Deoptimize) done
Event: 8.568 Executing VM operation: G1CollectForAllocation (G1 Evacuation Pause)
Event: 8.585 Executing VM operation: G1CollectForAllocation (G1 Evacuation Pause) done
Event: 8.841 Executing VM operation: HandshakeAllThreads (Deoptimize)
Event: 8.841 Executing VM operation: HandshakeAllThreads (Deoptimize) done
Event: 9.853 Executing VM operation: Cleanup
Event: 9.854 Executing VM operation: Cleanup done
Event: 10.854 Executing VM operation: Cleanup
Event: 10.882 Executing VM operation: Cleanup done
Event: 10.898 Executing VM operation: HandshakeAllThreads (Deoptimize)
Event: 10.898 Executing VM operation: HandshakeAllThreads (Deoptimize) done

Events (17 events):
Event: 0.118 Thread 0x000001f5d2e220e0 Thread added: 0x000001f5d2e220e0
Event: 0.183 Thread 0x000001f5ef819190 Thread added: 0x000001f5ef819190
Event: 0.184 Thread 0x000001f5ef81aa00 Thread added: 0x000001f5ef81aa00
Event: 0.184 Thread 0x000001f5ef820290 Thread added: 0x000001f5ef820290
Event: 0.184 Thread 0x000001f5ef820ce0 Thread added: 0x000001f5ef820ce0
Event: 0.184 Thread 0x000001f5ef821730 Thread added: 0x000001f5ef821730
Event: 0.185 Thread 0x000001f5ef823190 Thread added: 0x000001f5ef823190
Event: 0.185 Thread 0x000001f5ef825f20 Thread added: 0x000001f5ef825f20
Event: 0.194 Thread 0x000001f5ef83f8d0 Thread added: 0x000001f5ef83f8d0
Event: 0.498 Thread 0x000001f5ef7fcc40 Thread added: 0x000001f5ef7fcc40
Event: 0.722 Thread 0x000001f5efba9060 Thread added: 0x000001f5efba9060
Event: 1.149 Thread 0x000001f5f41987f0 Thread added: 0x000001f5f41987f0
Event: 2.078 Thread 0x000001f5f51445f0 Thread added: 0x000001f5f51445f0
Event: 2.143 Thread 0x000001f5f4dba830 Thread added: 0x000001f5f4dba830
Event: 2.285 Thread 0x000001f5f4e74330 Thread added: 0x000001f5f4e74330
Event: 2.311 Thread 0x000001f5f4e73ca0 Thread added: 0x000001f5f4e73ca0
Event: 7.835 Thread 0x000001f5f5daaad0 Thread added: 0x000001f5f5daaad0


Dynamic libraries:
0x00007ff716b80000 - 0x00007ff716b90000 	C:\Program Files\Java\jdk-21\bin\java.exe
0x00007ffc25360000 - 0x00007ffc255c7000 	C:\WINDOWS\SYSTEM32\ntdll.dll
0x00007ffc238a0000 - 0x00007ffc23969000 	C:\WINDOWS\System32\KERNEL32.DLL
0x00007ffc22b20000 - 0x00007ffc22f10000 	C:\WINDOWS\System32\KERNELBASE.dll
0x00007ffc227a0000 - 0x00007ffc228eb000 	C:\WINDOWS\System32\ucrtbase.dll
0x00007ffbfdfa0000 - 0x00007ffbfdfb9000 	C:\Program Files\Java\jdk-21\bin\jli.dll
0x00007ffc23d00000 - 0x00007ffc23db4000 	C:\WINDOWS\System32\ADVAPI32.dll
0x00007ffc23e30000 - 0x00007ffc23ed9000 	C:\WINDOWS\System32\msvcrt.dll
0x00007ffc24cd0000 - 0x00007ffc24d76000 	C:\WINDOWS\System32\sechost.dll
0x00007ffc23310000 - 0x00007ffc23428000 	C:\WINDOWS\System32\RPCRT4.dll
0x00007ffc23140000 - 0x00007ffc23305000 	C:\WINDOWS\System32\USER32.dll
0x00007ffc225f0000 - 0x00007ffc22617000 	C:\WINDOWS\System32\win32u.dll
0x00007ffc24da0000 - 0x00007ffc24dcb000 	C:\WINDOWS\System32\GDI32.dll
0x00007ffc22fb0000 - 0x00007ffc230e8000 	C:\WINDOWS\System32\gdi32full.dll
0x00007ffc228f0000 - 0x00007ffc22993000 	C:\WINDOWS\System32\msvcp_win.dll
0x00007ffc0e450000 - 0x00007ffc0e6ea000 	C:\WINDOWS\WinSxS\amd64_microsoft.windows.common-controls_6595b64144ccf1df_6.0.26100.4768_none_3e0c112ce331287c\COMCTL32.dll
0x00007ffbfd540000 - 0x00007ffbfd55b000 	C:\Program Files\Java\jdk-21\bin\VCRUNTIME140.dll
0x00007ffc135e0000 - 0x00007ffc135eb000 	C:\WINDOWS\SYSTEM32\VERSION.dll
0x00007ffc235a0000 - 0x00007ffc235cf000 	C:\WINDOWS\System32\IMM32.DLL
0x00007ffc02ee0000 - 0x00007ffc02eec000 	C:\Program Files\Java\jdk-21\bin\vcruntime140_1.dll
0x00007ffbeb980000 - 0x00007ffbeba0e000 	C:\Program Files\Java\jdk-21\bin\msvcp140.dll
0x00007ffb77e80000 - 0x00007ffb78b9a000 	C:\Program Files\Java\jdk-21\bin\server\jvm.dll
0x00007ffc24370000 - 0x00007ffc243e4000 	C:\WINDOWS\System32\WS2_32.dll
0x00007ffc222f0000 - 0x00007ffc2234e000 	C:\WINDOWS\SYSTEM32\POWRPROF.dll
0x00007ffc108c0000 - 0x00007ffc108f5000 	C:\WINDOWS\SYSTEM32\WINMM.dll
0x00007ffc222d0000 - 0x00007ffc222e4000 	C:\WINDOWS\SYSTEM32\UMPDC.dll
0x00007ffc21210000 - 0x00007ffc2122b000 	C:\WINDOWS\SYSTEM32\kernel.appcore.dll
0x00007ffbfd420000 - 0x00007ffbfd42a000 	C:\Program Files\Java\jdk-21\bin\jimage.dll
0x00007ffc1fb10000 - 0x00007ffc1fd51000 	C:\WINDOWS\SYSTEM32\DBGHELP.DLL
0x00007ffc24e60000 - 0x00007ffc251e5000 	C:\WINDOWS\System32\combase.dll
0x00007ffc235e0000 - 0x00007ffc236c0000 	C:\WINDOWS\System32\OLEAUT32.dll
0x00007ffc080e0000 - 0x00007ffc08123000 	C:\WINDOWS\SYSTEM32\dbgcore.DLL
0x00007ffc22550000 - 0x00007ffc225e9000 	C:\WINDOWS\System32\bcryptPrimitives.dll
0x00007ffc11b90000 - 0x00007ffc11b9f000 	C:\Program Files\Java\jdk-21\bin\instrument.dll
0x00007ffbfd2d0000 - 0x00007ffbfd2ef000 	C:\Program Files\Java\jdk-21\bin\java.dll
0x00007ffbfd260000 - 0x00007ffbfd278000 	C:\Program Files\Java\jdk-21\bin\zip.dll
0x00007ffc243f0000 - 0x00007ffc24b3d000 	C:\WINDOWS\System32\SHELL32.dll
0x00007ffc22620000 - 0x00007ffc22793000 	C:\WINDOWS\System32\wintypes.dll
0x00007ffc200b0000 - 0x00007ffc20910000 	C:\WINDOWS\SYSTEM32\windows.storage.dll
0x00007ffc24bc0000 - 0x00007ffc24cb5000 	C:\WINDOWS\System32\SHCORE.dll
0x00007ffc23530000 - 0x00007ffc2359a000 	C:\WINDOWS\System32\shlwapi.dll
0x00007ffc223b0000 - 0x00007ffc223d9000 	C:\WINDOWS\SYSTEM32\profapi.dll
0x00007ffbc1a00000 - 0x00007ffbc1ad7000 	C:\Program Files\Java\jdk-21\bin\jsvml.dll
0x00007ffbfd370000 - 0x00007ffbfd380000 	C:\Program Files\Java\jdk-21\bin\net.dll
0x00007ffc14700000 - 0x00007ffc1481e000 	C:\WINDOWS\SYSTEM32\WINHTTP.dll
0x00007ffc217a0000 - 0x00007ffc2180b000 	C:\WINDOWS\system32\mswsock.dll
0x00007ffbfd280000 - 0x00007ffbfd296000 	C:\Program Files\Java\jdk-21\bin\nio.dll
0x00007ffc08a40000 - 0x00007ffc08a5a000 	C:\Program Files\JetBrains\IntelliJ IDEA 2024.3.2.2\bin\breakgen64.dll
0x00007ffbfd190000 - 0x00007ffbfd199000 	C:\Program Files\Java\jdk-21\bin\extnet.dll
0x00007ffc20dc0000 - 0x00007ffc20ee6000 	C:\WINDOWS\SYSTEM32\DNSAPI.dll
0x00007ffc20d80000 - 0x00007ffc20db3000 	C:\WINDOWS\SYSTEM32\IPHLPAPI.DLL
0x00007ffc23dc0000 - 0x00007ffc23dca000 	C:\WINDOWS\System32\NSI.dll
0x000000005a380000 - 0x000000005a3b5000 	C:\Program Files\Bonjour\mdnsNSP.dll
0x00007ffc10250000 - 0x00007ffc1025b000 	C:\Windows\System32\rasadhlp.dll
0x00007ffc142a0000 - 0x00007ffc14326000 	C:\WINDOWS\System32\fwpuclnt.dll
0x00007ffbfd140000 - 0x00007ffbfd14a000 	C:\Program Files\Java\jdk-21\bin\management.dll
0x00007ffbfd130000 - 0x00007ffbfd13b000 	C:\Program Files\Java\jdk-21\bin\management_ext.dll
0x00007ffc236d0000 - 0x00007ffc236d8000 	C:\WINDOWS\System32\PSAPI.DLL
0x00007ffc21a70000 - 0x00007ffc21a8b000 	C:\WINDOWS\SYSTEM32\CRYPTSP.dll
0x00007ffc21170000 - 0x00007ffc211ab000 	C:\WINDOWS\system32\rsaenh.dll
0x00007ffc21840000 - 0x00007ffc2186b000 	C:\WINDOWS\SYSTEM32\USERENV.dll
0x00007ffc22380000 - 0x00007ffc223a6000 	C:\WINDOWS\SYSTEM32\bcrypt.dll
0x00007ffc21a60000 - 0x00007ffc21a6c000 	C:\WINDOWS\SYSTEM32\CRYPTBASE.dll
0x00007ffc08130000 - 0x00007ffc08148000 	C:\WINDOWS\system32\napinsp.dll
0x00007ffc009b0000 - 0x00007ffc009c2000 	C:\WINDOWS\System32\winrnr.dll
0x00007ffbfff40000 - 0x00007ffbfff70000 	C:\WINDOWS\system32\nlansp_c.dll
0x00007ffbfff10000 - 0x00007ffbfff30000 	C:\WINDOWS\system32\wshbth.dll
0x00007ffc0cea0000 - 0x00007ffc0ceee000 	C:\WINDOWS\SYSTEM32\pdh.dll
0x00007ffc0f6e0000 - 0x00007ffc0f6f2000 	C:\WINDOWS\System32\perfproc.dll
0x00007ffc009f0000 - 0x00007ffc00a01000 	C:\WINDOWS\System32\perfos.dll
0x00007ffc1d090000 - 0x00007ffc1d0a2000 	C:\WINDOWS\SYSTEM32\pfclient.dll
0x00007ffbf6810000 - 0x00007ffbf681e000 	C:\Program Files\Java\jdk-21\bin\sunmscapi.dll
0x00007ffc229a0000 - 0x00007ffc22b17000 	C:\WINDOWS\System32\CRYPT32.dll
0x00007ffc21c80000 - 0x00007ffc21cb0000 	C:\WINDOWS\SYSTEM32\ncrypt.dll
0x00007ffc21c30000 - 0x00007ffc21c6f000 	C:\WINDOWS\SYSTEM32\NTASN1.dll

dbghelp: loaded successfully - version: 4.0.5 - missing functions: none
symbol engine: initialized successfully - sym options: 0x614 - pdb path: .;C:\Program Files\Java\jdk-21\bin;C:\WINDOWS\SYSTEM32;C:\WINDOWS\WinSxS\amd64_microsoft.windows.common-controls_6595b64144ccf1df_6.0.26100.4768_none_3e0c112ce331287c;C:\Program Files\Java\jdk-21\bin\server;C:\Program Files\JetBrains\IntelliJ IDEA 2024.3.2.2\bin;C:\Program Files\Bonjour

VM Arguments:
jvm_args: -ea -Didea.test.cyclic.buffer.size=1048576 -javaagent:C:\Program Files\JetBrains\IntelliJ IDEA 2024.3.2.2\lib\idea_rt.jar=62980:C:\Program Files\JetBrains\IntelliJ IDEA 2024.3.2.2\bin -javaagent:C:\Users\27820\AppData\Local\JetBrains\IntelliJIdea2024.3\captureAgent\debugger-agent.jar -Dkotlinx.coroutines.debug.enable.creation.stack.trace=false -Ddebugger.agent.enable.coroutines=true -Dkotlinx.coroutines.debug.enable.flows.stack.trace=true -Dkotlinx.coroutines.debug.enable.mutable.state.flows.stack.trace=true -Dfile.encoding=UTF-8 -Dsun.stdout.encoding=UTF-8 -Dsun.stderr.encoding=UTF-8 
java_command: com.intellij.rt.junit.JUnitStarter -ideVersion5 -junit5 @w@C:\Users\27820\AppData\Local\Temp\idea_working_dirs_junit.tmp @C:\Users\27820\AppData\Local\Temp\idea_junit.tmp -socket62979
java_class_path (initial): C:\Users\27820\.m2\repository\org\junit\platform\junit-platform-launcher\1.10.2\junit-platform-launcher-1.10.2.jar;C:\Program Files\JetBrains\IntelliJ IDEA 2024.3.2.2\lib\idea_rt.jar;C:\Program Files\JetBrains\IntelliJ IDEA 2024.3.2.2\plugins\junit\lib\junit5-rt.jar;C:\Program Files\JetBrains\IntelliJ IDEA 2024.3.2.2\plugins\junit\lib\junit-rt.jar;C:\Users\27820\IdeaProjects\ADP3_Capstone_Project\target\test-classes;C:\Users\27820\IdeaProjects\ADP3_Capstone_Project\target\classes;C:\Users\27820\.m2\repository\org\springframework\boot\spring-boot-starter-test\3.2.5\spring-boot-starter-test-3.2.5.jar;C:\Users\27820\.m2\repository\org\springframework\boot\spring-boot-starter\3.2.5\spring-boot-starter-3.2.5.jar;C:\Users\27820\.m2\repository\org\springframework\boot\spring-boot\3.2.5\spring-boot-3.2.5.jar;C:\Users\27820\.m2\repository\org\springframework\boot\spring-boot-autoconfigure\3.2.5\spring-boot-autoconfigure-3.2.5.jar;C:\Users\27820\.m2\repository\org\springframework\boot\spring-boot-starter-logging\3.2.5\spring-boot-starter-logging-3.2.5.jar;C:\Users\27820\.m2\repository\ch\qos\logback\logback-classic\1.4.14\logback-classic-1.4.14.jar;C:\Users\27820\.m2\repository\ch\qos\logback\logback-core\1.4.14\logback-core-1.4.14.jar;C:\Users\27820\.m2\repository\org\apache\logging\log4j\log4j-to-slf4j\2.21.1\log4j-to-slf4j-2.21.1.jar;C:\Users\27820\.m2\repository\org\apache\logging\log4j\log4j-api\2.21.1\log4j-api-2.21.1.jar;C:\Users\27820\.m2\repository\org\slf4j\jul-to-slf4j\2.0.13\jul-to-slf4j-2.0.13.jar;C:\Users\27820\.m2\repository\jakarta\annotation\jakarta.annotation-api\2.1.1\jakarta.annotation-api-2.1.1.jar;C:\Users\27820\.m2\repository\org\yaml\snakeyaml\2.2\snakeyaml-2.2.jar;C:\Users\27820\.m2\repository\org\springframework\boot\spring-boot-test\3.2.5\spring-boot-test-3.2.5.jar;C:\Users\27820\.m2\repository\org\springframework\boot\spring-boot-test-autoconfigure\3.2.5\spring-boot-test-autoconfigure-3.2.5.jar;C:\Users\27820\.m2\repository\com\jayway\jsonpath\json-path\2.9.0\json-path-2.9.0.jar;C:\Users\27820\.m2\repository\org\slf4j\slf4j-api\2.0.13\slf4j-api-2.0.13.jar;C:\Users\27820\.m2\repository\jakarta\xml\bind\jakarta.xml.bind-api\4.0.2\jakarta.xml.bind-api-4.0.2.jar;C:\Users\27820\.m2\repository\jakarta\activation\jakarta.activation-api\2.1.3\jakarta.activation-api-2.1.3.jar;C:\Users\27820\.m2\repository\net\minidev\json-smart\2.5.1\json-smart-2.5.1.jar;C:\Users\27820\.m2\repository\net\minidev\accessors-smart\2.5.1\accessors-smart-2.5.1.jar;C:\Users\27820\.m2\repository\org\ow2\asm\asm\9.6\asm-9.6.jar;C:\Users\27820\.m2\repository\org\assertj\assertj-core\3.24.2\assertj-core-3.24.2.jar;C:\Users\27820\.m2\repository\net\bytebuddy\byte-buddy\1.14.13\byte-buddy-1.14.13.jar;C:\Users\27820\.m2\repository\org\awaitility\awaitility\4.2.1\awaitility-4.2.1.jar;C:\Users\27820\.m2\repository\org\hamcrest\hamcrest\2.2\hamcrest-2.2.jar;C:\Users\27820\.m2\repository\org\junit\jupiter\junit-jupiter\5.10.2\junit-jupiter-5.10.2.jar;C:\Users\27820\.m2\repository\org\junit\jupiter\junit-jupiter-api\5.10.2\junit-jupiter-api-5.10.2.jar;C:\Users\27820\.m2\repository\org\opentest4j\opentest4j\1.3.0\opentest4j-1.3.0.jar;C:\Users\27820\.m2\repository\org\junit\platform\junit-platform-commons\1.10.2\junit-platform-commons-1.10.2.jar;C:\Users\27820\.m2\repository\org\apiguardian\apiguardian-api\1.1.2\apiguardian-api-1.1.2.jar;C:\Users\27820\.m2\repository\org\junit\jupiter\junit-jupiter-params\5.10.2\junit-jupiter-params-5.10.2.jar;C:\Users\27820\.m2\repository\org\junit\jupiter\junit-jupiter-engine\5.10.2\junit-jupiter-engine-5.10.2.jar;C:\Users\27820\.m2\repository\org\junit\platform\junit-platform-engine\1.10.2\junit-platform-engine-1.10.2.jar;C:\Users\27820\.m2\repository\org\mockito\mockito-core\5.7.0\mockito-core-5.7.0.jar;C:\Users\27820\.m2\repository\net\bytebuddy\byte-buddy-agent\1.14.13\byte-buddy-agent-1.14.13.jar;C:\Users\27820\.m2\repository\org\objenesis\objenesis\3.3\objenesis-3.3.jar;C:\Users\27820\.m2\repository\org\mockito\mockito-junit-jupiter\5.7.0\mockito-junit-jupiter-5.7.0.jar;C:\Users\27820\.m2\repository\org\skyscreamer\jsonassert\1.5.1\jsonassert-1.5.1.jar;C:\Users\27820\.m2\repository\com\vaadin\external\google\android-json\0.0.20131108.vaadin1\android-json-0.0.20131108.vaadin1.jar;C:\Users\27820\.m2\repository\org\springframework\spring-core\6.1.6\spring-core-6.1.6.jar;C:\Users\27820\.m2\repository\org\springframework\spring-jcl\6.1.6\spring-jcl-6.1.6.jar;C:\Users\27820\.m2\repository\org\springframework\spring-test\6.1.6\spring-test-6.1.6.jar;C:\Users\27820\.m2\repository\org\xmlunit\xmlunit-core\2.9.1\xmlunit-core-2.9.1.jar;C:\Users\27820\.m2\repository\commons-validator\commons-validator\1.9.0\commons-validator-1.9.0.jar;C:\Users\27820\.m2\repository\commons-beanutils\commons-beanutils\1.9.4\commons-beanutils-1.9.4.jar;C:\Users\27820\.m2\repository\commons-digester\commons-digester\2.1\commons-digester-2.1.jar;C:\Users\27820\.m2\repository\commons-logging\commons-logging\1.3.2\commons-logging-1.3.2.jar;C:\Users\27820\.m2\repository\commons-collections\commons-collections\3.2.2\commons-collections-3.2.2.jar;C:\Users\27820\.m2\repository\org\springframework\boot\spring-boot-starter-web\3.2.5\spring-boot-starter-web-3.2.5.jar;C:\Users\27820\.m2\repository\org\springframework\boot\spring-boot-starter-json\3.2.5\spring-boot-starter-json-3.2.5.jar;C:\Users\27820\.m2\repository\com\fasterxml\jackson\core\jackson-databind\2.15.4\jackson-databind-2.15.4.jar;C:\Users\27820\.m2\repository\com\fasterxml\jackson\core\jackson-annotations\2.15.4\jackson-annotations-2.15.4.jar;C:\Users\27820\.m2\repository\com\fasterxml\jackson\core\jackson-core\2.15.4\jackson-core-2.15.4.jar;C:\Users\27820\.m2\repository\com\fasterxml\jackson\datatype\jackson-datatype-jdk8\2.15.4\jackson-datatype-jdk8-2.15.4.jar;C:\Users\27820\.m2\repository\com\fasterxml\jackson\datatype\jackson-datatype-jsr310\2.15.4\jackson-datatype-jsr310-2.15.4.jar;C:\Users\27820\.m2\repository\com\fasterxml\jackson\module\jackson-module-parameter-names\2.15.4\jackson-module-parameter-names-2.15.4.jar;C:\Users\27820\.m2\repository\org\springframework\boot\spring-boot-starter-tomcat\3.2.5\spring-boot-starter-tomcat-3.2.5.jar;C:\Users\27820\.m2\repository\org\apache\tomcat\embed\tomcat-embed-core\10.1.20\tomcat-embed-core-10.1.20.jar;C:\Users\27820\.m2\repository\org\apache\tomcat\embed\tomcat-embed-el\10.1.20\tomcat-embed-el-10.1.20.jar;C:\Users\27820\.m2\repository\org\apache\tomcat\embed\tomcat-embed-websocket\10.1.20\tomcat-embed-websocket-10.1.20.jar;C:\Users\27820\.m2\repository\org\springframework\spring-web\6.1.6\spring-web-6.1.6.jar;C:\Users\27820\.m2\repository\org\springframework\spring-beans\6.1.6\spring-beans-6.1.6.jar;C:\Users\27820\.m2\repository\io\micrometer\micrometer-observation\1.12.5\micrometer-observation-1.12.5.jar;C:\Users\27820\.m2\repository\io\micrometer\micrometer-commons\1.12.5\micrometer-commons-1.12.5.jar;C:\Users\27820\.m2\repository\org\springframework\spring-webmvc\6.1.6\spring-webmvc-6.1.6.jar;C:\Users\27820\.m2\repository\org\springframework\spring-aop\6.1.6\spring-aop-6.1.6.jar;C:\Users\27820\.m2\repository\org\springframework\spring-context\6.1.6\spring-context-6.1.6.jar;C:\Users\27820\.m2\repository\org\springframework\spring-expression\6.1.6\spring-expression-6.1.6.jar;C:\Users\27820\.m2\repository\org\springframework\boot\spring-boot-starter-data-jpa\3.2.5\spring-boot-starter-data-jpa-3.2.5.jar;C:\Users\27820\.m2\repository\org\springframework\boot\spring-boot-starter-aop\3.2.5\spring-boot-starter-aop-3.2.5.jar;C:\Users\27820\.m2\repository\org\aspectj\aspectjweaver\1.9.22\aspectjweaver-1.9.22.jar;C:\Users\27820\.m2\repository\org\springframework\boot\spring-boot-starter-jdbc\3.2.5\spring-boot-starter-jdbc-3.2.5.jar;C:\Users\27820\.m2\repository\com\zaxxer\HikariCP\5.0.1\HikariCP-5.0.1.jar;C:\Users\27820\.m2\repository\org\springframework\spring-jdbc\6.1.6\spring-jdbc-6.1.6.jar;C:\Users\27820\.m2\repository\org\hibernate\orm\hibernate-core\6.4.4.Final\hibernate-core-6.4.4.Final.jar;C:\Users\27820\.m2\repository\jakarta\persistence\jakarta.persistence-api\3.1.0\jakarta.persistence-api-3.1.0.jar;C:\Users\27820\.m2\repository\jakarta\transaction\jakarta.transaction-api\2.0.1\jakarta.transaction-api-2.0.1.jar;C:\Users\27820\.m2\repository\org\jboss\logging\jboss-logging\3.5.3.Final\jboss-logging-3.5.3.Final.jar;C:\Users\27820\.m2\repository\org\hibernate\common\hibernate-commons-annotations\6.0.6.Final\hibernate-commons-annotations-6.0.6.Final.jar;C:\Users\27820\.m2\repository\io\smallrye\jandex\3.1.2\jandex-3.1.2.jar;C:\Users\27820\.m2\repository\com\fasterxml\classmate\1.6.0\classmate-1.6.0.jar;C:\Users\27820\.m2\repository\org\glassfish\jaxb\jaxb-runtime\4.0.5\jaxb-runtime-4.0.5.jar;C:\Users\27820\.m2\repository\org\glassfish\jaxb\jaxb-core\4.0.5\jaxb-core-4.0.5.jar;C:\Users\27820\.m2\repository\org\eclipse\angus\angus-activation\2.0.2\angus-activation-2.0.2.jar;C:\Users\27820\.m2\repository\org\glassfish\jaxb\txw2\4.0.5\txw2-4.0.5.jar;C:\Users\27820\.m2\repository\com\sun\istack\istack-commons-runtime\4.1.2\istack-commons-runtime-4.1.2.jar;C:\Users\27820\.m2\repository\jakarta\inject\jakarta.inject-api\2.0.1\jakarta.inject-api-2.0.1.jar;C:\Users\27820\.m2\repository\org\antlr\antlr4-runtime\4.13.0\antlr4-runtime-4.13.0.jar;C:\Users\27820\.m2\repository\org\springframework\data\spring-data-jpa\3.2.5\spring-data-jpa-3.2.5.jar;C:\Users\27820\.m2\repository\org\springframework\data\spring-data-commons\3.2.5\spring-data-commons-3.2.5.jar;C:\Users\27820\.m2\repository\org\springframework\spring-orm\6.1.6\spring-orm-6.1.6.jar;C:\Users\27820\.m2\repository\org\springframework\spring-tx\6.1.6\spring-tx-6.1.6.jar;C:\Users\27820\.m2\repository\org\springframework\spring-aspects\6.1.6\spring-aspects-6.1.6.jar;C:\Users\27820\.m2\repository\com\mysql\mysql-connector-j\9.2.0\mysql-connector-j-9.2.0.jar
Launcher Type: SUN_STANDARD

[Global flags]
     intx CICompilerCount                          = 2                                         {product} {ergonomic}
     uint ConcGCThreads                            = 1                                         {product} {ergonomic}
     uint G1ConcRefinementThreads                  = 2                                         {product} {ergonomic}
   size_t G1HeapRegionSize                         = 1048576                                   {product} {ergonomic}
    uintx GCDrainStackTargetSize                   = 64                                        {product} {ergonomic}
   size_t InitialHeapSize                          = 65011712                                  {product} {ergonomic}
   size_t MarkStackSize                            = 4194304                                   {product} {ergonomic}
   size_t MaxHeapSize                              = 1027604480                                {product} {ergonomic}
   size_t MaxNewSize                               = 616562688                                 {product} {ergonomic}
   size_t MinHeapDeltaBytes                        = 1048576                                   {product} {ergonomic}
   size_t MinHeapSize                              = 8388608                                   {product} {ergonomic}
    uintx NonNMethodCodeHeapSize                   = 5826188                                {pd product} {ergonomic}
    uintx NonProfiledCodeHeapSize                  = 122916026                              {pd product} {ergonomic}
    uintx ProfiledCodeHeapSize                     = 122916026                              {pd product} {ergonomic}
    uintx ReservedCodeCacheSize                    = 251658240                              {pd product} {ergonomic}
     bool SegmentedCodeCache                       = true                                      {product} {ergonomic}
   size_t SoftMaxHeapSize                          = 1027604480                             {manageable} {ergonomic}
     bool UseCompressedOops                        = true                           {product lp64_product} {ergonomic}
     bool UseG1GC                                  = true                                      {product} {ergonomic}
     bool UseLargePagesIndividualAllocation        = false                                  {pd product} {ergonomic}

Logging:
Log output configuration:
 #0: stdout all=warning uptime,level,tags foldmultilines=false
 #1: stderr all=off uptime,level,tags foldmultilines=false

Environment Variables:
JAVA_HOME=C:\Program Files\Java\jdk-22
PATH=C:\Program Files\Common Files\Oracle\Java\javapath;C:\WINDOWS\system32;C:\WINDOWS;C:\WINDOWS\System32\Wbem;C:\WINDOWS\System32\WindowsPowerShell\v1.0\;C:\WINDOWS\System32\OpenSSH\;C:\Program Files\Java\jdk-22\bin;C:\Program Files\Git\cmd;C:\ProgramData\chocolatey\bin;C:\Program Files\apache-maven-3.9.8\bin;C:\Program Files\Java\jdk-22\bin;C:\Users\27820\Desktop\sqlite;C:\sqlite3;C:\Program Files\Java\jdk-21\bin;C:\Program Files\Java\jdk-23\bin;C:\Program Files\dotnet;C:\Program Files\dotnet\;C:\Program Files\nodejs\;C:\Users\27820\AppData\Local\Programs\Python\Python310\;C:\Users\27820\AppData\Local\Programs\Python\Python310\Scripts\;C:\Program Files (x86)\dotnet\;C:\Program Files\Microsoft SQL Server\150\Tools\Binn\;C:\Program Files\Microsoft SQL Server\Client SDK\ODBC\170\Tools\Binn\;C:\Users\27820\AppData\Local\Programs\Python\Python313\Scripts\;C:\Users\27820\AppData\Local\Programs\Python\Python313\;C:\Users\27820\AppData\Local\Programs\Python\Launcher\;C:\Users\27820\AppData\Local\Microsoft\WindowsApps;C:\Users\27820\AppData\Local\Programs\Microsoft VS Code\bin;C:\Program Files\JetBrains\IntelliJ IDEA 2024.3.2.2\bin;;C:\Users\27820\.dotnet\tools;C:\Users\27820\AppData\Local\GitHubDesktop\bin;C:\Users\27820\AppData\Roaming\npm
USERNAME=27820
OS=Windows_NT
PROCESSOR_IDENTIFIER=Intel64 Family 6 Model 122 Stepping 8, GenuineIntel
TMP=C:\Users\27820\AppData\Local\Temp
TEMP=C:\Users\27820\AppData\Local\Temp




Periodic native trim disabled

---------------  S Y S T E M  ---------------

OS:
 Windows 11 , 64 bit Build 26100 (10.0.26100.4768)
OS uptime: 0 days 19:00 hours

CPU: total 2 (initial active 2) (2 cores per cpu, 1 threads per core) family 6 model 122 stepping 8 microcode 0x1c, cx8, cmov, fxsr, mmx, 3dnowpref, sse, sse2, sse3, ssse3, sse4.1, sse4.2, popcnt, tsc, tscinvbit, aes, erms, clmul, sha, clflush, clflushopt, rdtscp, rdpid
Processor Information for all 2 processors :
  Max Mhz: 1101, Current Mhz: 1101, Mhz Limit: 1101

Memory: 4k page, system-wide physical 3918M (392M free)
TotalPageFile size 15694M (AvailPageFile size 4M)
current process WorkingSet (physical memory assigned to process): 171M, peak: 171M
current process commit charge ("private bytes"): 198M, peak: 199M

vm_info: Java HotSpot(TM) 64-Bit Server VM (21.0.6+8-LTS-188) for windows-amd64 JRE (21.0.6+8-LTS-188), built on 2024-12-03T10:50:54Z by "mach5one" with MS VC++ 17.6 (VS2022)

END.
